ARM GAS  C:\Users\GKQ\AppData\Local\Temp\ccNdoaYh.s 			page 1


   1              		.cpu cortex-m3
   2              		.eabi_attribute 20, 1
   3              		.eabi_attribute 21, 1
   4              		.eabi_attribute 23, 3
   5              		.eabi_attribute 24, 1
   6              		.eabi_attribute 25, 1
   7              		.eabi_attribute 26, 1
   8              		.eabi_attribute 30, 1
   9              		.eabi_attribute 34, 1
  10              		.eabi_attribute 18, 4
  11              		.file	"main.c"
  12              		.text
  13              	.Ltext0:
  14              		.cfi_sections	.debug_frame
  15              		.section	.text.SystemClock_Config,"ax",%progbits
  16              		.align	1
  17              		.global	SystemClock_Config
  18              		.arch armv7-m
  19              		.syntax unified
  20              		.thumb
  21              		.thumb_func
  22              		.fpu softvfp
  24              	SystemClock_Config:
  25              	.LFB66:
  26              		.file 1 "Core/Src/main.c"
   1:Core/Src/main.c **** /* USER CODE BEGIN Header */
   2:Core/Src/main.c **** /**
   3:Core/Src/main.c ****   ******************************************************************************
   4:Core/Src/main.c ****   * @file           : main.c
   5:Core/Src/main.c ****   * @brief          : Main program body
   6:Core/Src/main.c ****   ******************************************************************************
   7:Core/Src/main.c ****   * @attention
   8:Core/Src/main.c ****   *
   9:Core/Src/main.c ****   * <h2><center>&copy; Copyright (c) 2020 STMicroelectronics.
  10:Core/Src/main.c ****   * All rights reserved.</center></h2>
  11:Core/Src/main.c ****   *
  12:Core/Src/main.c ****   * This software component is licensed by ST under BSD 3-Clause license,
  13:Core/Src/main.c ****   * the "License"; You may not use this file except in compliance with the
  14:Core/Src/main.c ****   * License. You may obtain a copy of the License at:
  15:Core/Src/main.c ****   *                        opensource.org/licenses/BSD-3-Clause
  16:Core/Src/main.c ****   *
  17:Core/Src/main.c ****   ******************************************************************************
  18:Core/Src/main.c ****   */
  19:Core/Src/main.c **** /* USER CODE END Header */
  20:Core/Src/main.c **** 
  21:Core/Src/main.c **** /* Includes ------------------------------------------------------------------*/
  22:Core/Src/main.c **** #include "main.h"
  23:Core/Src/main.c **** #include "i2c.h"
  24:Core/Src/main.c **** #include "tim.h"
  25:Core/Src/main.c **** #include "usart.h"
  26:Core/Src/main.c **** #include "gpio.h"
  27:Core/Src/main.c **** 
  28:Core/Src/main.c **** /* Private includes ----------------------------------------------------------*/
  29:Core/Src/main.c **** /* USER CODE BEGIN Includes */
  30:Core/Src/main.c **** #include "test.h"
  31:Core/Src/main.c **** #include "draw_api.h"
  32:Core/Src/main.c **** #include "oled_debug.h"
ARM GAS  C:\Users\GKQ\AppData\Local\Temp\ccNdoaYh.s 			page 2


  33:Core/Src/main.c **** 
  34:Core/Src/main.c **** #define u8 uint8_t
  35:Core/Src/main.c **** #define u16 uint16_t
  36:Core/Src/main.c **** #define u32 uint32_t
  37:Core/Src/main.c **** /* USER CODE END Includes */
  38:Core/Src/main.c **** 
  39:Core/Src/main.c **** /* Private typedef -----------------------------------------------------------*/
  40:Core/Src/main.c **** /* USER CODE BEGIN PTD */
  41:Core/Src/main.c **** 
  42:Core/Src/main.c **** /* USER CODE END PTD */
  43:Core/Src/main.c **** 
  44:Core/Src/main.c **** /* Private define ------------------------------------------------------------*/
  45:Core/Src/main.c **** /* USER CODE BEGIN PD */
  46:Core/Src/main.c **** /* USER CODE END PD */
  47:Core/Src/main.c **** 
  48:Core/Src/main.c **** /* Private macro -------------------------------------------------------------*/
  49:Core/Src/main.c **** /* USER CODE BEGIN PM */
  50:Core/Src/main.c **** 
  51:Core/Src/main.c **** /* USER CODE END PM */
  52:Core/Src/main.c **** 
  53:Core/Src/main.c **** /* Private variables ---------------------------------------------------------*/
  54:Core/Src/main.c **** 
  55:Core/Src/main.c **** /* USER CODE BEGIN PV */
  56:Core/Src/main.c **** 
  57:Core/Src/main.c **** /* USER CODE END PV */
  58:Core/Src/main.c **** 
  59:Core/Src/main.c **** /* Private function prototypes -----------------------------------------------*/
  60:Core/Src/main.c **** void SystemClock_Config(void);
  61:Core/Src/main.c **** /* USER CODE BEGIN PFP */
  62:Core/Src/main.c **** 
  63:Core/Src/main.c **** /* USER CODE END PFP */
  64:Core/Src/main.c **** 
  65:Core/Src/main.c **** /* Private user code ---------------------------------------------------------*/
  66:Core/Src/main.c **** /* USER CODE BEGIN 0 */
  67:Core/Src/main.c **** 
  68:Core/Src/main.c **** /* USER CODE END 0 */
  69:Core/Src/main.c **** 
  70:Core/Src/main.c **** /**
  71:Core/Src/main.c ****   * @brief  The application entry point.
  72:Core/Src/main.c ****   * @retval int
  73:Core/Src/main.c ****   */
  74:Core/Src/main.c **** int main(void)
  75:Core/Src/main.c **** {
  76:Core/Src/main.c ****     /* USER CODE BEGIN 1 */
  77:Core/Src/main.c ****     uint8_t count = 1;
  78:Core/Src/main.c ****     /* USER CODE END 1 */
  79:Core/Src/main.c **** 
  80:Core/Src/main.c ****     /* MCU Configuration--------------------------------------------------------*/
  81:Core/Src/main.c **** 
  82:Core/Src/main.c ****     /* Reset of all peripherals, Initializes the Flash interface and the Systick. */
  83:Core/Src/main.c ****     HAL_Init();
  84:Core/Src/main.c **** 
  85:Core/Src/main.c ****     /* USER CODE BEGIN Init */
  86:Core/Src/main.c **** 
  87:Core/Src/main.c ****     /* USER CODE END Init */
  88:Core/Src/main.c **** 
  89:Core/Src/main.c ****     /* Configure the system clock */
ARM GAS  C:\Users\GKQ\AppData\Local\Temp\ccNdoaYh.s 			page 3


  90:Core/Src/main.c ****     SystemClock_Config();
  91:Core/Src/main.c **** 
  92:Core/Src/main.c ****     /* USER CODE BEGIN SysInit */
  93:Core/Src/main.c **** 
  94:Core/Src/main.c ****     /* USER CODE END SysInit */
  95:Core/Src/main.c **** 
  96:Core/Src/main.c ****     /* Initialize all configured peripherals */
  97:Core/Src/main.c ****     MX_GPIO_Init();
  98:Core/Src/main.c ****     MX_I2C1_Init();
  99:Core/Src/main.c ****     MX_TIM6_Init();
 100:Core/Src/main.c ****     MX_USART1_UART_Init();
 101:Core/Src/main.c ****     /* USER CODE BEGIN 2 */
 102:Core/Src/main.c ****     InitGraph();
 103:Core/Src/main.c ****     if (HAL_TIM_Base_Start_IT(&htim6) != HAL_OK)
 104:Core/Src/main.c ****     {
 105:Core/Src/main.c ****         Error_Handler();
 106:Core/Src/main.c ****     }
 107:Core/Src/main.c ****     else
 108:Core/Src/main.c ****     {
 109:Core/Src/main.c ****         //OledPrintf("tim6 is ok\r\n");
 110:Core/Src/main.c ****     }
 111:Core/Src/main.c ****     //demo();
 112:Core/Src/main.c ****     /* USER CODE END 2 */
 113:Core/Src/main.c **** 
 114:Core/Src/main.c ****     /* Infinite loop */
 115:Core/Src/main.c ****     /* USER CODE BEGIN WHILE */
 116:Core/Src/main.c ****     while (1)
 117:Core/Src/main.c ****     {
 118:Core/Src/main.c ****         /* USER CODE END WHILE */
 119:Core/Src/main.c **** 
 120:Core/Src/main.c ****         /* USER CODE BEGIN 3 */
 121:Core/Src/main.c ****         OledPrintf("count:%d\r\n", count++);
 122:Core/Src/main.c ****         HAL_Delay(1000);
 123:Core/Src/main.c ****         if(count == 100)
 124:Core/Src/main.c ****         {
 125:Core/Src/main.c ****             count = 0;
 126:Core/Src/main.c ****         }
 127:Core/Src/main.c ****     }
 128:Core/Src/main.c ****     /* USER CODE END 3 */
 129:Core/Src/main.c **** }
 130:Core/Src/main.c **** 
 131:Core/Src/main.c **** /**
 132:Core/Src/main.c ****   * @brief System Clock Configuration
 133:Core/Src/main.c ****   * @retval None
 134:Core/Src/main.c ****   */
 135:Core/Src/main.c **** void SystemClock_Config(void)
 136:Core/Src/main.c **** {
  27              		.loc 1 136 1 view -0
  28              		.cfi_startproc
  29              		@ args = 0, pretend = 0, frame = 64
  30              		@ frame_needed = 0, uses_anonymous_args = 0
  31 0000 30B5     		push	{r4, r5, lr}
  32              	.LCFI0:
  33              		.cfi_def_cfa_offset 12
  34              		.cfi_offset 4, -12
  35              		.cfi_offset 5, -8
  36              		.cfi_offset 14, -4
ARM GAS  C:\Users\GKQ\AppData\Local\Temp\ccNdoaYh.s 			page 4


  37 0002 91B0     		sub	sp, sp, #68
  38              	.LCFI1:
  39              		.cfi_def_cfa_offset 80
 137:Core/Src/main.c ****     RCC_OscInitTypeDef RCC_OscInitStruct = {0};
  40              		.loc 1 137 5 view .LVU1
  41              		.loc 1 137 24 is_stmt 0 view .LVU2
  42 0004 0024     		movs	r4, #0
  43 0006 0994     		str	r4, [sp, #36]
  44 0008 0B94     		str	r4, [sp, #44]
  45 000a 0C94     		str	r4, [sp, #48]
 138:Core/Src/main.c ****     RCC_ClkInitTypeDef RCC_ClkInitStruct = {0};
  46              		.loc 1 138 5 is_stmt 1 view .LVU3
  47              		.loc 1 138 24 is_stmt 0 view .LVU4
  48 000c 0194     		str	r4, [sp, #4]
  49 000e 0294     		str	r4, [sp, #8]
  50 0010 0394     		str	r4, [sp, #12]
  51 0012 0494     		str	r4, [sp, #16]
  52 0014 0594     		str	r4, [sp, #20]
 139:Core/Src/main.c **** 
 140:Core/Src/main.c ****     /** Initializes the CPU, AHB and APB busses clocks
 141:Core/Src/main.c ****   */
 142:Core/Src/main.c ****     RCC_OscInitStruct.OscillatorType = RCC_OSCILLATORTYPE_HSE;
  53              		.loc 1 142 5 is_stmt 1 view .LVU5
  54              		.loc 1 142 38 is_stmt 0 view .LVU6
  55 0016 0122     		movs	r2, #1
  56 0018 0692     		str	r2, [sp, #24]
 143:Core/Src/main.c ****     RCC_OscInitStruct.HSEState = RCC_HSE_ON;
  57              		.loc 1 143 5 is_stmt 1 view .LVU7
  58              		.loc 1 143 32 is_stmt 0 view .LVU8
  59 001a 4FF48033 		mov	r3, #65536
  60 001e 0793     		str	r3, [sp, #28]
 144:Core/Src/main.c ****     RCC_OscInitStruct.HSEPredivValue = RCC_HSE_PREDIV_DIV1;
  61              		.loc 1 144 5 is_stmt 1 view .LVU9
  62              		.loc 1 144 38 is_stmt 0 view .LVU10
  63 0020 0894     		str	r4, [sp, #32]
 145:Core/Src/main.c ****     RCC_OscInitStruct.HSIState = RCC_HSI_ON;
  64              		.loc 1 145 5 is_stmt 1 view .LVU11
  65              		.loc 1 145 32 is_stmt 0 view .LVU12
  66 0022 0A92     		str	r2, [sp, #40]
 146:Core/Src/main.c ****     RCC_OscInitStruct.PLL.PLLState = RCC_PLL_ON;
  67              		.loc 1 146 5 is_stmt 1 view .LVU13
  68              		.loc 1 146 36 is_stmt 0 view .LVU14
  69 0024 0225     		movs	r5, #2
  70 0026 0D95     		str	r5, [sp, #52]
 147:Core/Src/main.c ****     RCC_OscInitStruct.PLL.PLLSource = RCC_PLLSOURCE_HSE;
  71              		.loc 1 147 5 is_stmt 1 view .LVU15
  72              		.loc 1 147 37 is_stmt 0 view .LVU16
  73 0028 0E93     		str	r3, [sp, #56]
 148:Core/Src/main.c ****     RCC_OscInitStruct.PLL.PLLMUL = RCC_PLL_MUL9;
  74              		.loc 1 148 5 is_stmt 1 view .LVU17
  75              		.loc 1 148 34 is_stmt 0 view .LVU18
  76 002a 4FF4E013 		mov	r3, #1835008
  77 002e 0F93     		str	r3, [sp, #60]
 149:Core/Src/main.c ****     if (HAL_RCC_OscConfig(&RCC_OscInitStruct) != HAL_OK)
  78              		.loc 1 149 5 is_stmt 1 view .LVU19
  79              		.loc 1 149 9 is_stmt 0 view .LVU20
  80 0030 06A8     		add	r0, sp, #24
ARM GAS  C:\Users\GKQ\AppData\Local\Temp\ccNdoaYh.s 			page 5


  81 0032 FFF7FEFF 		bl	HAL_RCC_OscConfig
  82              	.LVL0:
 150:Core/Src/main.c ****     {
 151:Core/Src/main.c ****         Error_Handler();
 152:Core/Src/main.c ****     }
 153:Core/Src/main.c ****     /** Initializes the CPU, AHB and APB busses clocks
 154:Core/Src/main.c ****   */
 155:Core/Src/main.c ****     RCC_ClkInitStruct.ClockType = RCC_CLOCKTYPE_HCLK | RCC_CLOCKTYPE_SYSCLK | RCC_CLOCKTYPE_PCLK1 |
  83              		.loc 1 155 5 is_stmt 1 view .LVU21
  84              		.loc 1 155 33 is_stmt 0 view .LVU22
  85 0036 0F23     		movs	r3, #15
  86 0038 0193     		str	r3, [sp, #4]
 156:Core/Src/main.c ****     RCC_ClkInitStruct.SYSCLKSource = RCC_SYSCLKSOURCE_PLLCLK;
  87              		.loc 1 156 5 is_stmt 1 view .LVU23
  88              		.loc 1 156 36 is_stmt 0 view .LVU24
  89 003a 0295     		str	r5, [sp, #8]
 157:Core/Src/main.c ****     RCC_ClkInitStruct.AHBCLKDivider = RCC_SYSCLK_DIV1;
  90              		.loc 1 157 5 is_stmt 1 view .LVU25
  91              		.loc 1 157 37 is_stmt 0 view .LVU26
  92 003c 0394     		str	r4, [sp, #12]
 158:Core/Src/main.c ****     RCC_ClkInitStruct.APB1CLKDivider = RCC_HCLK_DIV2;
  93              		.loc 1 158 5 is_stmt 1 view .LVU27
  94              		.loc 1 158 38 is_stmt 0 view .LVU28
  95 003e 4FF48063 		mov	r3, #1024
  96 0042 0493     		str	r3, [sp, #16]
 159:Core/Src/main.c ****     RCC_ClkInitStruct.APB2CLKDivider = RCC_HCLK_DIV1;
  97              		.loc 1 159 5 is_stmt 1 view .LVU29
  98              		.loc 1 159 38 is_stmt 0 view .LVU30
  99 0044 0594     		str	r4, [sp, #20]
 160:Core/Src/main.c **** 
 161:Core/Src/main.c ****     if (HAL_RCC_ClockConfig(&RCC_ClkInitStruct, FLASH_LATENCY_2) != HAL_OK)
 100              		.loc 1 161 5 is_stmt 1 view .LVU31
 101              		.loc 1 161 9 is_stmt 0 view .LVU32
 102 0046 2946     		mov	r1, r5
 103 0048 01A8     		add	r0, sp, #4
 104 004a FFF7FEFF 		bl	HAL_RCC_ClockConfig
 105              	.LVL1:
 162:Core/Src/main.c ****     {
 163:Core/Src/main.c ****         Error_Handler();
 164:Core/Src/main.c ****     }
 165:Core/Src/main.c **** }
 106              		.loc 1 165 1 view .LVU33
 107 004e 11B0     		add	sp, sp, #68
 108              	.LCFI2:
 109              		.cfi_def_cfa_offset 12
 110              		@ sp needed
 111 0050 30BD     		pop	{r4, r5, pc}
 112              		.cfi_endproc
 113              	.LFE66:
 115              		.section	.rodata.main.str1.4,"aMS",%progbits,1
 116              		.align	2
 117              	.LC0:
 118 0000 636F756E 		.ascii	"count:%d\015\012\000"
 118      743A2564 
 118      0D0A00
 119              		.section	.text.main,"ax",%progbits
 120              		.align	1
ARM GAS  C:\Users\GKQ\AppData\Local\Temp\ccNdoaYh.s 			page 6


 121              		.global	main
 122              		.syntax unified
 123              		.thumb
 124              		.thumb_func
 125              		.fpu softvfp
 127              	main:
 128              	.LFB65:
  75:Core/Src/main.c ****     /* USER CODE BEGIN 1 */
 129              		.loc 1 75 1 is_stmt 1 view -0
 130              		.cfi_startproc
 131              		@ args = 0, pretend = 0, frame = 0
 132              		@ frame_needed = 0, uses_anonymous_args = 0
 133 0000 10B5     		push	{r4, lr}
 134              	.LCFI3:
 135              		.cfi_def_cfa_offset 8
 136              		.cfi_offset 4, -8
 137              		.cfi_offset 14, -4
  77:Core/Src/main.c ****     /* USER CODE END 1 */
 138              		.loc 1 77 5 view .LVU35
 139              	.LVL2:
  83:Core/Src/main.c **** 
 140              		.loc 1 83 5 view .LVU36
 141 0002 FFF7FEFF 		bl	HAL_Init
 142              	.LVL3:
  90:Core/Src/main.c **** 
 143              		.loc 1 90 5 view .LVU37
 144 0006 FFF7FEFF 		bl	SystemClock_Config
 145              	.LVL4:
  97:Core/Src/main.c ****     MX_I2C1_Init();
 146              		.loc 1 97 5 view .LVU38
 147 000a FFF7FEFF 		bl	MX_GPIO_Init
 148              	.LVL5:
  98:Core/Src/main.c ****     MX_TIM6_Init();
 149              		.loc 1 98 5 view .LVU39
 150 000e FFF7FEFF 		bl	MX_I2C1_Init
 151              	.LVL6:
  99:Core/Src/main.c ****     MX_USART1_UART_Init();
 152              		.loc 1 99 5 view .LVU40
 153 0012 FFF7FEFF 		bl	MX_TIM6_Init
 154              	.LVL7:
 100:Core/Src/main.c ****     /* USER CODE BEGIN 2 */
 155              		.loc 1 100 5 view .LVU41
 156 0016 FFF7FEFF 		bl	MX_USART1_UART_Init
 157              	.LVL8:
 102:Core/Src/main.c ****     if (HAL_TIM_Base_Start_IT(&htim6) != HAL_OK)
 158              		.loc 1 102 5 view .LVU42
 159 001a FFF7FEFF 		bl	InitGraph
 160              	.LVL9:
 103:Core/Src/main.c ****     {
 161              		.loc 1 103 5 view .LVU43
 103:Core/Src/main.c ****     {
 162              		.loc 1 103 9 is_stmt 0 view .LVU44
 163 001e 0948     		ldr	r0, .L10
 164 0020 FFF7FEFF 		bl	HAL_TIM_Base_Start_IT
 165              	.LVL10:
 166 0024 0121     		movs	r1, #1
 167 0026 00E0     		b	.L4
ARM GAS  C:\Users\GKQ\AppData\Local\Temp\ccNdoaYh.s 			page 7


 168              	.LVL11:
 169              	.L8:
 121:Core/Src/main.c ****         HAL_Delay(1000);
 170              		.loc 1 121 41 view .LVU45
 171 0028 2146     		mov	r1, r4
 172              	.LVL12:
 173              	.L4:
 110:Core/Src/main.c ****     //demo();
 174              		.loc 1 110 5 is_stmt 1 view .LVU46
 116:Core/Src/main.c ****     {
 175              		.loc 1 116 5 view .LVU47
 121:Core/Src/main.c ****         HAL_Delay(1000);
 176              		.loc 1 121 9 view .LVU48
 121:Core/Src/main.c ****         HAL_Delay(1000);
 177              		.loc 1 121 41 is_stmt 0 view .LVU49
 178 002a 4C1C     		adds	r4, r1, #1
 179 002c E4B2     		uxtb	r4, r4
 180              	.LVL13:
 121:Core/Src/main.c ****         HAL_Delay(1000);
 181              		.loc 1 121 9 view .LVU50
 182 002e 0648     		ldr	r0, .L10+4
 183 0030 FFF7FEFF 		bl	OledPrintf
 184              	.LVL14:
 122:Core/Src/main.c ****         if(count == 100)
 185              		.loc 1 122 9 is_stmt 1 view .LVU51
 186 0034 4FF47A70 		mov	r0, #1000
 187 0038 FFF7FEFF 		bl	HAL_Delay
 188              	.LVL15:
 123:Core/Src/main.c ****         {
 189              		.loc 1 123 9 view .LVU52
 123:Core/Src/main.c ****         {
 190              		.loc 1 123 11 is_stmt 0 view .LVU53
 191 003c 642C     		cmp	r4, #100
 192 003e F3D1     		bne	.L8
 125:Core/Src/main.c ****         }
 193              		.loc 1 125 19 view .LVU54
 194 0040 0021     		movs	r1, #0
 195              	.LVL16:
 125:Core/Src/main.c ****         }
 196              		.loc 1 125 19 view .LVU55
 197 0042 F2E7     		b	.L4
 198              	.L11:
 199              		.align	2
 200              	.L10:
 201 0044 00000000 		.word	htim6
 202 0048 00000000 		.word	.LC0
 203              		.cfi_endproc
 204              	.LFE65:
 206              		.section	.text.Error_Handler,"ax",%progbits
 207              		.align	1
 208              		.global	Error_Handler
 209              		.syntax unified
 210              		.thumb
 211              		.thumb_func
 212              		.fpu softvfp
 214              	Error_Handler:
 215              	.LFB67:
ARM GAS  C:\Users\GKQ\AppData\Local\Temp\ccNdoaYh.s 			page 8


 166:Core/Src/main.c **** 
 167:Core/Src/main.c **** /* USER CODE BEGIN 4 */
 168:Core/Src/main.c **** 
 169:Core/Src/main.c **** /* USER CODE END 4 */
 170:Core/Src/main.c **** 
 171:Core/Src/main.c **** /**
 172:Core/Src/main.c ****   * @brief  This function is executed in case of error occurrence.
 173:Core/Src/main.c ****   * @retval None
 174:Core/Src/main.c ****   */
 175:Core/Src/main.c **** void Error_Handler(void)
 176:Core/Src/main.c **** {
 216              		.loc 1 176 1 is_stmt 1 view -0
 217              		.cfi_startproc
 218              		@ args = 0, pretend = 0, frame = 0
 219              		@ frame_needed = 0, uses_anonymous_args = 0
 220              		@ link register save eliminated.
 177:Core/Src/main.c ****     /* USER CODE BEGIN Error_Handler_Debug */
 178:Core/Src/main.c ****     /* User can add his own implementation to report the HAL error return state */
 179:Core/Src/main.c **** 
 180:Core/Src/main.c ****     /* USER CODE END Error_Handler_Debug */
 181:Core/Src/main.c **** }
 221              		.loc 1 181 1 view .LVU57
 222 0000 7047     		bx	lr
 223              		.cfi_endproc
 224              	.LFE67:
 226              		.text
 227              	.Letext0:
 228              		.file 2 "d:\\work_project\\9 2019-q4-major\\arm-none-eabi\\include\\machine\\_default_types.h"
 229              		.file 3 "d:\\work_project\\9 2019-q4-major\\arm-none-eabi\\include\\sys\\_stdint.h"
 230              		.file 4 "Drivers/CMSIS/Include/core_cm3.h"
 231              		.file 5 "Drivers/CMSIS/Device/ST/STM32F1xx/Include/system_stm32f1xx.h"
 232              		.file 6 "Drivers/CMSIS/Device/ST/STM32F1xx/Include/stm32f103xe.h"
 233              		.file 7 "Drivers/STM32F1xx_HAL_Driver/Inc/stm32f1xx_hal_def.h"
 234              		.file 8 "Drivers/STM32F1xx_HAL_Driver/Inc/stm32f1xx_hal_rcc.h"
 235              		.file 9 "Drivers/STM32F1xx_HAL_Driver/Inc/stm32f1xx_hal_rcc_ex.h"
 236              		.file 10 "Drivers/STM32F1xx_HAL_Driver/Inc/stm32f1xx_hal_dma.h"
 237              		.file 11 "Drivers/STM32F1xx_HAL_Driver/Inc/stm32f1xx_hal_i2c.h"
 238              		.file 12 "Drivers/STM32F1xx_HAL_Driver/Inc/stm32f1xx_hal_tim.h"
 239              		.file 13 "Drivers/STM32F1xx_HAL_Driver/Inc/stm32f1xx_hal_uart.h"
 240              		.file 14 "Drivers/STM32F1xx_HAL_Driver/Inc/stm32f1xx_hal.h"
 241              		.file 15 "Core/Inc/i2c.h"
 242              		.file 16 "Core/Inc/tim.h"
 243              		.file 17 "Core/Inc/usart.h"
 244              		.file 18 "oledlib/oled_font.h"
 245              		.file 19 "oledlib/oled_bmp.h"
 246              		.file 20 "Core/Inc/gpio.h"
 247              		.file 21 "oledlib/draw_api.h"
ARM GAS  C:\Users\GKQ\AppData\Local\Temp\ccNdoaYh.s 			page 9


DEFINED SYMBOLS
                            *ABS*:00000000 main.c
C:\Users\GKQ\AppData\Local\Temp\ccNdoaYh.s:16     .text.SystemClock_Config:00000000 $t
C:\Users\GKQ\AppData\Local\Temp\ccNdoaYh.s:24     .text.SystemClock_Config:00000000 SystemClock_Config
C:\Users\GKQ\AppData\Local\Temp\ccNdoaYh.s:116    .rodata.main.str1.4:00000000 $d
C:\Users\GKQ\AppData\Local\Temp\ccNdoaYh.s:120    .text.main:00000000 $t
C:\Users\GKQ\AppData\Local\Temp\ccNdoaYh.s:127    .text.main:00000000 main
C:\Users\GKQ\AppData\Local\Temp\ccNdoaYh.s:201    .text.main:00000044 $d
C:\Users\GKQ\AppData\Local\Temp\ccNdoaYh.s:207    .text.Error_Handler:00000000 $t
C:\Users\GKQ\AppData\Local\Temp\ccNdoaYh.s:214    .text.Error_Handler:00000000 Error_Handler

UNDEFINED SYMBOLS
HAL_RCC_OscConfig
HAL_RCC_ClockConfig
HAL_Init
MX_GPIO_Init
MX_I2C1_Init
MX_TIM6_Init
MX_USART1_UART_Init
InitGraph
HAL_TIM_Base_Start_IT
OledPrintf
HAL_Delay
htim6
