ARM GAS  C:\Users\GKQ\AppData\Local\Temp\ccuXKShh.s 			page 1


   1              		.cpu cortex-m3
   2              		.eabi_attribute 20, 1
   3              		.eabi_attribute 21, 1
   4              		.eabi_attribute 23, 3
   5              		.eabi_attribute 24, 1
   6              		.eabi_attribute 25, 1
   7              		.eabi_attribute 26, 1
   8              		.eabi_attribute 30, 1
   9              		.eabi_attribute 34, 1
  10              		.eabi_attribute 18, 4
  11              		.file	"oled_bmp.c"
  12              		.text
  13              	.Ltext0:
  14              		.cfi_sections	.debug_frame
  15              		.global	TempLogo
  16              		.global	DZTBGZ
  17              		.global	BmpTest3
  18              		.global	BmpTest2
  19              		.global	BmpTest1
  20              		.section	.rodata.BmpTest1,"a"
  21              		.align	2
  24              	BmpTest1:
  25 0000 00000037 		.ascii	"\000\000\0007\315\202\022AA\022\202\3157\000\000\000"
  25      CD821241 
  25      411282CD 
  25      37000000 
  26 0010 000C3249 		.ascii	"\000\0142I\204\215y%%y\215\204I2\014\000"
  26      848D7925 
  26      25798D84 
  26      49320C00 
  27              		.section	.rodata.BmpTest2,"a"
  28              		.align	2
  31              	BmpTest2:
  32 0000 00000000 		.ascii	"\000\000\000\000\000\000\0179\341c\022\016\204\204\004"
  32      00000F39 
  32      E163120E 
  32      848404
  33 000f 06060484 		.ascii	"\006\006\004\204\204\016\022c\3419\017\000\000\000\000"
  33      840E1263 
  33      E1390F00 
  33      000000
  34 001e 00000000 		.ascii	"\000\000\000\000\000\000\000\000\000\200\217p\300\201"
  34      00000000 
  34      00808F70 
  34      C081
  35 002c 9B336058 		.ascii	"\2333`XX`3\033\201\300p\333\200\000\000\000\000\000"
  35      5860331B 
  35      81C070DB 
  35      80000000 
  35      0000
  36 003e 00000000 		.ascii	"\000\000\000\000\360\230\014\006\303\341 ~?\243\347"
  36      F0980C06 
  36      C3E1207E 
  36      3FA3E7
  37 004d 85257E7E 		.ascii	"\205%~~%\205\307\243?~0\341\303\006\014\230\360\000"
  37      2585C7A3 
  37      3F7E30E1 
ARM GAS  C:\Users\GKQ\AppData\Local\Temp\ccuXKShh.s 			page 2


  37      C3060C98 
  37      F000
  38 005f 00000000 		.ascii	"\000\000\000\000\001\001\007?@\274\342\242\334`?   "
  38      0101073F 
  38      40BCE2A2 
  38      DC603F20 
  38      2020
  39 0071 203F60DC 		.ascii	" ?`\334\246\342\276H0\017\001\001\000\000\000"
  39      A6E2BE48 
  39      300F0101 
  39      000000
  40              		.section	.rodata.BmpTest3,"a"
  41              		.align	2
  44              	BmpTest3:
  45 0000 00000000 		.ascii	"\000\000\000\000\000\000\000\000\000\000\000\000>\377"
  45      00000000 
  45      00000000 
  45      3EFF
  46 000e C3030303 		.ascii	"\303\003\003\003\006\006\016\214\334\370xp00\030\030"
  46      06060E8C 
  46      DCF87870 
  46      30301818 
  47 001e 18181818 		.ascii	"\030\030\030\030\030\03000px\370\334\214\016\006\006"
  47      18183030 
  47      7078F8DC 
  47      8C0E0606 
  48 002e 030303C3 		.ascii	"\003\003\003\303\377>\000\000\000\000\000\000\000\000"
  48      FF3E0000 
  48      00000000 
  48      0000
  49 003c 00000000 		.ascii	"\000\000\000\000\000\000\000\000\000\000\000\000\000"
  49      00000000 
  49      00000000 
  49      00
  50 0049 00000000 		.ascii	"\000\000\000\000\000\003\017\234\370x\036\007\003\001"
  50      00030F9C 
  50      F8781E07 
  50      0301
  51 0057 80C0C0C0 		.ascii	"\200\300\300\300\200\000\000\000\000\000\000\000\000"
  51      80000000 
  51      00000000 
  51      00
  52 0064 80C0C0C0 		.ascii	"\200\300\300\300\200\001\003\007\016|\370\234\017\003"
  52      80010307 
  52      0E7CF89C 
  52      0F03
  53 0072 00000000 		.ascii	"\000\000\000\000\000\000\000\000\000\000\000\000\000"
  53      00000000 
  53      00000000 
  53      00
  54 007f 00000000 		.ascii	"\000\000\000\000\000\000\000\000\000\000\000\000\000"
  54      00000000 
  54      00000000 
  54      00
  55 008c 00000000 		.ascii	"\000\000\000\000\177\377\200\000\000\000\000\007\317"
  55      7FFF8000 
  55      00000007 
ARM GAS  C:\Users\GKQ\AppData\Local\Temp\ccuXKShh.s 			page 3


  55      CF
  56 0099 CC0D0703 		.ascii	"\314\015\007\003\000 \340\340 \000\003\007\015\314\317"
  56      0020E0E0 
  56      20000307 
  56      0DCCCF
  57 00a8 07000000 		.ascii	"\007\000\000\000\000\200\337\037\000\000\000\000\000"
  57      0080DF1F 
  57      00000000 
  57      00
  58 00b5 00000000 		.ascii	"\000\000\000\000\000\000\000\000\000\000\000\000\000"
  58      00000000 
  58      00000000 
  58      00
  59 00c2 00000000 		.ascii	"\000\000\000\000\000\000\000\000\000\000\000\000\200"
  59      00000000 
  59      00000000 
  59      80
  60 00cf C0E06337 		.ascii	"\300\340c7\276\370\360\340\300\201\203\007\006\036>"
  60      BEF8F0E0 
  60      C0818307 
  60      061E3E
  61 00de 77636377 		.ascii	"wccw>\036\006\007\203\201\300\340\360\370\274?c\340"
  61      3E1E0607 
  61      8381C0E0 
  61      F0F8BC3F 
  61      63E0
  62 00f0 C0800000 		.ascii	"\300\200\000\000\000\000\000\000\000\000\000\000\000"
  62      00000000 
  62      00000000 
  62      00
  63 00fd 00000000 		.ascii	"\000\000\000\000\000\000\000\000\000\200\300\340p8\034"
  63      00000000 
  63      0080C0E0 
  63      70381C
  64 010c 0E070301 		.ascii	"\016\007\003\001\000\000\000\377\377\003\007\014\035"
  64      000000FF 
  64      FF03070C 
  64      1D
  65 0119 1B333366 		.ascii	"\03333fff\366\366fff33\033\031\015\006\003\377\377\000"
  65      6666F6F6 
  65      66666633 
  65      331B190D 
  65      0603FFFF 
  66 012e 00000103 		.ascii	"\000\000\001\003\007\016\0348p\340\300\200\000\000\000"
  66      070E1C38 
  66      70E0C080 
  66      000000
  67 013d 00000000 		.ascii	"\000\000\000\000\000\000\000~\377\203\001\000\000\000"
  67      0000007E 
  67      FF830100 
  67      0000
  68 014b 00C0F078 		.ascii	"\000\300\360x\374\316\006\006??\006\006\354\374x\360"
  68      FCCE0606 
  68      3F3F0606 
  68      ECFC78F0 
  69 015b C0001C3E 		.ascii	"\300\000\034>77>\034\000\000\340\360x\374\316\006\007"
  69      37373E1C 
ARM GAS  C:\Users\GKQ\AppData\Local\Temp\ccuXKShh.s 			page 4


  69      0000E0F0 
  69      78FCCE06 
  69      07
  70 016c 7F3E0606 		.ascii	"\177>\006\006\354|x\340\200\000\000\000\001\203\377"
  70      EC7C78E0 
  70      80000000 
  70      0183FF
  71 017b 7E000000 		.ascii	"~\000\000\000\000\000\000\000\000\000\000\001\003\003"
  71      00000000 
  71      00000001 
  71      0303
  72 0189 0303FFFF 		.ascii	"\003\003\377\377\000\000\200\360x\014\014\014\034\370"
  72      000080F0 
  72      780C0C0C 
  72      1CF8
  73 0197 F0000083 		.ascii	"\360\000\000\203\377|\000\000\000\000\000\000\000\377"
  73      FF7C0000 
  73      00000000 
  73      00FF
  74 01a5 FF0000C0 		.ascii	"\377\000\000\300\3608\014\014\014\034\370\340\000\000"
  74      F0380C0C 
  74      0C1CF8E0 
  74      0000
  75 01b3 C7FF1703 		.ascii	"\307\377\027\003\003\003\001\001\000\000\000\000\000"
  75      03030101 
  75      00000000 
  75      00
  76 01c0 00000000 		.ascii	"\000\000\000\000\000\000\000\000\000\000\000\000\003"
  76      00000000 
  76      00000000 
  76      03
  77 01cd 0F387067 		.ascii	"\0178pg\317\334\330\330\334\357c8\034\017\007\006\006"
  77      CFDCD8D8 
  77      DCEF6338 
  77      1C0F0706 
  77      06
  78 01de 06060606 		.ascii	"\006\006\006\006\006\004\007\017\0368qg\316\334\330"
  78      0604070F 
  78      1E387167 
  78      CEDCD8
  79 01ed D8CC6F63 		.ascii	"\330\314oc8\036\017\003\000\000\000\000\000\000\000"
  79      381E0F03 
  79      00000000 
  79      000000
  80 01fc 00000000 		.ascii	"\000\000\000\000"
  81              		.section	.rodata.DZTBGZ,"a"
  82              		.align	2
  85              	DZTBGZ:
  86 0000 00000000 		.ascii	"\000\000\000\000\000\000\000\000\000\000\000\000\000"
  86      00000000 
  86      00000000 
  86      00
  87 000d 00000000 		.ascii	"\000\000\000\000\000\000\000\000\000\000\000\000\000"
  87      00000000 
  87      00000000 
  87      00
  88 001a 00000000 		.ascii	"\000\000\000\000\000\000\000\000\000\000\000\000\000"
ARM GAS  C:\Users\GKQ\AppData\Local\Temp\ccuXKShh.s 			page 5


  88      00000000 
  88      00000000 
  88      00
  89 0027 00000000 		.ascii	"\000\000\000\000\000\000\000\000\000\000\000\000\000"
  89      00000000 
  89      00000000 
  89      00
  90 0034 00000000 		.ascii	"\000\000\000\000\000\000\000\000\000\200\200\200\200"
  90      00000000 
  90      00808080 
  90      80
  91 0041 80808000 		.ascii	"\200\200\200\000\000\000\000\000\000\000\000\000\000"
  91      00000000 
  91      00000000 
  91      00
  92 004e 00000000 		.ascii	"\000\000\000\000\000\000\000\000\000\000\000\000\000"
  92      00000000 
  92      00000000 
  92      00
  93 005b 00000000 		.ascii	"\000\000\000\000\000\000\000\000\000\000\000\000\000"
  93      00000000 
  93      00000000 
  93      00
  94 0068 0000E0E0 		.ascii	"\000\000\340\340\300\000\000\000\000\000\000\000\000"
  94      C0000000 
  94      00000000 
  94      00
  95 0075 00000000 		.ascii	"\000\000\000\000\000\000\000\000\000\000\000\000\000"
  95      00000000 
  95      00000000 
  95      00
  96 0082 00000000 		.ascii	"\000\000\000\000\000\000\000\000\200\300\300\300\000"
  96      00000000 
  96      80C0C0C0 
  96      00
  97 008f 0000E0F0 		.ascii	"\000\000\340\360\374\376\377\377\377\300\300\300\300"
  97      FCFEFFFF 
  97      FFC0C0C0 
  97      C0
  98 009c C0C0C0C0 		.ascii	"\300\300\300\300\300\000\000\000\000\000\000\000\000"
  98      C0000000 
  98      00000000 
  98      00
  99 00a9 00000000 		.ascii	"\000\000\000\000\000\000\000\000\000\000\000\000\200"
  99      00000000 
  99      00000000 
  99      80
 100 00b6 E0F8FCFE 		.ascii	"\340\370\374\376\376\347GGG\007\007\007GGG\347\376\376"
 100      FEE74747 
 100      47070707 
 100      474747E7 
 100      FEFE
 101 00c8 FCF8E080 		.ascii	"\374\370\340\200\000\000\000\000\000\000\000\000\000"
 101      00000000 
 101      00000000 
 101      00
 102 00d5 00000000 		.ascii	"\000\000\000\000\000\000\000\000\000\000\000`\340\360"
ARM GAS  C:\Users\GKQ\AppData\Local\Temp\ccuXKShh.s 			page 6


 102      00000000 
 102      00000060 
 102      E0F0
 103 00e3 F0F0F0F0 		.ascii	"\360\360\360\360\370\374\377\377\377\377\377\374\370"
 103      F8FCFFFF 
 103      FFFFFFFC 
 103      F8
 104 00f0 F0F0F0F0 		.ascii	"\360\360\360\360\360\340`\000\000\000\000\000\000\000"
 104      F0E06000 
 104      00000000 
 104      0000
 105 00fe 00000000 		.ascii	"\000\000\000\000\000\000\000\000\000\000\000\000\377"
 105      00000000 
 105      00000000 
 105      FF
 106 010b FFFFFF00 		.ascii	"\377\377\377\000\000\000\377\377\377\377\377\377\377"
 106      0000FFFF 
 106      FFFFFFFF 
 106      FF
 107 0118 FFFFFFFF 		.ascii	"\377\377\377\377\377\377\377\037\003\000\000\000\000"
 107      FFFFFF1F 
 107      03000000 
 107      00
 108 0125 00000000 		.ascii	"\000\000\000\000\000\000\000\000\000\000\000\000\000"
 108      00000000 
 108      00000000 
 108      00
 109 0132 0000003F 		.ascii	"\000\000\000?\377\377\377\377\201\200\300\374\376\000"
 109      FFFFFFFF 
 109      8180C0FC 
 109      FE00
 110 0140 0000FEFC 		.ascii	"\000\000\376\374\300\200\201\377\377\377\377?\000\000"
 110      C08081FF 
 110      FFFFFF3F 
 110      0000
 111 014e 00000000 		.ascii	"\000\000\000\000\000\000\000\000\000\000\000\000\000"
 111      00000000 
 111      00000000 
 111      00
 112 015b 00000000 		.ascii	"\000\000\000\000\000\000\000\001\003\007\377\377\377"
 112      00000001 
 112      0307FFFF 
 112      FF
 113 0168 FFFFFFFF 		.ascii	"\377\377\377\377\377\377\377\377\377\377\007\003\001"
 113      FFFFFFFF 
 113      FFFF0703 
 113      01
 114 0175 00000000 		.ascii	"\000\000\000\000\000\000\000\000\000\000\000\000\000"
 114      00000000 
 114      00000000 
 114      00
 115 0182 00000000 		.ascii	"\000\000\000\000\000\000\000\000\007\017\017\017\000"
 115      00000000 
 115      070F0F0F 
 115      00
 116 018f 00000F0F 		.ascii	"\000\000\017\017\017\017\017\017\017\017\017\017\017"
 116      0F0F0F0F 
ARM GAS  C:\Users\GKQ\AppData\Local\Temp\ccuXKShh.s 			page 7


 116      0F0F0F0F 
 116      0F
 117 019c 0F070000 		.ascii	"\017\007\000\000\000\000\000\000\000\000\000\000\000"
 117      00000000 
 117      00000000 
 117      00
 118 01a9 00000000 		.ascii	"\000\000\000\000\000\000\000\000\000\000\000\000\000"
 118      00000000 
 118      00000000 
 118      00
 119 01b6 0003070F 		.ascii	"\000\003\007\017\017\037\037??<<<??\037\037\017\017"
 119      0F1F1F3F 
 119      3F3C3C3C 
 119      3F3F1F1F 
 119      0F0F
 120 01c8 07030000 		.ascii	"\007\003\000\000\000\000\000\000\000\000\000\000\000"
 120      00000000 
 120      00000000 
 120      00
 121 01d5 00000000 		.ascii	"\000\000\000\000\000\000\000\000\000\000\000\000\000"
 121      00000000 
 121      00000000 
 121      00
 122 01e2 00000F0F 		.ascii	"\000\000\017\017\017\007\007\003\003\001\003\003\003"
 122      0F070703 
 122      03010303 
 122      03
 123 01ef 070F0F0F 		.ascii	"\007\017\017\017\000\000\000\000\000\000\000\000\000"
 123      00000000 
 123      00000000 
 123      00
 124 01fc 00000000 		.ascii	"\000\000\000\000\000\000\000\000\000\000\000\000\000"
 124      00000000 
 124      00000000 
 124      00
 125 0209 00000000 		.ascii	"\000\000\000\000\000\000\000\000\000\000\000\000\000"
 125      00000000 
 125      00000000 
 125      00
 126 0216 00000000 		.ascii	"\000\000\000\000\000\000\000\000\000\000\000\000\000"
 126      00000000 
 126      00000000 
 126      00
 127 0223 00000000 		.ascii	"\000\000\000\000\000\000\000\000\000\000\000\000\000"
 127      00000000 
 127      00000000 
 127      00
 128 0230 00000000 		.ascii	"\000\000\000\000\000\000\000\000\000\000\000\000\000"
 128      00000000 
 128      00000000 
 128      00
 129 023d 00000000 		.ascii	"\000\000\000\000\000\000\000\000\000\000\000\000\000"
 129      00000000 
 129      00000000 
 129      00
 130 024a 00000000 		.ascii	"\000\000\000\000\000\000\000\000\000\000\000\000\000"
 130      00000000 
ARM GAS  C:\Users\GKQ\AppData\Local\Temp\ccuXKShh.s 			page 8


 130      00000000 
 130      00
 131 0257 00000000 		.ascii	"\000\000\000\000\000\000\000\000\000\000\000\000\000"
 131      00000000 
 131      00000000 
 131      00
 132 0264 00000000 		.ascii	"\000\000\000\000\000\000\000\000\000\000\000\000\000"
 132      00000000 
 132      00000000 
 132      00
 133 0271 00000000 		.ascii	"\000\000\000\000\000\000\000\000\000\000\000\000\000"
 133      00000000 
 133      00000000 
 133      00
 134 027e 0000     		.ascii	"\000\000"
 135              		.section	.rodata.TempLogo,"a"
 136              		.align	2
 139              	TempLogo:
 140 0000 00       		.byte	0
 141 0001 00       		.byte	0
 142 0002 00       		.byte	0
 143 0003 00       		.byte	0
 144 0004 00       		.byte	0
 145 0005 00       		.byte	0
 146 0006 00       		.byte	0
 147 0007 00       		.byte	0
 148 0008 00       		.byte	0
 149 0009 00       		.byte	0
 150 000a 00       		.byte	0
 151 000b 00       		.byte	0
 152 000c 00       		.byte	0
 153 000d 00       		.byte	0
 154 000e 00       		.byte	0
 155 000f 00       		.byte	0
 156 0010 00       		.byte	0
 157 0011 00       		.byte	0
 158 0012 00       		.byte	0
 159 0013 00       		.byte	0
 160 0014 00       		.byte	0
 161 0015 00       		.byte	0
 162 0016 00       		.byte	0
 163 0017 00       		.byte	0
 164 0018 00       		.byte	0
 165 0019 00       		.byte	0
 166 001a 00       		.byte	0
 167 001b 00       		.byte	0
 168 001c 00       		.byte	0
 169 001d 00       		.byte	0
 170 001e 00       		.byte	0
 171 001f 00       		.byte	0
 172 0020 00       		.byte	0
 173 0021 00       		.byte	0
 174 0022 00       		.byte	0
 175 0023 00       		.byte	0
 176 0024 00       		.byte	0
 177 0025 00       		.byte	0
 178 0026 00       		.byte	0
ARM GAS  C:\Users\GKQ\AppData\Local\Temp\ccuXKShh.s 			page 9


 179 0027 00       		.byte	0
 180 0028 00       		.byte	0
 181 0029 00       		.byte	0
 182 002a 00       		.byte	0
 183 002b 00       		.byte	0
 184 002c 00       		.byte	0
 185 002d 00       		.byte	0
 186 002e 00       		.byte	0
 187 002f 00       		.byte	0
 188 0030 00       		.byte	0
 189 0031 00       		.byte	0
 190 0032 00       		.byte	0
 191 0033 00       		.byte	0
 192 0034 00       		.byte	0
 193 0035 00       		.byte	0
 194 0036 00       		.byte	0
 195 0037 00       		.byte	0
 196 0038 00       		.byte	0
 197 0039 00       		.byte	0
 198 003a 00       		.byte	0
 199 003b 00       		.byte	0
 200 003c 00       		.byte	0
 201 003d 00       		.byte	0
 202 003e 00       		.byte	0
 203 003f 00       		.byte	0
 204 0040 00       		.byte	0
 205 0041 00       		.byte	0
 206 0042 00       		.byte	0
 207 0043 00       		.byte	0
 208 0044 00       		.byte	0
 209 0045 00       		.byte	0
 210 0046 00       		.byte	0
 211 0047 00       		.byte	0
 212 0048 00       		.byte	0
 213 0049 00       		.byte	0
 214 004a 00       		.byte	0
 215 004b 00       		.byte	0
 216 004c 00       		.byte	0
 217 004d 00       		.byte	0
 218 004e 00       		.byte	0
 219 004f 00       		.byte	0
 220 0050 00       		.byte	0
 221 0051 00       		.byte	0
 222 0052 00       		.byte	0
 223 0053 00       		.byte	0
 224 0054 00       		.byte	0
 225 0055 00       		.byte	0
 226 0056 00       		.byte	0
 227 0057 00       		.byte	0
 228 0058 00       		.byte	0
 229 0059 00       		.byte	0
 230 005a 00       		.byte	0
 231 005b 00       		.byte	0
 232 005c 00       		.byte	0
 233 005d 00       		.byte	0
 234 005e 00       		.byte	0
 235 005f 00       		.byte	0
ARM GAS  C:\Users\GKQ\AppData\Local\Temp\ccuXKShh.s 			page 10


 236 0060 00       		.byte	0
 237 0061 00       		.byte	0
 238 0062 00       		.byte	0
 239 0063 00       		.byte	0
 240 0064 00       		.byte	0
 241 0065 00       		.byte	0
 242 0066 00       		.byte	0
 243 0067 00       		.byte	0
 244 0068 00       		.byte	0
 245 0069 00       		.byte	0
 246 006a 00       		.byte	0
 247 006b 00       		.byte	0
 248 006c 00       		.byte	0
 249 006d 00       		.byte	0
 250 006e 00       		.byte	0
 251 006f 00       		.byte	0
 252 0070 00       		.byte	0
 253 0071 00       		.byte	0
 254 0072 00       		.byte	0
 255 0073 00       		.byte	0
 256 0074 00       		.byte	0
 257 0075 00       		.byte	0
 258 0076 00       		.byte	0
 259 0077 00       		.byte	0
 260 0078 00       		.byte	0
 261 0079 00       		.byte	0
 262 007a 00       		.byte	0
 263 007b 00       		.byte	0
 264 007c 00       		.byte	0
 265 007d 00       		.byte	0
 266 007e 00       		.byte	0
 267 007f 00       		.byte	0
 268 0080 00       		.byte	0
 269 0081 00       		.byte	0
 270 0082 00       		.byte	0
 271 0083 00       		.byte	0
 272 0084 00       		.byte	0
 273 0085 00       		.byte	0
 274 0086 00       		.byte	0
 275 0087 00       		.byte	0
 276 0088 00       		.byte	0
 277 0089 00       		.byte	0
 278 008a 00       		.byte	0
 279 008b 00       		.byte	0
 280 008c 00       		.byte	0
 281 008d 00       		.byte	0
 282 008e 00       		.byte	0
 283 008f 00       		.byte	0
 284 0090 00       		.byte	0
 285 0091 00       		.byte	0
 286 0092 00       		.byte	0
 287 0093 00       		.byte	0
 288 0094 00       		.byte	0
 289 0095 00       		.byte	0
 290 0096 00       		.byte	0
 291 0097 00       		.byte	0
 292 0098 00       		.byte	0
ARM GAS  C:\Users\GKQ\AppData\Local\Temp\ccuXKShh.s 			page 11


 293 0099 00       		.byte	0
 294 009a 00       		.byte	0
 295 009b 00       		.byte	0
 296 009c 00       		.byte	0
 297 009d 00       		.byte	0
 298 009e 00       		.byte	0
 299 009f 00       		.byte	0
 300 00a0 00       		.byte	0
 301 00a1 00       		.byte	0
 302 00a2 00       		.byte	0
 303 00a3 00       		.byte	0
 304 00a4 00       		.byte	0
 305 00a5 00       		.byte	0
 306 00a6 00       		.byte	0
 307 00a7 00       		.byte	0
 308 00a8 00       		.byte	0
 309 00a9 00       		.byte	0
 310 00aa 00       		.byte	0
 311 00ab 00       		.byte	0
 312 00ac 00       		.byte	0
 313 00ad 00       		.byte	0
 314 00ae 00       		.byte	0
 315 00af 00       		.byte	0
 316 00b0 00       		.byte	0
 317 00b1 00       		.byte	0
 318 00b2 00       		.byte	0
 319 00b3 00       		.byte	0
 320 00b4 00       		.byte	0
 321 00b5 00       		.byte	0
 322 00b6 00       		.byte	0
 323 00b7 00       		.byte	0
 324 00b8 00       		.byte	0
 325 00b9 00       		.byte	0
 326 00ba 00       		.byte	0
 327 00bb 00       		.byte	0
 328 00bc 00       		.byte	0
 329 00bd 00       		.byte	0
 330 00be 00       		.byte	0
 331 00bf 00       		.byte	0
 332 00c0 00       		.byte	0
 333 00c1 00       		.byte	0
 334 00c2 00       		.byte	0
 335 00c3 00       		.byte	0
 336 00c4 00       		.byte	0
 337 00c5 00       		.byte	0
 338 00c6 00       		.byte	0
 339 00c7 00       		.byte	0
 340 00c8 00       		.byte	0
 341 00c9 00       		.byte	0
 342 00ca 00       		.byte	0
 343 00cb 00       		.byte	0
 344 00cc 00       		.byte	0
 345 00cd 00       		.byte	0
 346 00ce 00       		.byte	0
 347 00cf 00       		.byte	0
 348 00d0 00       		.byte	0
 349 00d1 00       		.byte	0
ARM GAS  C:\Users\GKQ\AppData\Local\Temp\ccuXKShh.s 			page 12


 350 00d2 00       		.byte	0
 351 00d3 00       		.byte	0
 352 00d4 00       		.byte	0
 353 00d5 00       		.byte	0
 354 00d6 00       		.byte	0
 355 00d7 00       		.byte	0
 356 00d8 00       		.byte	0
 357 00d9 00       		.byte	0
 358 00da 00       		.byte	0
 359 00db 00       		.byte	0
 360 00dc 00       		.byte	0
 361 00dd 00       		.byte	0
 362 00de 00       		.byte	0
 363 00df 00       		.byte	0
 364 00e0 00       		.byte	0
 365 00e1 00       		.byte	0
 366 00e2 00       		.byte	0
 367 00e3 00       		.byte	0
 368 00e4 00       		.byte	0
 369 00e5 00       		.byte	0
 370 00e6 00       		.byte	0
 371 00e7 00       		.byte	0
 372 00e8 00       		.byte	0
 373 00e9 00       		.byte	0
 374 00ea 00       		.byte	0
 375 00eb 00       		.byte	0
 376 00ec 00       		.byte	0
 377 00ed 00       		.byte	0
 378 00ee 00       		.byte	0
 379 00ef 00       		.byte	0
 380 00f0 00       		.byte	0
 381 00f1 00       		.byte	0
 382 00f2 00       		.byte	0
 383 00f3 00       		.byte	0
 384 00f4 00       		.byte	0
 385 00f5 00       		.byte	0
 386 00f6 00       		.byte	0
 387 00f7 00       		.byte	0
 388 00f8 00       		.byte	0
 389 00f9 00       		.byte	0
 390 00fa 00       		.byte	0
 391 00fb 00       		.byte	0
 392 00fc 00       		.byte	0
 393 00fd 00       		.byte	0
 394 00fe 00       		.byte	0
 395 00ff 00       		.byte	0
 396 0100 00       		.byte	0
 397 0101 00       		.byte	0
 398 0102 00       		.byte	0
 399 0103 00       		.byte	0
 400 0104 00       		.byte	0
 401 0105 00       		.byte	0
 402 0106 00       		.byte	0
 403 0107 00       		.byte	0
 404 0108 00       		.byte	0
 405 0109 00       		.byte	0
 406 010a 00       		.byte	0
ARM GAS  C:\Users\GKQ\AppData\Local\Temp\ccuXKShh.s 			page 13


 407 010b E0       		.byte	-32
 408 010c E0       		.byte	-32
 409 010d 00       		.byte	0
 410 010e 00       		.byte	0
 411 010f 00       		.byte	0
 412 0110 00       		.byte	0
 413 0111 00       		.byte	0
 414 0112 00       		.byte	0
 415 0113 00       		.byte	0
 416 0114 00       		.byte	0
 417 0115 00       		.byte	0
 418 0116 00       		.byte	0
 419 0117 00       		.byte	0
 420 0118 00       		.byte	0
 421 0119 00       		.byte	0
 422 011a 00       		.byte	0
 423 011b 00       		.byte	0
 424 011c 00       		.byte	0
 425 011d 00       		.byte	0
 426 011e E0       		.byte	-32
 427 011f E0       		.byte	-32
 428 0120 00       		.byte	0
 429 0121 00       		.byte	0
 430 0122 C0       		.byte	-64
 431 0123 C0       		.byte	-64
 432 0124 C0       		.byte	-64
 433 0125 C0       		.byte	-64
 434 0126 40       		.byte	64
 435 0127 C0       		.byte	-64
 436 0128 C0       		.byte	-64
 437 0129 40       		.byte	64
 438 012a 40       		.byte	64
 439 012b 40       		.byte	64
 440 012c 40       		.byte	64
 441 012d C0       		.byte	-64
 442 012e C0       		.byte	-64
 443 012f C0       		.byte	-64
 444 0130 00       		.byte	0
 445 0131 C0       		.byte	-64
 446 0132 C0       		.byte	-64
 447 0133 C0       		.byte	-64
 448 0134 C0       		.byte	-64
 449 0135 C0       		.byte	-64
 450 0136 C0       		.byte	-64
 451 0137 C0       		.byte	-64
 452 0138 C0       		.byte	-64
 453 0139 40       		.byte	64
 454 013a 00       		.byte	0
 455 013b 80       		.byte	-128
 456 013c C0       		.byte	-64
 457 013d E0       		.byte	-32
 458 013e 40       		.byte	64
 459 013f 00       		.byte	0
 460 0140 40       		.byte	64
 461 0141 E0       		.byte	-32
 462 0142 C0       		.byte	-64
 463 0143 80       		.byte	-128
ARM GAS  C:\Users\GKQ\AppData\Local\Temp\ccuXKShh.s 			page 14


 464 0144 C0       		.byte	-64
 465 0145 C0       		.byte	-64
 466 0146 C0       		.byte	-64
 467 0147 C0       		.byte	-64
 468 0148 E0       		.byte	-32
 469 0149 E0       		.byte	-32
 470 014a C0       		.byte	-64
 471 014b C0       		.byte	-64
 472 014c C0       		.byte	-64
 473 014d C0       		.byte	-64
 474 014e 00       		.byte	0
 475 014f 00       		.byte	0
 476 0150 00       		.byte	0
 477 0151 C0       		.byte	-64
 478 0152 C0       		.byte	-64
 479 0153 C0       		.byte	-64
 480 0154 C0       		.byte	-64
 481 0155 C0       		.byte	-64
 482 0156 C0       		.byte	-64
 483 0157 C0       		.byte	-64
 484 0158 C0       		.byte	-64
 485 0159 C0       		.byte	-64
 486 015a C0       		.byte	-64
 487 015b C0       		.byte	-64
 488 015c 00       		.byte	0
 489 015d 00       		.byte	0
 490 015e 00       		.byte	0
 491 015f C0       		.byte	-64
 492 0160 C0       		.byte	-64
 493 0161 C0       		.byte	-64
 494 0162 C0       		.byte	-64
 495 0163 C0       		.byte	-64
 496 0164 C0       		.byte	-64
 497 0165 C0       		.byte	-64
 498 0166 C0       		.byte	-64
 499 0167 C0       		.byte	-64
 500 0168 C0       		.byte	-64
 501 0169 C0       		.byte	-64
 502 016a C0       		.byte	-64
 503 016b C0       		.byte	-64
 504 016c C0       		.byte	-64
 505 016d 00       		.byte	0
 506 016e 00       		.byte	0
 507 016f E0       		.byte	-32
 508 0170 E0       		.byte	-32
 509 0171 00       		.byte	0
 510 0172 00       		.byte	0
 511 0173 00       		.byte	0
 512 0174 00       		.byte	0
 513 0175 80       		.byte	-128
 514 0176 E0       		.byte	-32
 515 0177 E0       		.byte	-32
 516 0178 00       		.byte	0
 517 0179 80       		.byte	-128
 518 017a 00       		.byte	0
 519 017b 00       		.byte	0
 520 017c 00       		.byte	0
ARM GAS  C:\Users\GKQ\AppData\Local\Temp\ccuXKShh.s 			page 15


 521 017d 00       		.byte	0
 522 017e 00       		.byte	0
 523 017f 00       		.byte	0
 524 0180 00       		.byte	0
 525 0181 F8       		.byte	-8
 526 0182 FC       		.byte	-4
 527 0183 0C       		.byte	12
 528 0184 0C       		.byte	12
 529 0185 0C       		.byte	12
 530 0186 0C       		.byte	12
 531 0187 FC       		.byte	-4
 532 0188 F8       		.byte	-8
 533 0189 00       		.byte	0
 534 018a 00       		.byte	0
 535 018b FF       		.byte	-1
 536 018c FF       		.byte	-1
 537 018d 00       		.byte	0
 538 018e 00       		.byte	0
 539 018f F0       		.byte	-16
 540 0190 F8       		.byte	-8
 541 0191 7C       		.byte	124
 542 0192 6C       		.byte	108
 543 0193 64       		.byte	100
 544 0194 7C       		.byte	124
 545 0195 78       		.byte	120
 546 0196 70       		.byte	112
 547 0197 00       		.byte	0
 548 0198 F0       		.byte	-16
 549 0199 FC       		.byte	-4
 550 019a 1C       		.byte	28
 551 019b 0C       		.byte	12
 552 019c 0C       		.byte	12
 553 019d 0C       		.byte	12
 554 019e FF       		.byte	-1
 555 019f FF       		.byte	-1
 556 01a0 00       		.byte	0
 557 01a1 00       		.byte	0
 558 01a2 FF       		.byte	-1
 559 01a3 FF       		.byte	-1
 560 01a4 24       		.byte	36
 561 01a5 26       		.byte	38
 562 01a6 77       		.byte	119
 563 01a7 7F       		.byte	127
 564 01a8 5B       		.byte	91
 565 01a9 5B       		.byte	91
 566 01aa DF       		.byte	-33
 567 01ab F7       		.byte	-9
 568 01ac 33       		.byte	51
 569 01ad 10       		.byte	16
 570 01ae FF       		.byte	-1
 571 01af FF       		.byte	-1
 572 01b0 00       		.byte	0
 573 01b1 10       		.byte	16
 574 01b2 F8       		.byte	-8
 575 01b3 FF       		.byte	-1
 576 01b4 38       		.byte	56
 577 01b5 10       		.byte	16
ARM GAS  C:\Users\GKQ\AppData\Local\Temp\ccuXKShh.s 			page 16


 578 01b6 FF       		.byte	-1
 579 01b7 FF       		.byte	-1
 580 01b8 10       		.byte	16
 581 01b9 31       		.byte	49
 582 01ba 63       		.byte	99
 583 01bb 73       		.byte	115
 584 01bc 39       		.byte	57
 585 01bd 9C       		.byte	-100
 586 01be 8C       		.byte	-116
 587 01bf 00       		.byte	0
 588 01c0 04       		.byte	4
 589 01c1 8C       		.byte	-116
 590 01c2 DD       		.byte	-35
 591 01c3 80       		.byte	-128
 592 01c4 01       		.byte	1
 593 01c5 FB       		.byte	-5
 594 01c6 5A       		.byte	90
 595 01c7 5A       		.byte	90
 596 01c8 FE       		.byte	-2
 597 01c9 FE       		.byte	-2
 598 01ca 5A       		.byte	90
 599 01cb 5A       		.byte	90
 600 01cc FA       		.byte	-6
 601 01cd FB       		.byte	-5
 602 01ce 00       		.byte	0
 603 01cf 08       		.byte	8
 604 01d0 1C       		.byte	28
 605 01d1 9C       		.byte	-100
 606 01d2 DC       		.byte	-36
 607 01d3 DC       		.byte	-36
 608 01d4 1C       		.byte	28
 609 01d5 1C       		.byte	28
 610 01d6 FC       		.byte	-4
 611 01d7 FC       		.byte	-4
 612 01d8 1C       		.byte	28
 613 01d9 5C       		.byte	92
 614 01da DC       		.byte	-36
 615 01db 9C       		.byte	-100
 616 01dc 1C       		.byte	28
 617 01dd 0C       		.byte	12
 618 01de 30       		.byte	48
 619 01df 30       		.byte	48
 620 01e0 30       		.byte	48
 621 01e1 30       		.byte	48
 622 01e2 FF       		.byte	-1
 623 01e3 FF       		.byte	-1
 624 01e4 30       		.byte	48
 625 01e5 30       		.byte	48
 626 01e6 30       		.byte	48
 627 01e7 30       		.byte	48
 628 01e8 FF       		.byte	-1
 629 01e9 FF       		.byte	-1
 630 01ea 30       		.byte	48
 631 01eb 30       		.byte	48
 632 01ec 30       		.byte	48
 633 01ed 00       		.byte	0
 634 01ee 73       		.byte	115
ARM GAS  C:\Users\GKQ\AppData\Local\Temp\ccuXKShh.s 			page 17


 635 01ef FF       		.byte	-1
 636 01f0 87       		.byte	-121
 637 01f1 E3       		.byte	-29
 638 01f2 FF       		.byte	-1
 639 01f3 0F       		.byte	15
 640 01f4 EE       		.byte	-18
 641 01f5 EF       		.byte	-17
 642 01f6 6D       		.byte	109
 643 01f7 6C       		.byte	108
 644 01f8 6C       		.byte	108
 645 01f9 EF       		.byte	-17
 646 01fa EF       		.byte	-17
 647 01fb CC       		.byte	-52
 648 01fc 00       		.byte	0
 649 01fd 00       		.byte	0
 650 01fe 00       		.byte	0
 651 01ff 00       		.byte	0
 652 0200 00       		.byte	0
 653 0201 01       		.byte	1
 654 0202 03       		.byte	3
 655 0203 07       		.byte	7
 656 0204 06       		.byte	6
 657 0205 06       		.byte	6
 658 0206 07       		.byte	7
 659 0207 03       		.byte	3
 660 0208 01       		.byte	1
 661 0209 00       		.byte	0
 662 020a 00       		.byte	0
 663 020b 07       		.byte	7
 664 020c 07       		.byte	7
 665 020d 00       		.byte	0
 666 020e 00       		.byte	0
 667 020f 01       		.byte	1
 668 0210 03       		.byte	3
 669 0211 07       		.byte	7
 670 0212 06       		.byte	6
 671 0213 06       		.byte	6
 672 0214 06       		.byte	6
 673 0215 06       		.byte	6
 674 0216 00       		.byte	0
 675 0217 00       		.byte	0
 676 0218 01       		.byte	1
 677 0219 07       		.byte	7
 678 021a 07       		.byte	7
 679 021b 06       		.byte	6
 680 021c 06       		.byte	6
 681 021d 03       		.byte	3
 682 021e 07       		.byte	7
 683 021f 07       		.byte	7
 684 0220 00       		.byte	0
 685 0221 00       		.byte	0
 686 0222 1F       		.byte	31
 687 0223 1F       		.byte	31
 688 0224 1C       		.byte	28
 689 0225 09       		.byte	9
 690 0226 09       		.byte	9
 691 0227 0B       		.byte	11
ARM GAS  C:\Users\GKQ\AppData\Local\Temp\ccuXKShh.s 			page 18


 692 0228 0B       		.byte	11
 693 0229 0B       		.byte	11
 694 022a 0B       		.byte	11
 695 022b 0E       		.byte	14
 696 022c 0E       		.byte	14
 697 022d 1C       		.byte	28
 698 022e 1F       		.byte	31
 699 022f 1F       		.byte	31
 700 0230 00       		.byte	0
 701 0231 0C       		.byte	12
 702 0232 1F       		.byte	31
 703 0233 07       		.byte	7
 704 0234 00       		.byte	0
 705 0235 00       		.byte	0
 706 0236 1F       		.byte	31
 707 0237 1F       		.byte	31
 708 0238 00       		.byte	0
 709 0239 18       		.byte	24
 710 023a 1C       		.byte	28
 711 023b 0E       		.byte	14
 712 023c 07       		.byte	7
 713 023d 03       		.byte	3
 714 023e 01       		.byte	1
 715 023f 00       		.byte	0
 716 0240 08       		.byte	8
 717 0241 1F       		.byte	31
 718 0242 0F       		.byte	15
 719 0243 00       		.byte	0
 720 0244 18       		.byte	24
 721 0245 1B       		.byte	27
 722 0246 0F       		.byte	15
 723 0247 0F       		.byte	15
 724 0248 03       		.byte	3
 725 0249 03       		.byte	3
 726 024a 0F       		.byte	15
 727 024b 0F       		.byte	15
 728 024c 1F       		.byte	31
 729 024d 1B       		.byte	27
 730 024e 08       		.byte	8
 731 024f 04       		.byte	4
 732 0250 07       		.byte	7
 733 0251 07       		.byte	7
 734 0252 01       		.byte	1
 735 0253 1C       		.byte	28
 736 0254 18       		.byte	24
 737 0255 1C       		.byte	28
 738 0256 1F       		.byte	31
 739 0257 0F       		.byte	15
 740 0258 00       		.byte	0
 741 0259 00       		.byte	0
 742 025a 01       		.byte	1
 743 025b 07       		.byte	7
 744 025c 07       		.byte	7
 745 025d 06       		.byte	6
 746 025e 00       		.byte	0
 747 025f 08       		.byte	8
 748 0260 1C       		.byte	28
ARM GAS  C:\Users\GKQ\AppData\Local\Temp\ccuXKShh.s 			page 19


 749 0261 0F       		.byte	15
 750 0262 07       		.byte	7
 751 0263 01       		.byte	1
 752 0264 00       		.byte	0
 753 0265 00       		.byte	0
 754 0266 00       		.byte	0
 755 0267 00       		.byte	0
 756 0268 1F       		.byte	31
 757 0269 1F       		.byte	31
 758 026a 00       		.byte	0
 759 026b 00       		.byte	0
 760 026c 00       		.byte	0
 761 026d 00       		.byte	0
 762 026e 18       		.byte	24
 763 026f 1C       		.byte	28
 764 0270 0F       		.byte	15
 765 0271 07       		.byte	7
 766 0272 07       		.byte	7
 767 0273 06       		.byte	6
 768 0274 1F       		.byte	31
 769 0275 1F       		.byte	31
 770 0276 0C       		.byte	12
 771 0277 0C       		.byte	12
 772 0278 0C       		.byte	12
 773 0279 0C       		.byte	12
 774 027a 1F       		.byte	31
 775 027b 1F       		.byte	31
 776 027c 00       		.byte	0
 777 027d 00       		.byte	0
 778 027e 00       		.byte	0
 779 027f 00       		.byte	0
 780 0280 00       		.byte	0
 781 0281 00       		.byte	0
 782 0282 00       		.byte	0
 783 0283 00       		.byte	0
 784 0284 00       		.byte	0
 785 0285 00       		.byte	0
 786 0286 00       		.byte	0
 787 0287 00       		.byte	0
 788 0288 00       		.byte	0
 789 0289 00       		.byte	0
 790 028a 00       		.byte	0
 791 028b 00       		.byte	0
 792 028c 00       		.byte	0
 793 028d 00       		.byte	0
 794 028e 00       		.byte	0
 795 028f 00       		.byte	0
 796 0290 00       		.byte	0
 797 0291 00       		.byte	0
 798 0292 00       		.byte	0
 799 0293 00       		.byte	0
 800 0294 00       		.byte	0
 801 0295 00       		.byte	0
 802 0296 00       		.byte	0
 803 0297 00       		.byte	0
 804 0298 00       		.byte	0
 805 0299 00       		.byte	0
ARM GAS  C:\Users\GKQ\AppData\Local\Temp\ccuXKShh.s 			page 20


 806 029a 00       		.byte	0
 807 029b 00       		.byte	0
 808 029c 00       		.byte	0
 809 029d 00       		.byte	0
 810 029e 00       		.byte	0
 811 029f 00       		.byte	0
 812 02a0 00       		.byte	0
 813 02a1 00       		.byte	0
 814 02a2 00       		.byte	0
 815 02a3 00       		.byte	0
 816 02a4 00       		.byte	0
 817 02a5 00       		.byte	0
 818 02a6 00       		.byte	0
 819 02a7 00       		.byte	0
 820 02a8 00       		.byte	0
 821 02a9 00       		.byte	0
 822 02aa 00       		.byte	0
 823 02ab 00       		.byte	0
 824 02ac 00       		.byte	0
 825 02ad 00       		.byte	0
 826 02ae 00       		.byte	0
 827 02af 00       		.byte	0
 828 02b0 00       		.byte	0
 829 02b1 00       		.byte	0
 830 02b2 00       		.byte	0
 831 02b3 00       		.byte	0
 832 02b4 00       		.byte	0
 833 02b5 00       		.byte	0
 834 02b6 00       		.byte	0
 835 02b7 00       		.byte	0
 836 02b8 00       		.byte	0
 837 02b9 00       		.byte	0
 838 02ba 00       		.byte	0
 839 02bb 00       		.byte	0
 840 02bc 00       		.byte	0
 841 02bd 00       		.byte	0
 842 02be 00       		.byte	0
 843 02bf 00       		.byte	0
 844 02c0 00       		.byte	0
 845 02c1 00       		.byte	0
 846 02c2 00       		.byte	0
 847 02c3 00       		.byte	0
 848 02c4 00       		.byte	0
 849 02c5 00       		.byte	0
 850 02c6 00       		.byte	0
 851 02c7 00       		.byte	0
 852 02c8 00       		.byte	0
 853 02c9 00       		.byte	0
 854 02ca 00       		.byte	0
 855 02cb 00       		.byte	0
 856 02cc 00       		.byte	0
 857 02cd 00       		.byte	0
 858 02ce 00       		.byte	0
 859 02cf 00       		.byte	0
 860 02d0 00       		.byte	0
 861 02d1 00       		.byte	0
 862 02d2 00       		.byte	0
ARM GAS  C:\Users\GKQ\AppData\Local\Temp\ccuXKShh.s 			page 21


 863 02d3 00       		.byte	0
 864 02d4 00       		.byte	0
 865 02d5 00       		.byte	0
 866 02d6 00       		.byte	0
 867 02d7 00       		.byte	0
 868 02d8 00       		.byte	0
 869 02d9 00       		.byte	0
 870 02da 00       		.byte	0
 871 02db 00       		.byte	0
 872 02dc 00       		.byte	0
 873 02dd 00       		.byte	0
 874 02de 00       		.byte	0
 875 02df 00       		.byte	0
 876 02e0 00       		.byte	0
 877 02e1 00       		.byte	0
 878 02e2 00       		.byte	0
 879 02e3 00       		.byte	0
 880 02e4 00       		.byte	0
 881 02e5 00       		.byte	0
 882 02e6 00       		.byte	0
 883 02e7 00       		.byte	0
 884 02e8 00       		.byte	0
 885 02e9 00       		.byte	0
 886 02ea 00       		.byte	0
 887 02eb 00       		.byte	0
 888 02ec 00       		.byte	0
 889 02ed 00       		.byte	0
 890 02ee 00       		.byte	0
 891 02ef 00       		.byte	0
 892 02f0 00       		.byte	0
 893 02f1 00       		.byte	0
 894 02f2 00       		.byte	0
 895 02f3 00       		.byte	0
 896 02f4 00       		.byte	0
 897 02f5 00       		.byte	0
 898 02f6 00       		.byte	0
 899 02f7 00       		.byte	0
 900 02f8 00       		.byte	0
 901 02f9 00       		.byte	0
 902 02fa 00       		.byte	0
 903 02fb 00       		.byte	0
 904 02fc 00       		.byte	0
 905 02fd 00       		.byte	0
 906 02fe 00       		.byte	0
 907 02ff 00       		.byte	0
 908 0300 00       		.byte	0
 909 0301 00       		.byte	0
 910 0302 00       		.byte	0
 911 0303 00       		.byte	0
 912 0304 00       		.byte	0
 913 0305 00       		.byte	0
 914 0306 00       		.byte	0
 915 0307 00       		.byte	0
 916 0308 00       		.byte	0
 917 0309 00       		.byte	0
 918 030a 00       		.byte	0
 919 030b 00       		.byte	0
ARM GAS  C:\Users\GKQ\AppData\Local\Temp\ccuXKShh.s 			page 22


 920 030c 00       		.byte	0
 921 030d 00       		.byte	0
 922 030e 00       		.byte	0
 923 030f 00       		.byte	0
 924 0310 00       		.byte	0
 925 0311 00       		.byte	0
 926 0312 00       		.byte	0
 927 0313 00       		.byte	0
 928 0314 00       		.byte	0
 929 0315 00       		.byte	0
 930 0316 00       		.byte	0
 931 0317 00       		.byte	0
 932 0318 00       		.byte	0
 933 0319 00       		.byte	0
 934 031a 00       		.byte	0
 935 031b 00       		.byte	0
 936 031c 00       		.byte	0
 937 031d 00       		.byte	0
 938 031e 00       		.byte	0
 939 031f 00       		.byte	0
 940 0320 00       		.byte	0
 941 0321 00       		.byte	0
 942 0322 00       		.byte	0
 943 0323 00       		.byte	0
 944 0324 00       		.byte	0
 945 0325 00       		.byte	0
 946 0326 00       		.byte	0
 947 0327 00       		.byte	0
 948 0328 00       		.byte	0
 949 0329 00       		.byte	0
 950 032a 00       		.byte	0
 951 032b 00       		.byte	0
 952 032c 00       		.byte	0
 953 032d 00       		.byte	0
 954 032e 00       		.byte	0
 955 032f 00       		.byte	0
 956 0330 00       		.byte	0
 957 0331 00       		.byte	0
 958 0332 00       		.byte	0
 959 0333 00       		.byte	0
 960 0334 00       		.byte	0
 961 0335 00       		.byte	0
 962 0336 00       		.byte	0
 963 0337 00       		.byte	0
 964 0338 00       		.byte	0
 965 0339 00       		.byte	0
 966 033a 00       		.byte	0
 967 033b 00       		.byte	0
 968 033c 00       		.byte	0
 969 033d 00       		.byte	0
 970 033e 00       		.byte	0
 971 033f 00       		.byte	0
 972 0340 00       		.byte	0
 973 0341 00       		.byte	0
 974 0342 00       		.byte	0
 975 0343 00       		.byte	0
 976 0344 00       		.byte	0
ARM GAS  C:\Users\GKQ\AppData\Local\Temp\ccuXKShh.s 			page 23


 977 0345 00       		.byte	0
 978 0346 00       		.byte	0
 979 0347 00       		.byte	0
 980 0348 00       		.byte	0
 981 0349 00       		.byte	0
 982 034a 00       		.byte	0
 983 034b 00       		.byte	0
 984 034c 00       		.byte	0
 985 034d 00       		.byte	0
 986 034e 00       		.byte	0
 987 034f 00       		.byte	0
 988 0350 00       		.byte	0
 989 0351 00       		.byte	0
 990 0352 00       		.byte	0
 991 0353 00       		.byte	0
 992 0354 00       		.byte	0
 993 0355 00       		.byte	0
 994 0356 00       		.byte	0
 995 0357 00       		.byte	0
 996 0358 00       		.byte	0
 997 0359 00       		.byte	0
 998 035a 00       		.byte	0
 999 035b 00       		.byte	0
 1000 035c 00       		.byte	0
 1001 035d 00       		.byte	0
 1002 035e 00       		.byte	0
 1003 035f 00       		.byte	0
 1004 0360 00       		.byte	0
 1005 0361 00       		.byte	0
 1006 0362 00       		.byte	0
 1007 0363 00       		.byte	0
 1008 0364 00       		.byte	0
 1009 0365 00       		.byte	0
 1010 0366 00       		.byte	0
 1011 0367 00       		.byte	0
 1012 0368 00       		.byte	0
 1013 0369 00       		.byte	0
 1014 036a 00       		.byte	0
 1015 036b 00       		.byte	0
 1016 036c 00       		.byte	0
 1017 036d 00       		.byte	0
 1018 036e 00       		.byte	0
 1019 036f 00       		.byte	0
 1020 0370 00       		.byte	0
 1021 0371 00       		.byte	0
 1022 0372 00       		.byte	0
 1023 0373 00       		.byte	0
 1024 0374 00       		.byte	0
 1025 0375 00       		.byte	0
 1026 0376 00       		.byte	0
 1027 0377 00       		.byte	0
 1028 0378 00       		.byte	0
 1029 0379 00       		.byte	0
 1030 037a 00       		.byte	0
 1031 037b 00       		.byte	0
 1032 037c 00       		.byte	0
 1033 037d 00       		.byte	0
ARM GAS  C:\Users\GKQ\AppData\Local\Temp\ccuXKShh.s 			page 24


 1034 037e 00       		.byte	0
 1035 037f 00       		.byte	0
 1036 0380 00       		.byte	0
 1037 0381 00       		.byte	0
 1038 0382 00       		.byte	0
 1039 0383 00       		.byte	0
 1040 0384 00       		.byte	0
 1041 0385 00       		.byte	0
 1042 0386 00       		.byte	0
 1043 0387 00       		.byte	0
 1044 0388 00       		.byte	0
 1045 0389 00       		.byte	0
 1046 038a 00       		.byte	0
 1047 038b 00       		.byte	0
 1048 038c 00       		.byte	0
 1049 038d 00       		.byte	0
 1050 038e 00       		.byte	0
 1051 038f 00       		.byte	0
 1052 0390 00       		.byte	0
 1053 0391 00       		.byte	0
 1054 0392 00       		.byte	0
 1055 0393 00       		.byte	0
 1056 0394 00       		.byte	0
 1057 0395 00       		.byte	0
 1058 0396 00       		.byte	0
 1059 0397 00       		.byte	0
 1060 0398 00       		.byte	0
 1061 0399 00       		.byte	0
 1062 039a 00       		.byte	0
 1063 039b 00       		.byte	0
 1064 039c 00       		.byte	0
 1065 039d 00       		.byte	0
 1066 039e 00       		.byte	0
 1067 039f 00       		.byte	0
 1068 03a0 00       		.byte	0
 1069 03a1 00       		.byte	0
 1070 03a2 00       		.byte	0
 1071 03a3 00       		.byte	0
 1072 03a4 00       		.byte	0
 1073 03a5 00       		.byte	0
 1074 03a6 00       		.byte	0
 1075 03a7 00       		.byte	0
 1076 03a8 00       		.byte	0
 1077 03a9 00       		.byte	0
 1078 03aa 00       		.byte	0
 1079 03ab 00       		.byte	0
 1080 03ac 00       		.byte	0
 1081 03ad 00       		.byte	0
 1082 03ae 00       		.byte	0
 1083 03af 00       		.byte	0
 1084 03b0 00       		.byte	0
 1085 03b1 00       		.byte	0
 1086 03b2 00       		.byte	0
 1087 03b3 00       		.byte	0
 1088 03b4 00       		.byte	0
 1089 03b5 00       		.byte	0
 1090 03b6 00       		.byte	0
ARM GAS  C:\Users\GKQ\AppData\Local\Temp\ccuXKShh.s 			page 25


 1091 03b7 00       		.byte	0
 1092 03b8 00       		.byte	0
 1093 03b9 00       		.byte	0
 1094 03ba 00       		.byte	0
 1095 03bb 00       		.byte	0
 1096 03bc 00       		.byte	0
 1097 03bd 00       		.byte	0
 1098 03be 00       		.byte	0
 1099 03bf 00       		.byte	0
 1100 03c0 00       		.byte	0
 1101 03c1 00       		.byte	0
 1102 03c2 00       		.byte	0
 1103 03c3 00       		.byte	0
 1104 03c4 00       		.byte	0
 1105 03c5 00       		.byte	0
 1106 03c6 00       		.byte	0
 1107 03c7 00       		.byte	0
 1108 03c8 00       		.byte	0
 1109 03c9 00       		.byte	0
 1110 03ca 00       		.byte	0
 1111 03cb 00       		.byte	0
 1112 03cc 00       		.byte	0
 1113 03cd 00       		.byte	0
 1114 03ce 00       		.byte	0
 1115 03cf 00       		.byte	0
 1116 03d0 00       		.byte	0
 1117 03d1 00       		.byte	0
 1118 03d2 00       		.byte	0
 1119 03d3 00       		.byte	0
 1120 03d4 00       		.byte	0
 1121 03d5 00       		.byte	0
 1122 03d6 00       		.byte	0
 1123 03d7 00       		.byte	0
 1124 03d8 00       		.byte	0
 1125 03d9 00       		.byte	0
 1126 03da 00       		.byte	0
 1127 03db 00       		.byte	0
 1128 03dc 00       		.byte	0
 1129 03dd 00       		.byte	0
 1130 03de 00       		.byte	0
 1131 03df 00       		.byte	0
 1132 03e0 00       		.byte	0
 1133 03e1 00       		.byte	0
 1134 03e2 00       		.byte	0
 1135 03e3 00       		.byte	0
 1136 03e4 00       		.byte	0
 1137 03e5 00       		.byte	0
 1138 03e6 00       		.byte	0
 1139 03e7 00       		.byte	0
 1140 03e8 00       		.byte	0
 1141 03e9 00       		.byte	0
 1142 03ea 00       		.byte	0
 1143 03eb 00       		.byte	0
 1144 03ec 00       		.byte	0
 1145 03ed 00       		.byte	0
 1146 03ee 00       		.byte	0
 1147 03ef 00       		.byte	0
ARM GAS  C:\Users\GKQ\AppData\Local\Temp\ccuXKShh.s 			page 26


 1148 03f0 00       		.byte	0
 1149 03f1 00       		.byte	0
 1150 03f2 00       		.byte	0
 1151 03f3 00       		.byte	0
 1152 03f4 00       		.byte	0
 1153 03f5 00       		.byte	0
 1154 03f6 00       		.byte	0
 1155 03f7 00       		.byte	0
 1156 03f8 00       		.byte	0
 1157 03f9 00       		.byte	0
 1158 03fa 00       		.byte	0
 1159 03fb 00       		.byte	0
 1160 03fc 00       		.byte	0
 1161 03fd 00       		.byte	0
 1162 03fe 00       		.byte	0
 1163 03ff 00       		.byte	0
 1164              		.text
 1165              	.Letext0:
 1166              		.file 1 "oledlib/oled_bmp.h"
 1167              		.file 2 "oledlib/oled_bmp.c"
ARM GAS  C:\Users\GKQ\AppData\Local\Temp\ccuXKShh.s 			page 27


DEFINED SYMBOLS
                            *ABS*:00000000 oled_bmp.c
C:\Users\GKQ\AppData\Local\Temp\ccuXKShh.s:139    .rodata.TempLogo:00000000 TempLogo
C:\Users\GKQ\AppData\Local\Temp\ccuXKShh.s:85     .rodata.DZTBGZ:00000000 DZTBGZ
C:\Users\GKQ\AppData\Local\Temp\ccuXKShh.s:44     .rodata.BmpTest3:00000000 BmpTest3
C:\Users\GKQ\AppData\Local\Temp\ccuXKShh.s:31     .rodata.BmpTest2:00000000 BmpTest2
C:\Users\GKQ\AppData\Local\Temp\ccuXKShh.s:24     .rodata.BmpTest1:00000000 BmpTest1
C:\Users\GKQ\AppData\Local\Temp\ccuXKShh.s:21     .rodata.BmpTest1:00000000 $d
C:\Users\GKQ\AppData\Local\Temp\ccuXKShh.s:28     .rodata.BmpTest2:00000000 $d
C:\Users\GKQ\AppData\Local\Temp\ccuXKShh.s:41     .rodata.BmpTest3:00000000 $d
C:\Users\GKQ\AppData\Local\Temp\ccuXKShh.s:82     .rodata.DZTBGZ:00000000 $d
C:\Users\GKQ\AppData\Local\Temp\ccuXKShh.s:136    .rodata.TempLogo:00000000 $d

NO UNDEFINED SYMBOLS
