ARM GAS  C:\Users\GKQ\AppData\Local\Temp\ccPQ1VIb.s 			page 1


   1              		.cpu cortex-m3
   2              		.eabi_attribute 20, 1
   3              		.eabi_attribute 21, 1
   4              		.eabi_attribute 23, 3
   5              		.eabi_attribute 24, 1
   6              		.eabi_attribute 25, 1
   7              		.eabi_attribute 26, 1
   8              		.eabi_attribute 30, 1
   9              		.eabi_attribute 34, 1
  10              		.eabi_attribute 18, 4
  11              		.file	"usart.c"
  12              		.text
  13              	.Ltext0:
  14              		.cfi_sections	.debug_frame
  15              		.section	.text.MX_USART1_UART_Init,"ax",%progbits
  16              		.align	1
  17              		.global	MX_USART1_UART_Init
  18              		.arch armv7-m
  19              		.syntax unified
  20              		.thumb
  21              		.thumb_func
  22              		.fpu softvfp
  24              	MX_USART1_UART_Init:
  25              	.LFB65:
  26              		.file 1 "Core/Src/usart.c"
   1:Core/Src/usart.c **** /**
   2:Core/Src/usart.c ****   ******************************************************************************
   3:Core/Src/usart.c ****   * File Name          : USART.c
   4:Core/Src/usart.c ****   * Description        : This file provides code for the configuration
   5:Core/Src/usart.c ****   *                      of the USART instances.
   6:Core/Src/usart.c ****   ******************************************************************************
   7:Core/Src/usart.c ****   * @attention
   8:Core/Src/usart.c ****   *
   9:Core/Src/usart.c ****   * <h2><center>&copy; Copyright (c) 2020 STMicroelectronics.
  10:Core/Src/usart.c ****   * All rights reserved.</center></h2>
  11:Core/Src/usart.c ****   *
  12:Core/Src/usart.c ****   * This software component is licensed by ST under BSD 3-Clause license,
  13:Core/Src/usart.c ****   * the "License"; You may not use this file except in compliance with the
  14:Core/Src/usart.c ****   * License. You may obtain a copy of the License at:
  15:Core/Src/usart.c ****   *                        opensource.org/licenses/BSD-3-Clause
  16:Core/Src/usart.c ****   *
  17:Core/Src/usart.c ****   ******************************************************************************
  18:Core/Src/usart.c ****   */
  19:Core/Src/usart.c **** 
  20:Core/Src/usart.c **** /* Includes ------------------------------------------------------------------*/
  21:Core/Src/usart.c **** #include "usart.h"
  22:Core/Src/usart.c **** 
  23:Core/Src/usart.c **** /* USER CODE BEGIN 0 */
  24:Core/Src/usart.c **** 
  25:Core/Src/usart.c **** /* USER CODE END 0 */
  26:Core/Src/usart.c **** 
  27:Core/Src/usart.c **** UART_HandleTypeDef huart1;
  28:Core/Src/usart.c **** 
  29:Core/Src/usart.c **** /* USART1 init function */
  30:Core/Src/usart.c **** 
  31:Core/Src/usart.c **** void MX_USART1_UART_Init(void)
  32:Core/Src/usart.c **** {
ARM GAS  C:\Users\GKQ\AppData\Local\Temp\ccPQ1VIb.s 			page 2


  27              		.loc 1 32 1 view -0
  28              		.cfi_startproc
  29              		@ args = 0, pretend = 0, frame = 0
  30              		@ frame_needed = 0, uses_anonymous_args = 0
  31 0000 08B5     		push	{r3, lr}
  32              	.LCFI0:
  33              		.cfi_def_cfa_offset 8
  34              		.cfi_offset 3, -8
  35              		.cfi_offset 14, -4
  33:Core/Src/usart.c **** 
  34:Core/Src/usart.c ****   huart1.Instance = USART1;
  36              		.loc 1 34 3 view .LVU1
  37              		.loc 1 34 19 is_stmt 0 view .LVU2
  38 0002 0A48     		ldr	r0, .L5
  39 0004 0A4B     		ldr	r3, .L5+4
  40 0006 0360     		str	r3, [r0]
  35:Core/Src/usart.c ****   huart1.Init.BaudRate = 115200;
  41              		.loc 1 35 3 is_stmt 1 view .LVU3
  42              		.loc 1 35 24 is_stmt 0 view .LVU4
  43 0008 4FF4E133 		mov	r3, #115200
  44 000c 4360     		str	r3, [r0, #4]
  36:Core/Src/usart.c ****   huart1.Init.WordLength = UART_WORDLENGTH_8B;
  45              		.loc 1 36 3 is_stmt 1 view .LVU5
  46              		.loc 1 36 26 is_stmt 0 view .LVU6
  47 000e 0023     		movs	r3, #0
  48 0010 8360     		str	r3, [r0, #8]
  37:Core/Src/usart.c ****   huart1.Init.StopBits = UART_STOPBITS_1;
  49              		.loc 1 37 3 is_stmt 1 view .LVU7
  50              		.loc 1 37 24 is_stmt 0 view .LVU8
  51 0012 C360     		str	r3, [r0, #12]
  38:Core/Src/usart.c ****   huart1.Init.Parity = UART_PARITY_NONE;
  52              		.loc 1 38 3 is_stmt 1 view .LVU9
  53              		.loc 1 38 22 is_stmt 0 view .LVU10
  54 0014 0361     		str	r3, [r0, #16]
  39:Core/Src/usart.c ****   huart1.Init.Mode = UART_MODE_TX_RX;
  55              		.loc 1 39 3 is_stmt 1 view .LVU11
  56              		.loc 1 39 20 is_stmt 0 view .LVU12
  57 0016 0C22     		movs	r2, #12
  58 0018 4261     		str	r2, [r0, #20]
  40:Core/Src/usart.c ****   huart1.Init.HwFlowCtl = UART_HWCONTROL_NONE;
  59              		.loc 1 40 3 is_stmt 1 view .LVU13
  60              		.loc 1 40 25 is_stmt 0 view .LVU14
  61 001a 8361     		str	r3, [r0, #24]
  41:Core/Src/usart.c ****   huart1.Init.OverSampling = UART_OVERSAMPLING_16;
  62              		.loc 1 41 3 is_stmt 1 view .LVU15
  63              		.loc 1 41 28 is_stmt 0 view .LVU16
  64 001c C361     		str	r3, [r0, #28]
  42:Core/Src/usart.c ****   if (HAL_UART_Init(&huart1) != HAL_OK)
  65              		.loc 1 42 3 is_stmt 1 view .LVU17
  66              		.loc 1 42 7 is_stmt 0 view .LVU18
  67 001e FFF7FEFF 		bl	HAL_UART_Init
  68              	.LVL0:
  69              		.loc 1 42 6 view .LVU19
  70 0022 00B9     		cbnz	r0, .L4
  71              	.L1:
  43:Core/Src/usart.c ****   {
  44:Core/Src/usart.c ****     Error_Handler();
ARM GAS  C:\Users\GKQ\AppData\Local\Temp\ccPQ1VIb.s 			page 3


  45:Core/Src/usart.c ****   }
  46:Core/Src/usart.c **** 
  47:Core/Src/usart.c **** }
  72              		.loc 1 47 1 view .LVU20
  73 0024 08BD     		pop	{r3, pc}
  74              	.L4:
  44:Core/Src/usart.c ****   }
  75              		.loc 1 44 5 is_stmt 1 view .LVU21
  76 0026 FFF7FEFF 		bl	Error_Handler
  77              	.LVL1:
  78              		.loc 1 47 1 is_stmt 0 view .LVU22
  79 002a FBE7     		b	.L1
  80              	.L6:
  81              		.align	2
  82              	.L5:
  83 002c 00000000 		.word	huart1
  84 0030 00380140 		.word	1073821696
  85              		.cfi_endproc
  86              	.LFE65:
  88              		.section	.text.HAL_UART_MspInit,"ax",%progbits
  89              		.align	1
  90              		.global	HAL_UART_MspInit
  91              		.syntax unified
  92              		.thumb
  93              		.thumb_func
  94              		.fpu softvfp
  96              	HAL_UART_MspInit:
  97              	.LVL2:
  98              	.LFB66:
  48:Core/Src/usart.c **** 
  49:Core/Src/usart.c **** void HAL_UART_MspInit(UART_HandleTypeDef* uartHandle)
  50:Core/Src/usart.c **** {
  99              		.loc 1 50 1 is_stmt 1 view -0
 100              		.cfi_startproc
 101              		@ args = 0, pretend = 0, frame = 24
 102              		@ frame_needed = 0, uses_anonymous_args = 0
 103              		.loc 1 50 1 is_stmt 0 view .LVU24
 104 0000 10B5     		push	{r4, lr}
 105              	.LCFI1:
 106              		.cfi_def_cfa_offset 8
 107              		.cfi_offset 4, -8
 108              		.cfi_offset 14, -4
 109 0002 86B0     		sub	sp, sp, #24
 110              	.LCFI2:
 111              		.cfi_def_cfa_offset 32
  51:Core/Src/usart.c **** 
  52:Core/Src/usart.c ****   GPIO_InitTypeDef GPIO_InitStruct = {0};
 112              		.loc 1 52 3 is_stmt 1 view .LVU25
 113              		.loc 1 52 20 is_stmt 0 view .LVU26
 114 0004 0023     		movs	r3, #0
 115 0006 0293     		str	r3, [sp, #8]
 116 0008 0393     		str	r3, [sp, #12]
 117 000a 0493     		str	r3, [sp, #16]
 118 000c 0593     		str	r3, [sp, #20]
  53:Core/Src/usart.c ****   if(uartHandle->Instance==USART1)
 119              		.loc 1 53 3 is_stmt 1 view .LVU27
 120              		.loc 1 53 16 is_stmt 0 view .LVU28
ARM GAS  C:\Users\GKQ\AppData\Local\Temp\ccPQ1VIb.s 			page 4


 121 000e 0268     		ldr	r2, [r0]
 122              		.loc 1 53 5 view .LVU29
 123 0010 174B     		ldr	r3, .L11
 124 0012 9A42     		cmp	r2, r3
 125 0014 01D0     		beq	.L10
 126              	.LVL3:
 127              	.L7:
  54:Core/Src/usart.c ****   {
  55:Core/Src/usart.c ****   /* USER CODE BEGIN USART1_MspInit 0 */
  56:Core/Src/usart.c **** 
  57:Core/Src/usart.c ****   /* USER CODE END USART1_MspInit 0 */
  58:Core/Src/usart.c ****     /* USART1 clock enable */
  59:Core/Src/usart.c ****     __HAL_RCC_USART1_CLK_ENABLE();
  60:Core/Src/usart.c **** 
  61:Core/Src/usart.c ****     __HAL_RCC_GPIOA_CLK_ENABLE();
  62:Core/Src/usart.c ****     /**USART1 GPIO Configuration
  63:Core/Src/usart.c ****     PA9     ------> USART1_TX
  64:Core/Src/usart.c ****     PA10     ------> USART1_RX
  65:Core/Src/usart.c ****     */
  66:Core/Src/usart.c ****     GPIO_InitStruct.Pin = GPIO_PIN_9;
  67:Core/Src/usart.c ****     GPIO_InitStruct.Mode = GPIO_MODE_AF_PP;
  68:Core/Src/usart.c ****     GPIO_InitStruct.Speed = GPIO_SPEED_FREQ_HIGH;
  69:Core/Src/usart.c ****     HAL_GPIO_Init(GPIOA, &GPIO_InitStruct);
  70:Core/Src/usart.c **** 
  71:Core/Src/usart.c ****     GPIO_InitStruct.Pin = GPIO_PIN_10;
  72:Core/Src/usart.c ****     GPIO_InitStruct.Mode = GPIO_MODE_INPUT;
  73:Core/Src/usart.c ****     GPIO_InitStruct.Pull = GPIO_NOPULL;
  74:Core/Src/usart.c ****     HAL_GPIO_Init(GPIOA, &GPIO_InitStruct);
  75:Core/Src/usart.c **** 
  76:Core/Src/usart.c ****   /* USER CODE BEGIN USART1_MspInit 1 */
  77:Core/Src/usart.c **** 
  78:Core/Src/usart.c ****   /* USER CODE END USART1_MspInit 1 */
  79:Core/Src/usart.c ****   }
  80:Core/Src/usart.c **** }
 128              		.loc 1 80 1 view .LVU30
 129 0016 06B0     		add	sp, sp, #24
 130              	.LCFI3:
 131              		.cfi_remember_state
 132              		.cfi_def_cfa_offset 8
 133              		@ sp needed
 134 0018 10BD     		pop	{r4, pc}
 135              	.LVL4:
 136              	.L10:
 137              	.LCFI4:
 138              		.cfi_restore_state
  59:Core/Src/usart.c **** 
 139              		.loc 1 59 5 is_stmt 1 view .LVU31
 140              	.LBB2:
  59:Core/Src/usart.c **** 
 141              		.loc 1 59 5 view .LVU32
  59:Core/Src/usart.c **** 
 142              		.loc 1 59 5 view .LVU33
 143 001a 03F55843 		add	r3, r3, #55296
 144 001e 9A69     		ldr	r2, [r3, #24]
 145 0020 42F48042 		orr	r2, r2, #16384
 146 0024 9A61     		str	r2, [r3, #24]
  59:Core/Src/usart.c **** 
ARM GAS  C:\Users\GKQ\AppData\Local\Temp\ccPQ1VIb.s 			page 5


 147              		.loc 1 59 5 view .LVU34
 148 0026 9A69     		ldr	r2, [r3, #24]
 149 0028 02F48042 		and	r2, r2, #16384
 150 002c 0092     		str	r2, [sp]
  59:Core/Src/usart.c **** 
 151              		.loc 1 59 5 view .LVU35
 152 002e 009A     		ldr	r2, [sp]
 153              	.LBE2:
  59:Core/Src/usart.c **** 
 154              		.loc 1 59 5 view .LVU36
  61:Core/Src/usart.c ****     /**USART1 GPIO Configuration
 155              		.loc 1 61 5 view .LVU37
 156              	.LBB3:
  61:Core/Src/usart.c ****     /**USART1 GPIO Configuration
 157              		.loc 1 61 5 view .LVU38
  61:Core/Src/usart.c ****     /**USART1 GPIO Configuration
 158              		.loc 1 61 5 view .LVU39
 159 0030 9A69     		ldr	r2, [r3, #24]
 160 0032 42F00402 		orr	r2, r2, #4
 161 0036 9A61     		str	r2, [r3, #24]
  61:Core/Src/usart.c ****     /**USART1 GPIO Configuration
 162              		.loc 1 61 5 view .LVU40
 163 0038 9B69     		ldr	r3, [r3, #24]
 164 003a 03F00403 		and	r3, r3, #4
 165 003e 0193     		str	r3, [sp, #4]
  61:Core/Src/usart.c ****     /**USART1 GPIO Configuration
 166              		.loc 1 61 5 view .LVU41
 167 0040 019B     		ldr	r3, [sp, #4]
 168              	.LBE3:
  61:Core/Src/usart.c ****     /**USART1 GPIO Configuration
 169              		.loc 1 61 5 view .LVU42
  66:Core/Src/usart.c ****     GPIO_InitStruct.Mode = GPIO_MODE_AF_PP;
 170              		.loc 1 66 5 view .LVU43
  66:Core/Src/usart.c ****     GPIO_InitStruct.Mode = GPIO_MODE_AF_PP;
 171              		.loc 1 66 25 is_stmt 0 view .LVU44
 172 0042 4FF40073 		mov	r3, #512
 173 0046 0293     		str	r3, [sp, #8]
  67:Core/Src/usart.c ****     GPIO_InitStruct.Speed = GPIO_SPEED_FREQ_HIGH;
 174              		.loc 1 67 5 is_stmt 1 view .LVU45
  67:Core/Src/usart.c ****     GPIO_InitStruct.Speed = GPIO_SPEED_FREQ_HIGH;
 175              		.loc 1 67 26 is_stmt 0 view .LVU46
 176 0048 0223     		movs	r3, #2
 177 004a 0393     		str	r3, [sp, #12]
  68:Core/Src/usart.c ****     HAL_GPIO_Init(GPIOA, &GPIO_InitStruct);
 178              		.loc 1 68 5 is_stmt 1 view .LVU47
  68:Core/Src/usart.c ****     HAL_GPIO_Init(GPIOA, &GPIO_InitStruct);
 179              		.loc 1 68 27 is_stmt 0 view .LVU48
 180 004c 0323     		movs	r3, #3
 181 004e 0593     		str	r3, [sp, #20]
  69:Core/Src/usart.c **** 
 182              		.loc 1 69 5 is_stmt 1 view .LVU49
 183 0050 084C     		ldr	r4, .L11+4
 184 0052 02A9     		add	r1, sp, #8
 185 0054 2046     		mov	r0, r4
 186              	.LVL5:
  69:Core/Src/usart.c **** 
 187              		.loc 1 69 5 is_stmt 0 view .LVU50
ARM GAS  C:\Users\GKQ\AppData\Local\Temp\ccPQ1VIb.s 			page 6


 188 0056 FFF7FEFF 		bl	HAL_GPIO_Init
 189              	.LVL6:
  71:Core/Src/usart.c ****     GPIO_InitStruct.Mode = GPIO_MODE_INPUT;
 190              		.loc 1 71 5 is_stmt 1 view .LVU51
  71:Core/Src/usart.c ****     GPIO_InitStruct.Mode = GPIO_MODE_INPUT;
 191              		.loc 1 71 25 is_stmt 0 view .LVU52
 192 005a 4FF48063 		mov	r3, #1024
 193 005e 0293     		str	r3, [sp, #8]
  72:Core/Src/usart.c ****     GPIO_InitStruct.Pull = GPIO_NOPULL;
 194              		.loc 1 72 5 is_stmt 1 view .LVU53
  72:Core/Src/usart.c ****     GPIO_InitStruct.Pull = GPIO_NOPULL;
 195              		.loc 1 72 26 is_stmt 0 view .LVU54
 196 0060 0023     		movs	r3, #0
 197 0062 0393     		str	r3, [sp, #12]
  73:Core/Src/usart.c ****     HAL_GPIO_Init(GPIOA, &GPIO_InitStruct);
 198              		.loc 1 73 5 is_stmt 1 view .LVU55
  73:Core/Src/usart.c ****     HAL_GPIO_Init(GPIOA, &GPIO_InitStruct);
 199              		.loc 1 73 26 is_stmt 0 view .LVU56
 200 0064 0493     		str	r3, [sp, #16]
  74:Core/Src/usart.c **** 
 201              		.loc 1 74 5 is_stmt 1 view .LVU57
 202 0066 02A9     		add	r1, sp, #8
 203 0068 2046     		mov	r0, r4
 204 006a FFF7FEFF 		bl	HAL_GPIO_Init
 205              	.LVL7:
 206              		.loc 1 80 1 is_stmt 0 view .LVU58
 207 006e D2E7     		b	.L7
 208              	.L12:
 209              		.align	2
 210              	.L11:
 211 0070 00380140 		.word	1073821696
 212 0074 00080140 		.word	1073809408
 213              		.cfi_endproc
 214              	.LFE66:
 216              		.section	.text.HAL_UART_MspDeInit,"ax",%progbits
 217              		.align	1
 218              		.global	HAL_UART_MspDeInit
 219              		.syntax unified
 220              		.thumb
 221              		.thumb_func
 222              		.fpu softvfp
 224              	HAL_UART_MspDeInit:
 225              	.LVL8:
 226              	.LFB67:
  81:Core/Src/usart.c **** 
  82:Core/Src/usart.c **** void HAL_UART_MspDeInit(UART_HandleTypeDef* uartHandle)
  83:Core/Src/usart.c **** {
 227              		.loc 1 83 1 is_stmt 1 view -0
 228              		.cfi_startproc
 229              		@ args = 0, pretend = 0, frame = 0
 230              		@ frame_needed = 0, uses_anonymous_args = 0
 231              		.loc 1 83 1 is_stmt 0 view .LVU60
 232 0000 08B5     		push	{r3, lr}
 233              	.LCFI5:
 234              		.cfi_def_cfa_offset 8
 235              		.cfi_offset 3, -8
 236              		.cfi_offset 14, -4
ARM GAS  C:\Users\GKQ\AppData\Local\Temp\ccPQ1VIb.s 			page 7


  84:Core/Src/usart.c **** 
  85:Core/Src/usart.c ****   if(uartHandle->Instance==USART1)
 237              		.loc 1 85 3 is_stmt 1 view .LVU61
 238              		.loc 1 85 16 is_stmt 0 view .LVU62
 239 0002 0268     		ldr	r2, [r0]
 240              		.loc 1 85 5 view .LVU63
 241 0004 074B     		ldr	r3, .L17
 242 0006 9A42     		cmp	r2, r3
 243 0008 00D0     		beq	.L16
 244              	.LVL9:
 245              	.L13:
  86:Core/Src/usart.c ****   {
  87:Core/Src/usart.c ****   /* USER CODE BEGIN USART1_MspDeInit 0 */
  88:Core/Src/usart.c **** 
  89:Core/Src/usart.c ****   /* USER CODE END USART1_MspDeInit 0 */
  90:Core/Src/usart.c ****     /* Peripheral clock disable */
  91:Core/Src/usart.c ****     __HAL_RCC_USART1_CLK_DISABLE();
  92:Core/Src/usart.c **** 
  93:Core/Src/usart.c ****     /**USART1 GPIO Configuration
  94:Core/Src/usart.c ****     PA9     ------> USART1_TX
  95:Core/Src/usart.c ****     PA10     ------> USART1_RX
  96:Core/Src/usart.c ****     */
  97:Core/Src/usart.c ****     HAL_GPIO_DeInit(GPIOA, GPIO_PIN_9|GPIO_PIN_10);
  98:Core/Src/usart.c **** 
  99:Core/Src/usart.c ****   /* USER CODE BEGIN USART1_MspDeInit 1 */
 100:Core/Src/usart.c **** 
 101:Core/Src/usart.c ****   /* USER CODE END USART1_MspDeInit 1 */
 102:Core/Src/usart.c ****   }
 103:Core/Src/usart.c **** }
 246              		.loc 1 103 1 view .LVU64
 247 000a 08BD     		pop	{r3, pc}
 248              	.LVL10:
 249              	.L16:
  91:Core/Src/usart.c **** 
 250              		.loc 1 91 5 is_stmt 1 view .LVU65
 251 000c 064A     		ldr	r2, .L17+4
 252 000e 9369     		ldr	r3, [r2, #24]
 253 0010 23F48043 		bic	r3, r3, #16384
 254 0014 9361     		str	r3, [r2, #24]
  97:Core/Src/usart.c **** 
 255              		.loc 1 97 5 view .LVU66
 256 0016 4FF4C061 		mov	r1, #1536
 257 001a 0448     		ldr	r0, .L17+8
 258              	.LVL11:
  97:Core/Src/usart.c **** 
 259              		.loc 1 97 5 is_stmt 0 view .LVU67
 260 001c FFF7FEFF 		bl	HAL_GPIO_DeInit
 261              	.LVL12:
 262              		.loc 1 103 1 view .LVU68
 263 0020 F3E7     		b	.L13
 264              	.L18:
 265 0022 00BF     		.align	2
 266              	.L17:
 267 0024 00380140 		.word	1073821696
 268 0028 00100240 		.word	1073876992
 269 002c 00080140 		.word	1073809408
 270              		.cfi_endproc
ARM GAS  C:\Users\GKQ\AppData\Local\Temp\ccPQ1VIb.s 			page 8


 271              	.LFE67:
 273              		.comm	huart1,64,4
 274              		.text
 275              	.Letext0:
 276              		.file 2 "d:\\work_project\\9 2019-q4-major\\arm-none-eabi\\include\\machine\\_default_types.h"
 277              		.file 3 "d:\\work_project\\9 2019-q4-major\\arm-none-eabi\\include\\sys\\_stdint.h"
 278              		.file 4 "Drivers/CMSIS/Include/core_cm3.h"
 279              		.file 5 "Drivers/CMSIS/Device/ST/STM32F1xx/Include/system_stm32f1xx.h"
 280              		.file 6 "Drivers/CMSIS/Device/ST/STM32F1xx/Include/stm32f103xe.h"
 281              		.file 7 "Drivers/STM32F1xx_HAL_Driver/Inc/stm32f1xx_hal_def.h"
 282              		.file 8 "Drivers/STM32F1xx_HAL_Driver/Inc/stm32f1xx_hal_gpio.h"
 283              		.file 9 "Drivers/STM32F1xx_HAL_Driver/Inc/stm32f1xx_hal_dma.h"
 284              		.file 10 "Drivers/STM32F1xx_HAL_Driver/Inc/stm32f1xx_hal_uart.h"
 285              		.file 11 "Drivers/STM32F1xx_HAL_Driver/Inc/stm32f1xx_hal.h"
 286              		.file 12 "Core/Inc/usart.h"
 287              		.file 13 "Core/Inc/main.h"
ARM GAS  C:\Users\GKQ\AppData\Local\Temp\ccPQ1VIb.s 			page 9


DEFINED SYMBOLS
                            *ABS*:00000000 usart.c
C:\Users\GKQ\AppData\Local\Temp\ccPQ1VIb.s:16     .text.MX_USART1_UART_Init:00000000 $t
C:\Users\GKQ\AppData\Local\Temp\ccPQ1VIb.s:24     .text.MX_USART1_UART_Init:00000000 MX_USART1_UART_Init
C:\Users\GKQ\AppData\Local\Temp\ccPQ1VIb.s:83     .text.MX_USART1_UART_Init:0000002c $d
                            *COM*:00000040 huart1
C:\Users\GKQ\AppData\Local\Temp\ccPQ1VIb.s:89     .text.HAL_UART_MspInit:00000000 $t
C:\Users\GKQ\AppData\Local\Temp\ccPQ1VIb.s:96     .text.HAL_UART_MspInit:00000000 HAL_UART_MspInit
C:\Users\GKQ\AppData\Local\Temp\ccPQ1VIb.s:211    .text.HAL_UART_MspInit:00000070 $d
C:\Users\GKQ\AppData\Local\Temp\ccPQ1VIb.s:217    .text.HAL_UART_MspDeInit:00000000 $t
C:\Users\GKQ\AppData\Local\Temp\ccPQ1VIb.s:224    .text.HAL_UART_MspDeInit:00000000 HAL_UART_MspDeInit
C:\Users\GKQ\AppData\Local\Temp\ccPQ1VIb.s:267    .text.HAL_UART_MspDeInit:00000024 $d

UNDEFINED SYMBOLS
HAL_UART_Init
Error_Handler
HAL_GPIO_Init
HAL_GPIO_DeInit
