ARM GAS  C:\Users\GKQ\AppData\Local\Temp\cctnXKf9.s 			page 1


   1              		.cpu cortex-m3
   2              		.eabi_attribute 20, 1
   3              		.eabi_attribute 21, 1
   4              		.eabi_attribute 23, 3
   5              		.eabi_attribute 24, 1
   6              		.eabi_attribute 25, 1
   7              		.eabi_attribute 26, 1
   8              		.eabi_attribute 30, 1
   9              		.eabi_attribute 34, 1
  10              		.eabi_attribute 18, 4
  11              		.file	"usart_debug.c"
  12              		.text
  13              	.Ltext0:
  14              		.cfi_sections	.debug_frame
  15              		.section	.text._write,"ax",%progbits
  16              		.align	1
  17              		.global	_write
  18              		.arch armv7-m
  19              		.syntax unified
  20              		.thumb
  21              		.thumb_func
  22              		.fpu softvfp
  24              	_write:
  25              	.LVL0:
  26              	.LFB68:
  27              		.file 1 "Core/Src/usart_debug.c"
   1:Core/Src/usart_debug.c **** #include "usart_debug.h"
   2:Core/Src/usart_debug.c **** 
   3:Core/Src/usart_debug.c **** /*重新定义__write函数*/
   4:Core/Src/usart_debug.c **** int _write(int fd, char *ptr, int len)
   5:Core/Src/usart_debug.c **** {
  28              		.loc 1 5 1 view -0
  29              		.cfi_startproc
  30              		@ args = 0, pretend = 0, frame = 0
  31              		@ frame_needed = 0, uses_anonymous_args = 0
  32              		.loc 1 5 1 is_stmt 0 view .LVU1
  33 0000 10B5     		push	{r4, lr}
  34              	.LCFI0:
  35              		.cfi_def_cfa_offset 8
  36              		.cfi_offset 4, -8
  37              		.cfi_offset 14, -4
  38 0002 1446     		mov	r4, r2
   6:Core/Src/usart_debug.c ****     HAL_UART_Transmit(&huart_debug, (uint8_t *)ptr, len, 0xFFFF);
  39              		.loc 1 6 5 is_stmt 1 view .LVU2
  40 0004 4FF6FF73 		movw	r3, #65535
  41 0008 92B2     		uxth	r2, r2
  42              	.LVL1:
  43              		.loc 1 6 5 is_stmt 0 view .LVU3
  44 000a 0248     		ldr	r0, .L3
  45              	.LVL2:
  46              		.loc 1 6 5 view .LVU4
  47 000c FFF7FEFF 		bl	HAL_UART_Transmit
  48              	.LVL3:
   7:Core/Src/usart_debug.c ****     return len;
  49              		.loc 1 7 5 is_stmt 1 view .LVU5
   8:Core/Src/usart_debug.c **** }
  50              		.loc 1 8 1 is_stmt 0 view .LVU6
ARM GAS  C:\Users\GKQ\AppData\Local\Temp\cctnXKf9.s 			page 2


  51 0010 2046     		mov	r0, r4
  52 0012 10BD     		pop	{r4, pc}
  53              	.LVL4:
  54              	.L4:
  55              		.loc 1 8 1 view .LVU7
  56              		.align	2
  57              	.L3:
  58 0014 00000000 		.word	huart1
  59              		.cfi_endproc
  60              	.LFE68:
  62              		.section	.text._sys_exit,"ax",%progbits
  63              		.align	1
  64              		.global	_sys_exit
  65              		.syntax unified
  66              		.thumb
  67              		.thumb_func
  68              		.fpu softvfp
  70              	_sys_exit:
  71              	.LVL5:
  72              	.LFB69:
   9:Core/Src/usart_debug.c **** 
  10:Core/Src/usart_debug.c **** /*定义_sys_exit()以避免使用半主机模式*/
  11:Core/Src/usart_debug.c **** void _sys_exit(int x)
  12:Core/Src/usart_debug.c **** {
  73              		.loc 1 12 1 is_stmt 1 view -0
  74              		.cfi_startproc
  75              		@ args = 0, pretend = 0, frame = 0
  76              		@ frame_needed = 0, uses_anonymous_args = 0
  77              		@ link register save eliminated.
  13:Core/Src/usart_debug.c ****     x = x;
  78              		.loc 1 13 5 view .LVU9
  14:Core/Src/usart_debug.c **** }...
  79              		.loc 1 14 1 is_stmt 0 view .LVU10
  80 0000 7047     		bx	lr
  81              		.cfi_endproc
  82              	.LFE69:
  84              		.text
  85              	.Letext0:
  86              		.file 2 "d:\\work_project\\9 2019-q4-major\\arm-none-eabi\\include\\machine\\_default_types.h"
  87              		.file 3 "d:\\work_project\\9 2019-q4-major\\arm-none-eabi\\include\\sys\\_stdint.h"
  88              		.file 4 "Drivers/CMSIS/Include/core_cm3.h"
  89              		.file 5 "Drivers/CMSIS/Device/ST/STM32F1xx/Include/system_stm32f1xx.h"
  90              		.file 6 "Drivers/CMSIS/Device/ST/STM32F1xx/Include/stm32f103xe.h"
  91              		.file 7 "Drivers/STM32F1xx_HAL_Driver/Inc/stm32f1xx_hal_def.h"
  92              		.file 8 "Drivers/STM32F1xx_HAL_Driver/Inc/stm32f1xx_hal_dma.h"
  93              		.file 9 "Drivers/STM32F1xx_HAL_Driver/Inc/stm32f1xx_hal_uart.h"
  94              		.file 10 "Drivers/STM32F1xx_HAL_Driver/Inc/stm32f1xx_hal.h"
  95              		.file 11 "Core/Inc/usart.h"
  96              		.file 12 "d:\\work_project\\9 2019-q4-major\\arm-none-eabi\\include\\sys\\lock.h"
  97              		.file 13 "d:\\work_project\\9 2019-q4-major\\arm-none-eabi\\include\\sys\\_types.h"
  98              		.file 14 "d:\\work_project\\9 2019-q4-major\\lib\\gcc\\arm-none-eabi\\9.2.1\\include\\stddef.h"
  99              		.file 15 "d:\\work_project\\9 2019-q4-major\\arm-none-eabi\\include\\sys\\reent.h"
ARM GAS  C:\Users\GKQ\AppData\Local\Temp\cctnXKf9.s 			page 3


DEFINED SYMBOLS
                            *ABS*:00000000 usart_debug.c
C:\Users\GKQ\AppData\Local\Temp\cctnXKf9.s:16     .text._write:00000000 $t
C:\Users\GKQ\AppData\Local\Temp\cctnXKf9.s:24     .text._write:00000000 _write
C:\Users\GKQ\AppData\Local\Temp\cctnXKf9.s:58     .text._write:00000014 $d
C:\Users\GKQ\AppData\Local\Temp\cctnXKf9.s:63     .text._sys_exit:00000000 $t
C:\Users\GKQ\AppData\Local\Temp\cctnXKf9.s:70     .text._sys_exit:00000000 _sys_exit

UNDEFINED SYMBOLS
HAL_UART_Transmit
huart1
