ARM GAS  C:\Users\GKQ\AppData\Local\Temp\ccHSF4WM.s 			page 1


   1              		.cpu cortex-m3
   2              		.eabi_attribute 20, 1
   3              		.eabi_attribute 21, 1
   4              		.eabi_attribute 23, 3
   5              		.eabi_attribute 24, 1
   6              		.eabi_attribute 25, 1
   7              		.eabi_attribute 26, 1
   8              		.eabi_attribute 30, 1
   9              		.eabi_attribute 34, 1
  10              		.eabi_attribute 18, 4
  11              		.file	"sys.c"
  12              		.text
  13              	.Ltext0:
  14              		.cfi_sections	.debug_frame
  15              		.section	.text.MX_SYS_Init,"ax",%progbits
  16              		.align	1
  17              		.global	MX_SYS_Init
  18              		.arch armv7-m
  19              		.syntax unified
  20              		.thumb
  21              		.thumb_func
  22              		.fpu softvfp
  24              	MX_SYS_Init:
  25              	.LFB65:
  26              		.file 1 "Core/Src/sys.c"
   1:Core/Src/sys.c **** /**
   2:Core/Src/sys.c ****   ******************************************************************************
   3:Core/Src/sys.c ****   * File Name          : SYS.c
   4:Core/Src/sys.c ****   * Description        : This file provides code for the configuration
   5:Core/Src/sys.c ****   *                      of the SYS instances.
   6:Core/Src/sys.c ****   ******************************************************************************
   7:Core/Src/sys.c ****   * @attention
   8:Core/Src/sys.c ****   *
   9:Core/Src/sys.c ****   * <h2><center>&copy; Copyright (c) 2020 STMicroelectronics.
  10:Core/Src/sys.c ****   * All rights reserved.</center></h2>
  11:Core/Src/sys.c ****   *
  12:Core/Src/sys.c ****   * This software component is licensed by ST under BSD 3-Clause license,
  13:Core/Src/sys.c ****   * the "License"; You may not use this file except in compliance with the
  14:Core/Src/sys.c ****   * License. You may obtain a copy of the License at:
  15:Core/Src/sys.c ****   *                        opensource.org/licenses/BSD-3-Clause
  16:Core/Src/sys.c ****   *
  17:Core/Src/sys.c ****   ******************************************************************************
  18:Core/Src/sys.c ****   */
  19:Core/Src/sys.c **** 
  20:Core/Src/sys.c **** /* Includes ------------------------------------------------------------------*/
  21:Core/Src/sys.c **** #include "sys.h"
  22:Core/Src/sys.c **** 
  23:Core/Src/sys.c **** /* USER CODE BEGIN 0 */
  24:Core/Src/sys.c **** 
  25:Core/Src/sys.c **** /* USER CODE END 0 */
  26:Core/Src/sys.c **** 
  27:Core/Src/sys.c **** /* SYS init function */
  28:Core/Src/sys.c **** void MX_SYS_Init(void)
  29:Core/Src/sys.c **** {
  27              		.loc 1 29 1 view -0
  28              		.cfi_startproc
  29              		@ args = 0, pretend = 0, frame = 0
ARM GAS  C:\Users\GKQ\AppData\Local\Temp\ccHSF4WM.s 			page 2


  30              		@ frame_needed = 0, uses_anonymous_args = 0
  31              		@ link register save eliminated.
  30:Core/Src/sys.c **** 
  31:Core/Src/sys.c ****   /** NOJTAG: JTAG-DP Disabled and SW-DP Enabled 
  32:Core/Src/sys.c ****   */
  33:Core/Src/sys.c ****   __HAL_AFIO_REMAP_SWJ_NOJTAG();
  32              		.loc 1 33 3 view .LVU1
  33              	.LBB2:
  34              		.loc 1 33 3 view .LVU2
  35 0000 034A     		ldr	r2, .L2
  36 0002 5368     		ldr	r3, [r2, #4]
  37              	.LVL0:
  38              		.loc 1 33 3 view .LVU3
  39 0004 23F0E063 		bic	r3, r3, #117440512
  40              	.LVL1:
  41              		.loc 1 33 3 view .LVU4
  42 0008 43F00073 		orr	r3, r3, #33554432
  43              	.LVL2:
  44              		.loc 1 33 3 view .LVU5
  45 000c 5360     		str	r3, [r2, #4]
  46              	.LBE2:
  47              		.loc 1 33 3 view .LVU6
  34:Core/Src/sys.c **** 
  35:Core/Src/sys.c **** }
  48              		.loc 1 35 1 is_stmt 0 view .LVU7
  49 000e 7047     		bx	lr
  50              	.L3:
  51              		.align	2
  52              	.L2:
  53 0010 00000140 		.word	1073807360
  54              		.cfi_endproc
  55              	.LFE65:
  57              		.text
  58              	.Letext0:
  59              		.file 2 "d:\\work_project\\9 2019-q4-major\\arm-none-eabi\\include\\machine\\_default_types.h"
  60              		.file 3 "d:\\work_project\\9 2019-q4-major\\arm-none-eabi\\include\\sys\\_stdint.h"
  61              		.file 4 "Drivers/CMSIS/Include/core_cm3.h"
  62              		.file 5 "Drivers/CMSIS/Device/ST/STM32F1xx/Include/system_stm32f1xx.h"
  63              		.file 6 "Drivers/CMSIS/Device/ST/STM32F1xx/Include/stm32f103xe.h"
  64              		.file 7 "Drivers/STM32F1xx_HAL_Driver/Inc/stm32f1xx_hal.h"
ARM GAS  C:\Users\GKQ\AppData\Local\Temp\ccHSF4WM.s 			page 3


DEFINED SYMBOLS
                            *ABS*:00000000 sys.c
C:\Users\GKQ\AppData\Local\Temp\ccHSF4WM.s:16     .text.MX_SYS_Init:00000000 $t
C:\Users\GKQ\AppData\Local\Temp\ccHSF4WM.s:24     .text.MX_SYS_Init:00000000 MX_SYS_Init
C:\Users\GKQ\AppData\Local\Temp\ccHSF4WM.s:53     .text.MX_SYS_Init:00000010 $d

NO UNDEFINED SYMBOLS
