ARM GAS  C:\Users\GKQ\AppData\Local\Temp\ccHbBiTe.s 			page 1


   1              		.cpu cortex-m3
   2              		.eabi_attribute 20, 1
   3              		.eabi_attribute 21, 1
   4              		.eabi_attribute 23, 3
   5              		.eabi_attribute 24, 1
   6              		.eabi_attribute 25, 1
   7              		.eabi_attribute 26, 1
   8              		.eabi_attribute 30, 1
   9              		.eabi_attribute 34, 1
  10              		.eabi_attribute 18, 4
  11              		.file	"u8g2_line.c"
  12              		.text
  13              	.Ltext0:
  14              		.cfi_sections	.debug_frame
  15              		.section	.text.u8g2_DrawLine,"ax",%progbits
  16              		.align	1
  17              		.global	u8g2_DrawLine
  18              		.arch armv7-m
  19              		.syntax unified
  20              		.thumb
  21              		.thumb_func
  22              		.fpu softvfp
  24              	u8g2_DrawLine:
  25              	.LVL0:
  26              	.LFB0:
  27              		.file 1 "u8g2_lib/u8g2_line.c"
   1:u8g2_lib/u8g2_line.c **** /*
   2:u8g2_lib/u8g2_line.c **** 
   3:u8g2_lib/u8g2_line.c ****   u8g2_box.c
   4:u8g2_lib/u8g2_line.c **** 
   5:u8g2_lib/u8g2_line.c ****   Universal 8bit Graphics Library (https://github.com/olikraus/u8g2/)
   6:u8g2_lib/u8g2_line.c **** 
   7:u8g2_lib/u8g2_line.c ****   Copyright (c) 2016, olikraus@gmail.com
   8:u8g2_lib/u8g2_line.c ****   All rights reserved.
   9:u8g2_lib/u8g2_line.c **** 
  10:u8g2_lib/u8g2_line.c ****   Redistribution and use in source and binary forms, with or without modification, 
  11:u8g2_lib/u8g2_line.c ****   are permitted provided that the following conditions are met:
  12:u8g2_lib/u8g2_line.c **** 
  13:u8g2_lib/u8g2_line.c ****   * Redistributions of source code must retain the above copyright notice, this list 
  14:u8g2_lib/u8g2_line.c ****     of conditions and the following disclaimer.
  15:u8g2_lib/u8g2_line.c ****     
  16:u8g2_lib/u8g2_line.c ****   * Redistributions in binary form must reproduce the above copyright notice, this 
  17:u8g2_lib/u8g2_line.c ****     list of conditions and the following disclaimer in the documentation and/or other 
  18:u8g2_lib/u8g2_line.c ****     materials provided with the distribution.
  19:u8g2_lib/u8g2_line.c **** 
  20:u8g2_lib/u8g2_line.c ****   THIS SOFTWARE IS PROVIDED BY THE COPYRIGHT HOLDERS AND 
  21:u8g2_lib/u8g2_line.c ****   CONTRIBUTORS "AS IS" AND ANY EXPRESS OR IMPLIED WARRANTIES, 
  22:u8g2_lib/u8g2_line.c ****   INCLUDING, BUT NOT LIMITED TO, THE IMPLIED WARRANTIES OF 
  23:u8g2_lib/u8g2_line.c ****   MERCHANTABILITY AND FITNESS FOR A PARTICULAR PURPOSE ARE 
  24:u8g2_lib/u8g2_line.c ****   DISCLAIMED. IN NO EVENT SHALL THE COPYRIGHT HOLDER OR 
  25:u8g2_lib/u8g2_line.c ****   CONTRIBUTORS BE LIABLE FOR ANY DIRECT, INDIRECT, INCIDENTAL, 
  26:u8g2_lib/u8g2_line.c ****   SPECIAL, EXEMPLARY, OR CONSEQUENTIAL DAMAGES (INCLUDING, BUT 
  27:u8g2_lib/u8g2_line.c ****   NOT LIMITED TO, PROCUREMENT OF SUBSTITUTE GOODS OR SERVICES; 
  28:u8g2_lib/u8g2_line.c ****   LOSS OF USE, DATA, OR PROFITS; OR BUSINESS INTERRUPTION) HOWEVER 
  29:u8g2_lib/u8g2_line.c ****   CAUSED AND ON ANY THEORY OF LIABILITY, WHETHER IN CONTRACT, 
  30:u8g2_lib/u8g2_line.c ****   STRICT LIABILITY, OR TORT (INCLUDING NEGLIGENCE OR OTHERWISE) 
  31:u8g2_lib/u8g2_line.c ****   ARISING IN ANY WAY OUT OF THE USE OF THIS SOFTWARE, EVEN IF 
ARM GAS  C:\Users\GKQ\AppData\Local\Temp\ccHbBiTe.s 			page 2


  32:u8g2_lib/u8g2_line.c ****   ADVISED OF THE POSSIBILITY OF SUCH DAMAGE.  
  33:u8g2_lib/u8g2_line.c **** 
  34:u8g2_lib/u8g2_line.c **** */
  35:u8g2_lib/u8g2_line.c **** 
  36:u8g2_lib/u8g2_line.c **** #include "u8g2.h"
  37:u8g2_lib/u8g2_line.c **** 
  38:u8g2_lib/u8g2_line.c **** 
  39:u8g2_lib/u8g2_line.c **** void u8g2_DrawLine(u8g2_t *u8g2, u8g2_uint_t x1, u8g2_uint_t y1, u8g2_uint_t x2, u8g2_uint_t y2)
  40:u8g2_lib/u8g2_line.c **** {
  28              		.loc 1 40 1 view -0
  29              		.cfi_startproc
  30              		@ args = 4, pretend = 0, frame = 8
  31              		@ frame_needed = 0, uses_anonymous_args = 0
  32              		.loc 1 40 1 is_stmt 0 view .LVU1
  33 0000 2DE9F04F 		push	{r4, r5, r6, r7, r8, r9, r10, fp, lr}
  34              	.LCFI0:
  35              		.cfi_def_cfa_offset 36
  36              		.cfi_offset 4, -36
  37              		.cfi_offset 5, -32
  38              		.cfi_offset 6, -28
  39              		.cfi_offset 7, -24
  40              		.cfi_offset 8, -20
  41              		.cfi_offset 9, -16
  42              		.cfi_offset 10, -12
  43              		.cfi_offset 11, -8
  44              		.cfi_offset 14, -4
  45 0004 83B0     		sub	sp, sp, #12
  46              	.LCFI1:
  47              		.cfi_def_cfa_offset 48
  48 0006 8146     		mov	r9, r0
  49 0008 1746     		mov	r7, r2
  50 000a 1E46     		mov	r6, r3
  51 000c 9DF83040 		ldrb	r4, [sp, #48]	@ zero_extendqisi2
  41:u8g2_lib/u8g2_line.c ****   u8g2_uint_t tmp;
  52              		.loc 1 41 3 is_stmt 1 view .LVU2
  42:u8g2_lib/u8g2_line.c ****   u8g2_uint_t x,y;
  53              		.loc 1 42 3 view .LVU3
  43:u8g2_lib/u8g2_line.c ****   u8g2_uint_t dx, dy;
  54              		.loc 1 43 3 view .LVU4
  44:u8g2_lib/u8g2_line.c ****   u8g2_int_t err;
  55              		.loc 1 44 3 view .LVU5
  45:u8g2_lib/u8g2_line.c ****   u8g2_int_t ystep;
  56              		.loc 1 45 3 view .LVU6
  46:u8g2_lib/u8g2_line.c **** 
  47:u8g2_lib/u8g2_line.c ****   uint8_t swapxy = 0;
  57              		.loc 1 47 3 view .LVU7
  58              	.LVL1:
  48:u8g2_lib/u8g2_line.c ****   
  49:u8g2_lib/u8g2_line.c ****   /* no intersection check at the moment, should be added... */
  50:u8g2_lib/u8g2_line.c **** 
  51:u8g2_lib/u8g2_line.c ****   if ( x1 > x2 ) dx = x1-x2; else dx = x2-x1;
  59              		.loc 1 51 3 view .LVU8
  60              		.loc 1 51 6 is_stmt 0 view .LVU9
  61 0010 9942     		cmp	r1, r3
  62 0012 29D9     		bls	.L2
  63              		.loc 1 51 18 is_stmt 1 discriminator 1 view .LVU10
  64              		.loc 1 51 21 is_stmt 0 discriminator 1 view .LVU11
ARM GAS  C:\Users\GKQ\AppData\Local\Temp\ccHbBiTe.s 			page 3


  65 0014 A1EB0308 		sub	r8, r1, r3
  66 0018 5FFA88F8 		uxtb	r8, r8
  67              	.LVL2:
  68              	.L3:
  52:u8g2_lib/u8g2_line.c ****   if ( y1 > y2 ) dy = y1-y2; else dy = y2-y1;
  69              		.loc 1 52 3 is_stmt 1 view .LVU12
  70              		.loc 1 52 6 is_stmt 0 view .LVU13
  71 001c A742     		cmp	r7, r4
  72 001e 28D9     		bls	.L4
  73              		.loc 1 52 18 is_stmt 1 discriminator 1 view .LVU14
  74              		.loc 1 52 21 is_stmt 0 discriminator 1 view .LVU15
  75 0020 A7EB040A 		sub	r10, r7, r4
  76 0024 5FFA8AFA 		uxtb	r10, r10
  77              	.LVL3:
  78              	.L5:
  53:u8g2_lib/u8g2_line.c **** 
  54:u8g2_lib/u8g2_line.c ****   if ( dy > dx ) 
  79              		.loc 1 54 3 is_stmt 1 view .LVU16
  80              		.loc 1 54 6 is_stmt 0 view .LVU17
  81 0028 D045     		cmp	r8, r10
  82 002a 27D3     		bcc	.L15
  83              		.loc 1 54 6 view .LVU18
  84 002c 5346     		mov	r3, r10
  85              	.LVL4:
  86              		.loc 1 54 6 view .LVU19
  87 002e C246     		mov	r10, r8
  88              	.LVL5:
  89              		.loc 1 54 6 view .LVU20
  90 0030 9846     		mov	r8, r3
  91              	.LVL6:
  92              		.loc 1 54 6 view .LVU21
  93 0032 2346     		mov	r3, r4
  94 0034 3446     		mov	r4, r6
  95 0036 1E46     		mov	r6, r3
  96 0038 3B46     		mov	r3, r7
  97 003a 0F46     		mov	r7, r1
  98 003c 1946     		mov	r1, r3
  99              	.LVL7:
  47:u8g2_lib/u8g2_line.c ****   
 100              		.loc 1 47 11 view .LVU22
 101 003e 4FF0000B 		mov	fp, #0
 102              	.L6:
 103              	.LVL8:
  55:u8g2_lib/u8g2_line.c ****   {
  56:u8g2_lib/u8g2_line.c ****     swapxy = 1;
  57:u8g2_lib/u8g2_line.c ****     tmp = dx; dx =dy; dy = tmp;
  58:u8g2_lib/u8g2_line.c ****     tmp = x1; x1 =y1; y1 = tmp;
  59:u8g2_lib/u8g2_line.c ****     tmp = x2; x2 =y2; y2 = tmp;
  60:u8g2_lib/u8g2_line.c ****   }
  61:u8g2_lib/u8g2_line.c ****   if ( x1 > x2 ) 
 104              		.loc 1 61 3 is_stmt 1 view .LVU23
 105              		.loc 1 61 6 is_stmt 0 view .LVU24
 106 0042 A742     		cmp	r7, r4
 107 0044 05D8     		bhi	.L7
 108 0046 3346     		mov	r3, r6
 109 0048 0E46     		mov	r6, r1
 110              	.LVL9:
ARM GAS  C:\Users\GKQ\AppData\Local\Temp\ccHbBiTe.s 			page 4


 111              		.loc 1 61 6 view .LVU25
 112 004a 1946     		mov	r1, r3
 113              	.LVL10:
 114              		.loc 1 61 6 view .LVU26
 115 004c 2346     		mov	r3, r4
 116 004e 3C46     		mov	r4, r7
 117              	.LVL11:
 118              		.loc 1 61 6 view .LVU27
 119 0050 1F46     		mov	r7, r3
 120              	.LVL12:
 121              	.L7:
  62:u8g2_lib/u8g2_line.c ****   {
  63:u8g2_lib/u8g2_line.c ****     tmp = x1; x1 =x2; x2 = tmp;
  64:u8g2_lib/u8g2_line.c ****     tmp = y1; y1 =y2; y2 = tmp;
  65:u8g2_lib/u8g2_line.c ****   }
  66:u8g2_lib/u8g2_line.c ****   err = dx >> 1;
 122              		.loc 1 66 3 is_stmt 1 view .LVU28
 123              		.loc 1 66 7 is_stmt 0 view .LVU29
 124 0052 4AF34705 		sbfx	r5, r10, #1, #8
 125              	.LVL13:
  67:u8g2_lib/u8g2_line.c ****   if ( y2 > y1 ) ystep = 1; else ystep = -1;
 126              		.loc 1 67 3 is_stmt 1 view .LVU30
 127              		.loc 1 67 6 is_stmt 0 view .LVU31
 128 0056 8E42     		cmp	r6, r1
 129 0058 13D2     		bcs	.L16
 130              		.loc 1 67 24 view .LVU32
 131 005a 0123     		movs	r3, #1
 132 005c 0193     		str	r3, [sp, #4]
 133              	.L8:
 134              	.LVL14:
  68:u8g2_lib/u8g2_line.c ****   y = y1;
 135              		.loc 1 68 3 is_stmt 1 view .LVU33
  69:u8g2_lib/u8g2_line.c **** 
  70:u8g2_lib/u8g2_line.c **** #ifndef  U8G2_16BIT
  71:u8g2_lib/u8g2_line.c ****   if ( x2 == 255 )
 136              		.loc 1 71 3 view .LVU34
 137              		.loc 1 71 6 is_stmt 0 view .LVU35
 138 005e FF2F     		cmp	r7, #255
 139 0060 20D1     		bne	.L10
  72:u8g2_lib/u8g2_line.c ****     x2--;
 140              		.loc 1 72 5 is_stmt 1 view .LVU36
 141              		.loc 1 72 7 is_stmt 0 view .LVU37
 142 0062 013F     		subs	r7, r7, #1
 143              	.LVL15:
 144              		.loc 1 72 7 view .LVU38
 145 0064 FFB2     		uxtb	r7, r7
 146              	.LVL16:
  73:u8g2_lib/u8g2_line.c **** #else
  74:u8g2_lib/u8g2_line.c ****   if ( x2 == 0xffff )
  75:u8g2_lib/u8g2_line.c ****     x2--;
  76:u8g2_lib/u8g2_line.c **** #endif
  77:u8g2_lib/u8g2_line.c **** 
  78:u8g2_lib/u8g2_line.c ****   for( x = x1; x <= x2; x++ )
 147              		.loc 1 78 3 is_stmt 1 view .LVU39
 148              		.loc 1 78 3 is_stmt 0 view .LVU40
 149 0066 1DE0     		b	.L10
 150              	.LVL17:
ARM GAS  C:\Users\GKQ\AppData\Local\Temp\ccHbBiTe.s 			page 5


 151              	.L2:
  51:u8g2_lib/u8g2_line.c ****   if ( y1 > y2 ) dy = y1-y2; else dy = y2-y1;
 152              		.loc 1 51 35 is_stmt 1 discriminator 2 view .LVU41
  51:u8g2_lib/u8g2_line.c ****   if ( y1 > y2 ) dy = y1-y2; else dy = y2-y1;
 153              		.loc 1 51 38 is_stmt 0 discriminator 2 view .LVU42
 154 0068 A3EB0108 		sub	r8, r3, r1
 155 006c 5FFA88F8 		uxtb	r8, r8
 156              	.LVL18:
  51:u8g2_lib/u8g2_line.c ****   if ( y1 > y2 ) dy = y1-y2; else dy = y2-y1;
 157              		.loc 1 51 38 discriminator 2 view .LVU43
 158 0070 D4E7     		b	.L3
 159              	.L4:
  52:u8g2_lib/u8g2_line.c **** 
 160              		.loc 1 52 35 is_stmt 1 discriminator 2 view .LVU44
  52:u8g2_lib/u8g2_line.c **** 
 161              		.loc 1 52 38 is_stmt 0 discriminator 2 view .LVU45
 162 0072 A4EB070A 		sub	r10, r4, r7
 163 0076 5FFA8AFA 		uxtb	r10, r10
 164              	.LVL19:
  52:u8g2_lib/u8g2_line.c **** 
 165              		.loc 1 52 38 discriminator 2 view .LVU46
 166 007a D5E7     		b	.L5
 167              	.L15:
  56:u8g2_lib/u8g2_line.c ****     tmp = dx; dx =dy; dy = tmp;
 168              		.loc 1 56 12 view .LVU47
 169 007c 4FF0010B 		mov	fp, #1
 170 0080 DFE7     		b	.L6
 171              	.LVL20:
 172              	.L16:
  67:u8g2_lib/u8g2_line.c ****   y = y1;
 173              		.loc 1 67 40 view .LVU48
 174 0082 4FF0FF33 		mov	r3, #-1
 175 0086 0193     		str	r3, [sp, #4]
 176 0088 E9E7     		b	.L8
 177              	.LVL21:
 178              	.L11:
  79:u8g2_lib/u8g2_line.c ****   {
  80:u8g2_lib/u8g2_line.c ****     if ( swapxy == 0 ) 
  81:u8g2_lib/u8g2_line.c ****       u8g2_DrawPixel(u8g2, x, y); 
  82:u8g2_lib/u8g2_line.c ****     else 
  83:u8g2_lib/u8g2_line.c ****       u8g2_DrawPixel(u8g2, y, x); 
 179              		.loc 1 83 7 is_stmt 1 view .LVU49
 180 008a 2246     		mov	r2, r4
 181 008c 3146     		mov	r1, r6
 182 008e 4846     		mov	r0, r9
 183 0090 FFF7FEFF 		bl	u8g2_DrawPixel
 184              	.LVL22:
 185              	.L12:
  84:u8g2_lib/u8g2_line.c ****     err -= (uint8_t)dy;
 186              		.loc 1 84 5 view .LVU50
 187              		.loc 1 84 9 is_stmt 0 view .LVU51
 188 0094 A5EB0805 		sub	r5, r5, r8
 189              	.LVL23:
 190              		.loc 1 84 9 view .LVU52
 191 0098 EAB2     		uxtb	r2, r5
 192 009a 6DB2     		sxtb	r5, r5
 193              	.LVL24:
ARM GAS  C:\Users\GKQ\AppData\Local\Temp\ccHbBiTe.s 			page 6


  85:u8g2_lib/u8g2_line.c ****     if ( err < 0 ) 
 194              		.loc 1 85 5 is_stmt 1 view .LVU53
 195              		.loc 1 85 8 is_stmt 0 view .LVU54
 196 009c 002D     		cmp	r5, #0
 197 009e 0CDB     		blt	.L18
 198              	.L13:
  78:u8g2_lib/u8g2_line.c ****   {
 199              		.loc 1 78 25 is_stmt 1 discriminator 2 view .LVU55
  78:u8g2_lib/u8g2_line.c ****   {
 200              		.loc 1 78 26 is_stmt 0 discriminator 2 view .LVU56
 201 00a0 0134     		adds	r4, r4, #1
 202              	.LVL25:
  78:u8g2_lib/u8g2_line.c ****   {
 203              		.loc 1 78 26 discriminator 2 view .LVU57
 204 00a2 E4B2     		uxtb	r4, r4
 205              	.LVL26:
 206              	.L10:
  78:u8g2_lib/u8g2_line.c ****   {
 207              		.loc 1 78 16 is_stmt 1 discriminator 1 view .LVU58
  78:u8g2_lib/u8g2_line.c ****   {
 208              		.loc 1 78 3 is_stmt 0 discriminator 1 view .LVU59
 209 00a4 A742     		cmp	r7, r4
 210 00a6 10D3     		bcc	.L19
  80:u8g2_lib/u8g2_line.c ****       u8g2_DrawPixel(u8g2, x, y); 
 211              		.loc 1 80 5 is_stmt 1 view .LVU60
  80:u8g2_lib/u8g2_line.c ****       u8g2_DrawPixel(u8g2, x, y); 
 212              		.loc 1 80 8 is_stmt 0 view .LVU61
 213 00a8 BBF1000F 		cmp	fp, #0
 214 00ac EDD1     		bne	.L11
  81:u8g2_lib/u8g2_line.c ****     else 
 215              		.loc 1 81 7 is_stmt 1 view .LVU62
 216 00ae 3246     		mov	r2, r6
 217 00b0 2146     		mov	r1, r4
 218 00b2 4846     		mov	r0, r9
 219 00b4 FFF7FEFF 		bl	u8g2_DrawPixel
 220              	.LVL27:
 221 00b8 ECE7     		b	.L12
 222              	.L18:
  86:u8g2_lib/u8g2_line.c ****     {
  87:u8g2_lib/u8g2_line.c ****       y += (u8g2_uint_t)ystep;
 223              		.loc 1 87 7 view .LVU63
 224              		.loc 1 87 12 is_stmt 0 view .LVU64
 225 00ba 9DF80430 		ldrb	r3, [sp, #4]	@ zero_extendqisi2
 226              		.loc 1 87 9 view .LVU65
 227 00be 1E44     		add	r6, r6, r3
 228              	.LVL28:
 229              		.loc 1 87 9 view .LVU66
 230 00c0 F6B2     		uxtb	r6, r6
 231              	.LVL29:
  88:u8g2_lib/u8g2_line.c ****       err += (u8g2_uint_t)dx;
 232              		.loc 1 88 7 is_stmt 1 view .LVU67
 233              		.loc 1 88 11 is_stmt 0 view .LVU68
 234 00c2 02EB0A05 		add	r5, r2, r10
 235              	.LVL30:
 236              		.loc 1 88 11 view .LVU69
 237 00c6 6DB2     		sxtb	r5, r5
 238              	.LVL31:
ARM GAS  C:\Users\GKQ\AppData\Local\Temp\ccHbBiTe.s 			page 7


 239              		.loc 1 88 11 view .LVU70
 240 00c8 EAE7     		b	.L13
 241              	.L19:
  89:u8g2_lib/u8g2_line.c ****     }
  90:u8g2_lib/u8g2_line.c ****   }
  91:u8g2_lib/u8g2_line.c **** }
 242              		.loc 1 91 1 view .LVU71
 243 00ca 03B0     		add	sp, sp, #12
 244              	.LCFI2:
 245              		.cfi_def_cfa_offset 36
 246              		@ sp needed
 247 00cc BDE8F08F 		pop	{r4, r5, r6, r7, r8, r9, r10, fp, pc}
 248              		.loc 1 91 1 view .LVU72
 249              		.cfi_endproc
 250              	.LFE0:
 252              		.text
 253              	.Letext0:
 254              		.file 2 "d:\\work_project\\9 2019-q4-major\\arm-none-eabi\\include\\machine\\_default_types.h"
 255              		.file 3 "d:\\work_project\\9 2019-q4-major\\arm-none-eabi\\include\\sys\\_stdint.h"
 256              		.file 4 "u8g2_lib/u8x8.h"
 257              		.file 5 "u8g2_lib/u8g2.h"
ARM GAS  C:\Users\GKQ\AppData\Local\Temp\ccHbBiTe.s 			page 8


DEFINED SYMBOLS
                            *ABS*:00000000 u8g2_line.c
C:\Users\GKQ\AppData\Local\Temp\ccHbBiTe.s:16     .text.u8g2_DrawLine:00000000 $t
C:\Users\GKQ\AppData\Local\Temp\ccHbBiTe.s:24     .text.u8g2_DrawLine:00000000 u8g2_DrawLine

UNDEFINED SYMBOLS
u8g2_DrawPixel
