ARM GAS  C:\Users\GKQ\AppData\Local\Temp\cc9jqtwk.s 			page 1


   1              		.cpu cortex-m3
   2              		.eabi_attribute 20, 1
   3              		.eabi_attribute 21, 1
   4              		.eabi_attribute 23, 3
   5              		.eabi_attribute 24, 1
   6              		.eabi_attribute 25, 1
   7              		.eabi_attribute 26, 1
   8              		.eabi_attribute 30, 1
   9              		.eabi_attribute 34, 1
  10              		.eabi_attribute 18, 4
  11              		.file	"u8g2_message.c"
  12              		.text
  13              	.Ltext0:
  14              		.cfi_sections	.debug_frame
  15              		.section	.text.u8g2_draw_button_line,"ax",%progbits
  16              		.align	1
  17              		.global	u8g2_draw_button_line
  18              		.arch armv7-m
  19              		.syntax unified
  20              		.thumb
  21              		.thumb_func
  22              		.fpu softvfp
  24              	u8g2_draw_button_line:
  25              	.LVL0:
  26              	.LFB0:
  27              		.file 1 "u8g2_lib/u8g2_message.c"
   1:u8g2_lib/u8g2_message.c **** /*
   2:u8g2_lib/u8g2_message.c **** 
   3:u8g2_lib/u8g2_message.c ****   u8g2_message.c
   4:u8g2_lib/u8g2_message.c ****   
   5:u8g2_lib/u8g2_message.c ****   Universal 8bit Graphics Library (https://github.com/olikraus/u8g2/)
   6:u8g2_lib/u8g2_message.c **** 
   7:u8g2_lib/u8g2_message.c ****   Copyright (c) 2016, olikraus@gmail.com
   8:u8g2_lib/u8g2_message.c ****   All rights reserved.
   9:u8g2_lib/u8g2_message.c **** 
  10:u8g2_lib/u8g2_message.c ****   Redistribution and use in source and binary forms, with or without modification, 
  11:u8g2_lib/u8g2_message.c ****   are permitted provided that the following conditions are met:
  12:u8g2_lib/u8g2_message.c **** 
  13:u8g2_lib/u8g2_message.c ****   * Redistributions of source code must retain the above copyright notice, this list 
  14:u8g2_lib/u8g2_message.c ****     of conditions and the following disclaimer.
  15:u8g2_lib/u8g2_message.c ****     
  16:u8g2_lib/u8g2_message.c ****   * Redistributions in binary form must reproduce the above copyright notice, this 
  17:u8g2_lib/u8g2_message.c ****     list of conditions and the following disclaimer in the documentation and/or other 
  18:u8g2_lib/u8g2_message.c ****     materials provided with the distribution.
  19:u8g2_lib/u8g2_message.c **** 
  20:u8g2_lib/u8g2_message.c ****   THIS SOFTWARE IS PROVIDED BY THE COPYRIGHT HOLDERS AND 
  21:u8g2_lib/u8g2_message.c ****   CONTRIBUTORS "AS IS" AND ANY EXPRESS OR IMPLIED WARRANTIES, 
  22:u8g2_lib/u8g2_message.c ****   INCLUDING, BUT NOT LIMITED TO, THE IMPLIED WARRANTIES OF 
  23:u8g2_lib/u8g2_message.c ****   MERCHANTABILITY AND FITNESS FOR A PARTICULAR PURPOSE ARE 
  24:u8g2_lib/u8g2_message.c ****   DISCLAIMED. IN NO EVENT SHALL THE COPYRIGHT HOLDER OR 
  25:u8g2_lib/u8g2_message.c ****   CONTRIBUTORS BE LIABLE FOR ANY DIRECT, INDIRECT, INCIDENTAL, 
  26:u8g2_lib/u8g2_message.c ****   SPECIAL, EXEMPLARY, OR CONSEQUENTIAL DAMAGES (INCLUDING, BUT 
  27:u8g2_lib/u8g2_message.c ****   NOT LIMITED TO, PROCUREMENT OF SUBSTITUTE GOODS OR SERVICES; 
  28:u8g2_lib/u8g2_message.c ****   LOSS OF USE, DATA, OR PROFITS; OR BUSINESS INTERRUPTION) HOWEVER 
  29:u8g2_lib/u8g2_message.c ****   CAUSED AND ON ANY THEORY OF LIABILITY, WHETHER IN CONTRACT, 
  30:u8g2_lib/u8g2_message.c ****   STRICT LIABILITY, OR TORT (INCLUDING NEGLIGENCE OR OTHERWISE) 
  31:u8g2_lib/u8g2_message.c ****   ARISING IN ANY WAY OUT OF THE USE OF THIS SOFTWARE, EVEN IF 
ARM GAS  C:\Users\GKQ\AppData\Local\Temp\cc9jqtwk.s 			page 2


  32:u8g2_lib/u8g2_message.c ****   ADVISED OF THE POSSIBILITY OF SUCH DAMAGE.  
  33:u8g2_lib/u8g2_message.c ****   
  34:u8g2_lib/u8g2_message.c **** */
  35:u8g2_lib/u8g2_message.c **** 
  36:u8g2_lib/u8g2_message.c **** #include "u8g2.h"
  37:u8g2_lib/u8g2_message.c **** 
  38:u8g2_lib/u8g2_message.c **** #define SPACE_BETWEEN_BUTTONS_IN_PIXEL 6
  39:u8g2_lib/u8g2_message.c **** #define SPACE_BETWEEN_TEXT_AND_BUTTONS_IN_PIXEL 3
  40:u8g2_lib/u8g2_message.c **** 
  41:u8g2_lib/u8g2_message.c **** uint8_t u8g2_draw_button_line(u8g2_t *u8g2, u8g2_uint_t y, u8g2_uint_t w, uint8_t cursor, const cha
  42:u8g2_lib/u8g2_message.c **** {
  28              		.loc 1 42 1 view -0
  29              		.cfi_startproc
  30              		@ args = 4, pretend = 0, frame = 0
  31              		@ frame_needed = 0, uses_anonymous_args = 0
  32              		.loc 1 42 1 is_stmt 0 view .LVU1
  33 0000 2DE9F04F 		push	{r4, r5, r6, r7, r8, r9, r10, fp, lr}
  34              	.LCFI0:
  35              		.cfi_def_cfa_offset 36
  36              		.cfi_offset 4, -36
  37              		.cfi_offset 5, -32
  38              		.cfi_offset 6, -28
  39              		.cfi_offset 7, -24
  40              		.cfi_offset 8, -20
  41              		.cfi_offset 9, -16
  42              		.cfi_offset 10, -12
  43              		.cfi_offset 11, -8
  44              		.cfi_offset 14, -4
  45 0004 85B0     		sub	sp, sp, #20
  46              	.LCFI1:
  47              		.cfi_def_cfa_offset 56
  48 0006 0546     		mov	r5, r0
  49 0008 8846     		mov	r8, r1
  50 000a 9246     		mov	r10, r2
  51 000c 9946     		mov	r9, r3
  52 000e 0E9E     		ldr	r6, [sp, #56]
  43:u8g2_lib/u8g2_message.c ****   u8g2_uint_t button_line_width;
  53              		.loc 1 43 3 is_stmt 1 view .LVU2
  44:u8g2_lib/u8g2_message.c **** 	
  45:u8g2_lib/u8g2_message.c ****   uint8_t i;
  54              		.loc 1 45 3 view .LVU3
  46:u8g2_lib/u8g2_message.c ****   uint8_t cnt;
  55              		.loc 1 46 3 view .LVU4
  47:u8g2_lib/u8g2_message.c ****   uint8_t is_invert;
  56              		.loc 1 47 3 view .LVU5
  48:u8g2_lib/u8g2_message.c **** 	
  49:u8g2_lib/u8g2_message.c ****   u8g2_uint_t d;
  57              		.loc 1 49 3 view .LVU6
  50:u8g2_lib/u8g2_message.c ****   u8g2_uint_t x;
  58              		.loc 1 50 3 view .LVU7
  51:u8g2_lib/u8g2_message.c **** 	
  52:u8g2_lib/u8g2_message.c ****   cnt = u8x8_GetStringLineCnt(s);
  59              		.loc 1 52 3 view .LVU8
  60              		.loc 1 52 9 is_stmt 0 view .LVU9
  61 0010 3046     		mov	r0, r6
  62              	.LVL1:
  63              		.loc 1 52 9 view .LVU10
ARM GAS  C:\Users\GKQ\AppData\Local\Temp\cc9jqtwk.s 			page 3


  64 0012 FFF7FEFF 		bl	u8x8_GetStringLineCnt
  65              	.LVL2:
  66              		.loc 1 52 9 view .LVU11
  67 0016 0746     		mov	r7, r0
  68              	.LVL3:
  53:u8g2_lib/u8g2_message.c ****   
  54:u8g2_lib/u8g2_message.c **** 	
  55:u8g2_lib/u8g2_message.c ****   /* calculate the width of the button line */
  56:u8g2_lib/u8g2_message.c ****   button_line_width = 0;
  69              		.loc 1 56 3 is_stmt 1 view .LVU12
  57:u8g2_lib/u8g2_message.c ****   for( i = 0; i < cnt; i++ )
  70              		.loc 1 57 3 view .LVU13
  71              		.loc 1 57 10 is_stmt 0 view .LVU14
  72 0018 0024     		movs	r4, #0
  56:u8g2_lib/u8g2_message.c ****   for( i = 0; i < cnt; i++ )
  73              		.loc 1 56 21 view .LVU15
  74 001a A346     		mov	fp, r4
  75              	.LVL4:
  76              	.L2:
  77              		.loc 1 57 15 is_stmt 1 discriminator 1 view .LVU16
  78              		.loc 1 57 3 is_stmt 0 discriminator 1 view .LVU17
  79 001c BC42     		cmp	r4, r7
  80 001e 0DD2     		bcs	.L11
  58:u8g2_lib/u8g2_message.c ****   {
  59:u8g2_lib/u8g2_message.c ****     button_line_width += u8g2_GetUTF8Width(u8g2, u8x8_GetStringLineStart(i, s));
  81              		.loc 1 59 5 is_stmt 1 discriminator 3 view .LVU18
  82              		.loc 1 59 26 is_stmt 0 discriminator 3 view .LVU19
  83 0020 3146     		mov	r1, r6
  84 0022 2046     		mov	r0, r4
  85 0024 FFF7FEFF 		bl	u8x8_GetStringLineStart
  86              	.LVL5:
  87 0028 0146     		mov	r1, r0
  88 002a 2846     		mov	r0, r5
  89 002c FFF7FEFF 		bl	u8g2_GetUTF8Width
  90              	.LVL6:
  91              		.loc 1 59 23 discriminator 3 view .LVU20
  92 0030 5844     		add	r0, r0, fp
  93 0032 5FFA80FB 		uxtb	fp, r0
  94              	.LVL7:
  57:u8g2_lib/u8g2_message.c ****   {
  95              		.loc 1 57 24 is_stmt 1 discriminator 3 view .LVU21
  57:u8g2_lib/u8g2_message.c ****   {
  96              		.loc 1 57 25 is_stmt 0 discriminator 3 view .LVU22
  97 0036 0134     		adds	r4, r4, #1
  98              	.LVL8:
  57:u8g2_lib/u8g2_message.c ****   {
  99              		.loc 1 57 25 discriminator 3 view .LVU23
 100 0038 E4B2     		uxtb	r4, r4
 101              	.LVL9:
  57:u8g2_lib/u8g2_message.c ****   {
 102              		.loc 1 57 25 discriminator 3 view .LVU24
 103 003a EFE7     		b	.L2
 104              	.L11:
  60:u8g2_lib/u8g2_message.c ****   }
  61:u8g2_lib/u8g2_message.c ****   button_line_width += (cnt-1)*SPACE_BETWEEN_BUTTONS_IN_PIXEL;	/* add some space between the button
 105              		.loc 1 61 3 is_stmt 1 view .LVU25
 106              		.loc 1 61 21 is_stmt 0 view .LVU26
ARM GAS  C:\Users\GKQ\AppData\Local\Temp\cc9jqtwk.s 			page 4


 107 003c 07EB4703 		add	r3, r7, r7, lsl #1
 108 0040 0BEB4303 		add	r3, fp, r3, lsl #1
 109 0044 DBB2     		uxtb	r3, r3
 110 0046 063B     		subs	r3, r3, #6
 111 0048 DBB2     		uxtb	r3, r3
 112              	.LVL10:
  62:u8g2_lib/u8g2_message.c ****   
  63:u8g2_lib/u8g2_message.c ****   /* calculate the left offset */
  64:u8g2_lib/u8g2_message.c ****   d = 0;
 113              		.loc 1 64 3 is_stmt 1 view .LVU27
  65:u8g2_lib/u8g2_message.c ****   if ( button_line_width < w )
 114              		.loc 1 65 3 view .LVU28
 115              		.loc 1 65 6 is_stmt 0 view .LVU29
 116 004a 5345     		cmp	r3, r10
 117 004c 05D2     		bcs	.L8
  66:u8g2_lib/u8g2_message.c ****   {
  67:u8g2_lib/u8g2_message.c ****     d = w;
 118              		.loc 1 67 5 is_stmt 1 view .LVU30
 119              	.LVL11:
  68:u8g2_lib/u8g2_message.c ****     d -= button_line_width;
 120              		.loc 1 68 5 view .LVU31
 121              		.loc 1 68 7 is_stmt 0 view .LVU32
 122 004e AAEB0302 		sub	r2, r10, r3
 123              	.LVL12:
  69:u8g2_lib/u8g2_message.c ****     d /= 2;
 124              		.loc 1 69 5 is_stmt 1 view .LVU33
 125              		.loc 1 69 7 is_stmt 0 view .LVU34
 126 0052 C2F3460A 		ubfx	r10, r2, #1, #7
 127              	.LVL13:
 128              	.L4:
  70:u8g2_lib/u8g2_message.c ****   }
  71:u8g2_lib/u8g2_message.c ****   
  72:u8g2_lib/u8g2_message.c ****   /* draw the buttons */
  73:u8g2_lib/u8g2_message.c ****   x = d;
  74:u8g2_lib/u8g2_message.c ****   for( i = 0; i < cnt; i++ )
  75:u8g2_lib/u8g2_message.c ****   {
  76:u8g2_lib/u8g2_message.c ****     is_invert = 0;
 129              		.loc 1 76 15 discriminator 1 view .LVU35
 130 0056 0024     		movs	r4, #0
 131              	.LVL14:
 132              		.loc 1 76 15 discriminator 1 view .LVU36
 133 0058 23E0     		b	.L5
 134              	.LVL15:
 135              	.L8:
  64:u8g2_lib/u8g2_message.c ****   if ( button_line_width < w )
 136              		.loc 1 64 5 view .LVU37
 137 005a 4FF0000A 		mov	r10, #0
 138 005e FAE7     		b	.L4
 139              	.LVL16:
 140              	.L9:
  77:u8g2_lib/u8g2_message.c ****     if ( i == cursor )
  78:u8g2_lib/u8g2_message.c ****       is_invert = 1;
 141              		.loc 1 78 17 view .LVU38
 142 0060 4FF0010B 		mov	fp, #1
 143              	.L6:
 144              	.LVL17:
  79:u8g2_lib/u8g2_message.c **** 
ARM GAS  C:\Users\GKQ\AppData\Local\Temp\cc9jqtwk.s 			page 5


  80:u8g2_lib/u8g2_message.c ****     u8g2_DrawUTF8Line(u8g2, x, y, 0, u8x8_GetStringLineStart(i, s), 1, is_invert);
 145              		.loc 1 80 5 is_stmt 1 discriminator 2 view .LVU39
 146 0064 3146     		mov	r1, r6
 147 0066 2046     		mov	r0, r4
 148 0068 FFF7FEFF 		bl	u8x8_GetStringLineStart
 149              	.LVL18:
 150 006c CDF808B0 		str	fp, [sp, #8]
 151 0070 0123     		movs	r3, #1
 152 0072 0193     		str	r3, [sp, #4]
 153 0074 0090     		str	r0, [sp]
 154 0076 0023     		movs	r3, #0
 155 0078 4246     		mov	r2, r8
 156 007a 5146     		mov	r1, r10
 157 007c 2846     		mov	r0, r5
 158 007e FFF7FEFF 		bl	u8g2_DrawUTF8Line
 159              	.LVL19:
  81:u8g2_lib/u8g2_message.c ****     x += u8g2_GetUTF8Width(u8g2, u8x8_GetStringLineStart(i, s));
 160              		.loc 1 81 5 discriminator 2 view .LVU40
 161              		.loc 1 81 10 is_stmt 0 discriminator 2 view .LVU41
 162 0082 3146     		mov	r1, r6
 163 0084 2046     		mov	r0, r4
 164 0086 FFF7FEFF 		bl	u8x8_GetStringLineStart
 165              	.LVL20:
 166 008a 0146     		mov	r1, r0
 167 008c 2846     		mov	r0, r5
 168 008e FFF7FEFF 		bl	u8g2_GetUTF8Width
 169              	.LVL21:
 170              		.loc 1 81 7 discriminator 2 view .LVU42
 171 0092 0AEB0002 		add	r2, r10, r0
 172 0096 D2B2     		uxtb	r2, r2
 173              	.LVL22:
  82:u8g2_lib/u8g2_message.c ****     x += SPACE_BETWEEN_BUTTONS_IN_PIXEL;
 174              		.loc 1 82 5 is_stmt 1 discriminator 2 view .LVU43
 175              		.loc 1 82 7 is_stmt 0 discriminator 2 view .LVU44
 176 0098 0632     		adds	r2, r2, #6
 177              	.LVL23:
 178              		.loc 1 82 7 discriminator 2 view .LVU45
 179 009a 5FFA82FA 		uxtb	r10, r2
 180              	.LVL24:
  74:u8g2_lib/u8g2_message.c ****   {
 181              		.loc 1 74 24 is_stmt 1 discriminator 2 view .LVU46
  74:u8g2_lib/u8g2_message.c ****   {
 182              		.loc 1 74 25 is_stmt 0 discriminator 2 view .LVU47
 183 009e 0134     		adds	r4, r4, #1
 184              	.LVL25:
  74:u8g2_lib/u8g2_message.c ****   {
 185              		.loc 1 74 25 discriminator 2 view .LVU48
 186 00a0 E4B2     		uxtb	r4, r4
 187              	.LVL26:
 188              	.L5:
  74:u8g2_lib/u8g2_message.c ****   {
 189              		.loc 1 74 15 is_stmt 1 discriminator 1 view .LVU49
  74:u8g2_lib/u8g2_message.c ****   {
 190              		.loc 1 74 3 is_stmt 0 discriminator 1 view .LVU50
 191 00a2 BC42     		cmp	r4, r7
 192 00a4 04D2     		bcs	.L12
  76:u8g2_lib/u8g2_message.c ****     if ( i == cursor )
ARM GAS  C:\Users\GKQ\AppData\Local\Temp\cc9jqtwk.s 			page 6


 193              		.loc 1 76 5 is_stmt 1 view .LVU51
 194              	.LVL27:
  77:u8g2_lib/u8g2_message.c ****       is_invert = 1;
 195              		.loc 1 77 5 view .LVU52
  77:u8g2_lib/u8g2_message.c ****       is_invert = 1;
 196              		.loc 1 77 8 is_stmt 0 view .LVU53
 197 00a6 4C45     		cmp	r4, r9
 198 00a8 DAD0     		beq	.L9
  76:u8g2_lib/u8g2_message.c ****     if ( i == cursor )
 199              		.loc 1 76 15 view .LVU54
 200 00aa 4FF0000B 		mov	fp, #0
 201 00ae D9E7     		b	.L6
 202              	.LVL28:
 203              	.L12:
  83:u8g2_lib/u8g2_message.c ****   }
  84:u8g2_lib/u8g2_message.c ****   
  85:u8g2_lib/u8g2_message.c ****   /* return the number of buttons */
  86:u8g2_lib/u8g2_message.c ****   return cnt;
 204              		.loc 1 86 3 is_stmt 1 view .LVU55
  87:u8g2_lib/u8g2_message.c **** }
 205              		.loc 1 87 1 is_stmt 0 view .LVU56
 206 00b0 3846     		mov	r0, r7
 207 00b2 05B0     		add	sp, sp, #20
 208              	.LCFI2:
 209              		.cfi_def_cfa_offset 36
 210              		@ sp needed
 211 00b4 BDE8F08F 		pop	{r4, r5, r6, r7, r8, r9, r10, fp, pc}
 212              		.loc 1 87 1 view .LVU57
 213              		.cfi_endproc
 214              	.LFE0:
 216              		.section	.text.u8g2_UserInterfaceMessage,"ax",%progbits
 217              		.align	1
 218              		.global	u8g2_UserInterfaceMessage
 219              		.syntax unified
 220              		.thumb
 221              		.thumb_func
 222              		.fpu softvfp
 224              	u8g2_UserInterfaceMessage:
 225              	.LVL29:
 226              	.LFB1:
  88:u8g2_lib/u8g2_message.c **** 
  89:u8g2_lib/u8g2_message.c **** /*
  90:u8g2_lib/u8g2_message.c ****   title1:	Multiple lines,separated by '\n'
  91:u8g2_lib/u8g2_message.c ****   title2:	A single line/string which is terminated by '\0' or '\n' . "title2" accepts the return va
  92:u8g2_lib/u8g2_message.c ****   title3:	Multiple lines,separated by '\n'
  93:u8g2_lib/u8g2_message.c ****   buttons:	one more more buttons separated by '\n' and terminated with '\0'
  94:u8g2_lib/u8g2_message.c ****   side effects:
  95:u8g2_lib/u8g2_message.c ****     u8g2_SetFontDirection(u8g2, 0);
  96:u8g2_lib/u8g2_message.c ****     u8g2_SetFontPosBaseline(u8g2);
  97:u8g2_lib/u8g2_message.c **** */
  98:u8g2_lib/u8g2_message.c **** 
  99:u8g2_lib/u8g2_message.c **** uint8_t u8g2_UserInterfaceMessage(u8g2_t *u8g2, const char *title1, const char *title2, const char 
 100:u8g2_lib/u8g2_message.c **** {
 227              		.loc 1 100 1 is_stmt 1 view -0
 228              		.cfi_startproc
 229              		@ args = 4, pretend = 0, frame = 8
 230              		@ frame_needed = 0, uses_anonymous_args = 0
ARM GAS  C:\Users\GKQ\AppData\Local\Temp\cc9jqtwk.s 			page 7


 231              		.loc 1 100 1 is_stmt 0 view .LVU59
 232 0000 2DE9F04F 		push	{r4, r5, r6, r7, r8, r9, r10, fp, lr}
 233              	.LCFI3:
 234              		.cfi_def_cfa_offset 36
 235              		.cfi_offset 4, -36
 236              		.cfi_offset 5, -32
 237              		.cfi_offset 6, -28
 238              		.cfi_offset 7, -24
 239              		.cfi_offset 8, -20
 240              		.cfi_offset 9, -16
 241              		.cfi_offset 10, -12
 242              		.cfi_offset 11, -8
 243              		.cfi_offset 14, -4
 244 0004 87B0     		sub	sp, sp, #28
 245              	.LCFI4:
 246              		.cfi_def_cfa_offset 64
 247 0006 0546     		mov	r5, r0
 248 0008 8A46     		mov	r10, r1
 249 000a 9046     		mov	r8, r2
 250 000c 9B46     		mov	fp, r3
 101:u8g2_lib/u8g2_message.c ****   uint8_t height;
 251              		.loc 1 101 3 is_stmt 1 view .LVU60
 102:u8g2_lib/u8g2_message.c ****   uint8_t line_height;
 252              		.loc 1 102 3 view .LVU61
 103:u8g2_lib/u8g2_message.c ****   u8g2_uint_t pixel_height;
 253              		.loc 1 103 3 view .LVU62
 104:u8g2_lib/u8g2_message.c ****   u8g2_uint_t y, yy;
 254              		.loc 1 104 3 view .LVU63
 105:u8g2_lib/u8g2_message.c **** 	
 106:u8g2_lib/u8g2_message.c ****   uint8_t cursor = 0;
 255              		.loc 1 106 3 view .LVU64
 256              	.LVL30:
 107:u8g2_lib/u8g2_message.c ****   uint8_t button_cnt;
 257              		.loc 1 107 3 view .LVU65
 108:u8g2_lib/u8g2_message.c ****   uint8_t event;
 258              		.loc 1 108 3 view .LVU66
 109:u8g2_lib/u8g2_message.c **** 	
 110:u8g2_lib/u8g2_message.c ****   /* only horizontal strings are supported, so force this here */
 111:u8g2_lib/u8g2_message.c ****   u8g2_SetFontDirection(u8g2, 0);
 259              		.loc 1 111 3 view .LVU67
 260 000e 0021     		movs	r1, #0
 261              	.LVL31:
 262              		.loc 1 111 3 is_stmt 0 view .LVU68
 263 0010 FFF7FEFF 		bl	u8g2_SetFontDirection
 264              	.LVL32:
 112:u8g2_lib/u8g2_message.c **** 
 113:u8g2_lib/u8g2_message.c ****   /* force baseline position */
 114:u8g2_lib/u8g2_message.c ****   u8g2_SetFontPosBaseline(u8g2);
 265              		.loc 1 114 3 is_stmt 1 view .LVU69
 266 0014 2846     		mov	r0, r5
 267 0016 FFF7FEFF 		bl	u8g2_SetFontPosBaseline
 268              	.LVL33:
 115:u8g2_lib/u8g2_message.c **** 	
 116:u8g2_lib/u8g2_message.c **** 	
 117:u8g2_lib/u8g2_message.c ****   /* calculate line height */
 118:u8g2_lib/u8g2_message.c ****   line_height = u8g2_GetAscent(u8g2);
 269              		.loc 1 118 3 view .LVU70
ARM GAS  C:\Users\GKQ\AppData\Local\Temp\cc9jqtwk.s 			page 8


 270              		.loc 1 118 17 is_stmt 0 view .LVU71
 271 001a 95F97E60 		ldrsb	r6, [r5, #126]
 272              		.loc 1 118 15 view .LVU72
 273 001e F6B2     		uxtb	r6, r6
 274              	.LVL34:
 119:u8g2_lib/u8g2_message.c ****   line_height -= u8g2_GetDescent(u8g2);
 275              		.loc 1 119 3 is_stmt 1 view .LVU73
 276              		.loc 1 119 18 is_stmt 0 view .LVU74
 277 0020 95F87F30 		ldrb	r3, [r5, #127]	@ zero_extendqisi2
 278              		.loc 1 119 15 view .LVU75
 279 0024 F61A     		subs	r6, r6, r3
 280              	.LVL35:
 281              		.loc 1 119 15 view .LVU76
 282 0026 F6B2     		uxtb	r6, r6
 283              	.LVL36:
 120:u8g2_lib/u8g2_message.c **** 
 121:u8g2_lib/u8g2_message.c ****   /* calculate overall height of the message box in lines*/
 122:u8g2_lib/u8g2_message.c ****   height = 1;	/* button line */
 284              		.loc 1 122 3 is_stmt 1 view .LVU77
 123:u8g2_lib/u8g2_message.c ****   height += u8x8_GetStringLineCnt(title1);
 285              		.loc 1 123 3 view .LVU78
 286              		.loc 1 123 13 is_stmt 0 view .LVU79
 287 0028 5046     		mov	r0, r10
 288 002a FFF7FEFF 		bl	u8x8_GetStringLineCnt
 289              	.LVL37:
 290              		.loc 1 123 10 view .LVU80
 291 002e 441C     		adds	r4, r0, #1
 292 0030 E4B2     		uxtb	r4, r4
 293              	.LVL38:
 124:u8g2_lib/u8g2_message.c ****   if ( title2 != NULL )
 294              		.loc 1 124 3 is_stmt 1 view .LVU81
 295              		.loc 1 124 6 is_stmt 0 view .LVU82
 296 0032 B8F1000F 		cmp	r8, #0
 297 0036 01D0     		beq	.L14
 125:u8g2_lib/u8g2_message.c ****     height++;
 298              		.loc 1 125 5 is_stmt 1 view .LVU83
 299              		.loc 1 125 11 is_stmt 0 view .LVU84
 300 0038 0230     		adds	r0, r0, #2
 301 003a C4B2     		uxtb	r4, r0
 302              	.LVL39:
 303              	.L14:
 126:u8g2_lib/u8g2_message.c ****   height += u8x8_GetStringLineCnt(title3);
 304              		.loc 1 126 3 is_stmt 1 view .LVU85
 305              		.loc 1 126 13 is_stmt 0 view .LVU86
 306 003c 5846     		mov	r0, fp
 307 003e FFF7FEFF 		bl	u8x8_GetStringLineCnt
 308              	.LVL40:
 309              		.loc 1 126 10 view .LVU87
 310 0042 2318     		adds	r3, r4, r0
 311 0044 DBB2     		uxtb	r3, r3
 312              	.LVL41:
 127:u8g2_lib/u8g2_message.c ****   
 128:u8g2_lib/u8g2_message.c ****   /* calculate the height in pixel */
 129:u8g2_lib/u8g2_message.c ****   pixel_height = height;
 313              		.loc 1 129 3 is_stmt 1 view .LVU88
 130:u8g2_lib/u8g2_message.c ****   pixel_height *= line_height;
 314              		.loc 1 130 3 view .LVU89
ARM GAS  C:\Users\GKQ\AppData\Local\Temp\cc9jqtwk.s 			page 9


 315              		.loc 1 130 16 is_stmt 0 view .LVU90
 316 0046 03FB06F3 		mul	r3, r3, r6
 317              	.LVL42:
 318              		.loc 1 130 16 view .LVU91
 319 004a DBB2     		uxtb	r3, r3
 320              	.LVL43:
 131:u8g2_lib/u8g2_message.c ****   
 132:u8g2_lib/u8g2_message.c ****   /* ... and add the space between the text and the buttons */
 133:u8g2_lib/u8g2_message.c ****   pixel_height +=SPACE_BETWEEN_TEXT_AND_BUTTONS_IN_PIXEL;
 321              		.loc 1 133 3 is_stmt 1 view .LVU92
 322              		.loc 1 133 16 is_stmt 0 view .LVU93
 323 004c 0333     		adds	r3, r3, #3
 324              	.LVL44:
 325              		.loc 1 133 16 view .LVU94
 326 004e DBB2     		uxtb	r3, r3
 327              	.LVL45:
 134:u8g2_lib/u8g2_message.c ****   
 135:u8g2_lib/u8g2_message.c ****   /* calculate offset from top */
 136:u8g2_lib/u8g2_message.c ****   y = 0;
 328              		.loc 1 136 3 is_stmt 1 view .LVU95
 137:u8g2_lib/u8g2_message.c ****   if ( pixel_height < u8g2_GetDisplayHeight(u8g2)   )
 329              		.loc 1 137 3 view .LVU96
 330              		.loc 1 137 23 is_stmt 0 view .LVU97
 331 0050 95F84020 		ldrb	r2, [r5, #64]	@ zero_extendqisi2
 332              		.loc 1 137 6 view .LVU98
 333 0054 9A42     		cmp	r2, r3
 334 0056 0CD9     		bls	.L28
 138:u8g2_lib/u8g2_message.c ****   {
 139:u8g2_lib/u8g2_message.c ****     y = u8g2_GetDisplayHeight(u8g2);
 335              		.loc 1 139 5 is_stmt 1 view .LVU99
 336              	.LVL46:
 140:u8g2_lib/u8g2_message.c ****     y -= pixel_height;
 337              		.loc 1 140 5 view .LVU100
 338              		.loc 1 140 7 is_stmt 0 view .LVU101
 339 0058 D31A     		subs	r3, r2, r3
 340              	.LVL47:
 141:u8g2_lib/u8g2_message.c ****     y /= 2;
 341              		.loc 1 141 5 is_stmt 1 view .LVU102
 342              		.loc 1 141 7 is_stmt 0 view .LVU103
 343 005a C3F34603 		ubfx	r3, r3, #1, #7
 344              	.LVL48:
 345              	.L15:
 142:u8g2_lib/u8g2_message.c ****   }
 143:u8g2_lib/u8g2_message.c ****   y += u8g2_GetAscent(u8g2);
 346              		.loc 1 143 3 is_stmt 1 view .LVU104
 347              		.loc 1 143 8 is_stmt 0 view .LVU105
 348 005e 95F87E70 		ldrb	r7, [r5, #126]	@ zero_extendqisi2
 349              		.loc 1 143 5 view .LVU106
 350 0062 3B44     		add	r3, r3, r7
 351              	.LVL49:
 352              		.loc 1 143 5 view .LVU107
 353 0064 DFB2     		uxtb	r7, r3
 354              	.LVL50:
 106:u8g2_lib/u8g2_message.c ****   uint8_t button_cnt;
 355              		.loc 1 106 11 view .LVU108
 356 0066 4FF00009 		mov	r9, #0
 357              	.LVL51:
ARM GAS  C:\Users\GKQ\AppData\Local\Temp\cc9jqtwk.s 			page 10


 358              	.L16:
 144:u8g2_lib/u8g2_message.c **** 
 145:u8g2_lib/u8g2_message.c ****   
 146:u8g2_lib/u8g2_message.c ****   for(;;)
 359              		.loc 1 146 3 is_stmt 1 view .LVU109
 147:u8g2_lib/u8g2_message.c ****   {
 148:u8g2_lib/u8g2_message.c ****       u8g2_FirstPage(u8g2);
 360              		.loc 1 148 7 view .LVU110
 361 006a 2846     		mov	r0, r5
 362 006c FFF7FEFF 		bl	u8g2_FirstPage
 363              	.LVL52:
 364 0070 2AE0     		b	.L18
 365              	.LVL53:
 366              	.L28:
 136:u8g2_lib/u8g2_message.c ****   if ( pixel_height < u8g2_GetDisplayHeight(u8g2)   )
 367              		.loc 1 136 5 is_stmt 0 view .LVU111
 368 0072 0023     		movs	r3, #0
 369              	.LVL54:
 136:u8g2_lib/u8g2_message.c ****   if ( pixel_height < u8g2_GetDisplayHeight(u8g2)   )
 370              		.loc 1 136 5 view .LVU112
 371 0074 F3E7     		b	.L15
 372              	.LVL55:
 373              	.L31:
 149:u8g2_lib/u8g2_message.c ****       do
 150:u8g2_lib/u8g2_message.c ****       {
 151:u8g2_lib/u8g2_message.c **** 	  yy = y;
 152:u8g2_lib/u8g2_message.c **** 	  /* draw message box */
 153:u8g2_lib/u8g2_message.c **** 	  
 154:u8g2_lib/u8g2_message.c **** 	  yy += u8g2_DrawUTF8Lines(u8g2, 0, yy, u8g2_GetDisplayWidth(u8g2), line_height, title1);
 155:u8g2_lib/u8g2_message.c **** 	  if ( title2 != NULL )
 156:u8g2_lib/u8g2_message.c **** 	  {
 157:u8g2_lib/u8g2_message.c **** 	    u8g2_DrawUTF8Line(u8g2, 0, yy, u8g2_GetDisplayWidth(u8g2), title2, 0, 0);
 374              		.loc 1 157 6 is_stmt 1 view .LVU113
 375 0076 0021     		movs	r1, #0
 376 0078 0291     		str	r1, [sp, #8]
 377 007a 0191     		str	r1, [sp, #4]
 378 007c CDF80080 		str	r8, [sp]
 379 0080 95F83F30 		ldrb	r3, [r5, #63]	@ zero_extendqisi2
 380 0084 2246     		mov	r2, r4
 381 0086 2846     		mov	r0, r5
 382 0088 FFF7FEFF 		bl	u8g2_DrawUTF8Line
 383              	.LVL56:
 158:u8g2_lib/u8g2_message.c **** 	    yy+=line_height;
 384              		.loc 1 158 6 view .LVU114
 385              		.loc 1 158 8 is_stmt 0 view .LVU115
 386 008c 3444     		add	r4, r4, r6
 387              	.LVL57:
 388              		.loc 1 158 8 view .LVU116
 389 008e E4B2     		uxtb	r4, r4
 390              	.LVL58:
 391              	.L17:
 159:u8g2_lib/u8g2_message.c **** 	  }
 160:u8g2_lib/u8g2_message.c **** 	  yy += u8g2_DrawUTF8Lines(u8g2, 0, yy, u8g2_GetDisplayWidth(u8g2), line_height, title3);
 392              		.loc 1 160 4 is_stmt 1 view .LVU117
 393              		.loc 1 160 10 is_stmt 0 view .LVU118
 394 0090 CDF804B0 		str	fp, [sp, #4]
 395 0094 0096     		str	r6, [sp]
ARM GAS  C:\Users\GKQ\AppData\Local\Temp\cc9jqtwk.s 			page 11


 396 0096 95F83F30 		ldrb	r3, [r5, #63]	@ zero_extendqisi2
 397 009a 2246     		mov	r2, r4
 398 009c 0021     		movs	r1, #0
 399 009e 2846     		mov	r0, r5
 400 00a0 FFF7FEFF 		bl	u8g2_DrawUTF8Lines
 401              	.LVL59:
 402              		.loc 1 160 7 view .LVU119
 403 00a4 2118     		adds	r1, r4, r0
 404 00a6 C9B2     		uxtb	r1, r1
 405              	.LVL60:
 161:u8g2_lib/u8g2_message.c **** 	  yy += SPACE_BETWEEN_TEXT_AND_BUTTONS_IN_PIXEL;
 406              		.loc 1 161 4 is_stmt 1 view .LVU120
 407              		.loc 1 161 7 is_stmt 0 view .LVU121
 408 00a8 0331     		adds	r1, r1, #3
 409              	.LVL61:
 162:u8g2_lib/u8g2_message.c **** 
 163:u8g2_lib/u8g2_message.c **** 	  button_cnt = u8g2_draw_button_line(u8g2, yy, u8g2_GetDisplayWidth(u8g2), cursor, buttons);
 410              		.loc 1 163 4 is_stmt 1 view .LVU122
 411              		.loc 1 163 17 is_stmt 0 view .LVU123
 412 00aa 109B     		ldr	r3, [sp, #64]
 413 00ac 0093     		str	r3, [sp]
 414 00ae 4B46     		mov	r3, r9
 415 00b0 95F83F20 		ldrb	r2, [r5, #63]	@ zero_extendqisi2
 416 00b4 C9B2     		uxtb	r1, r1
 417              		.loc 1 163 17 view .LVU124
 418 00b6 2846     		mov	r0, r5
 419 00b8 FFF7FEFF 		bl	u8g2_draw_button_line
 420              	.LVL62:
 421              		.loc 1 163 17 view .LVU125
 422 00bc 0446     		mov	r4, r0
 423              	.LVL63:
 164:u8g2_lib/u8g2_message.c **** 	  
 165:u8g2_lib/u8g2_message.c ****       } while( u8g2_NextPage(u8g2) );
 424              		.loc 1 165 14 is_stmt 1 view .LVU126
 425              		.loc 1 165 16 is_stmt 0 view .LVU127
 426 00be 2846     		mov	r0, r5
 427 00c0 FFF7FEFF 		bl	u8g2_NextPage
 428              	.LVL64:
 429              		.loc 1 165 7 view .LVU128
 430 00c4 0590     		str	r0, [sp, #20]
 431 00c6 78B1     		cbz	r0, .L26
 432              	.LVL65:
 433              	.L18:
 149:u8g2_lib/u8g2_message.c ****       {
 434              		.loc 1 149 7 is_stmt 1 view .LVU129
 151:u8g2_lib/u8g2_message.c **** 	  /* draw message box */
 435              		.loc 1 151 4 view .LVU130
 154:u8g2_lib/u8g2_message.c **** 	  if ( title2 != NULL )
 436              		.loc 1 154 4 view .LVU131
 154:u8g2_lib/u8g2_message.c **** 	  if ( title2 != NULL )
 437              		.loc 1 154 10 is_stmt 0 view .LVU132
 438 00c8 CDF804A0 		str	r10, [sp, #4]
 439 00cc 0096     		str	r6, [sp]
 440 00ce 95F83F30 		ldrb	r3, [r5, #63]	@ zero_extendqisi2
 441 00d2 3A46     		mov	r2, r7
 442 00d4 0021     		movs	r1, #0
 443 00d6 2846     		mov	r0, r5
ARM GAS  C:\Users\GKQ\AppData\Local\Temp\cc9jqtwk.s 			page 12


 444 00d8 FFF7FEFF 		bl	u8g2_DrawUTF8Lines
 445              	.LVL66:
 154:u8g2_lib/u8g2_message.c **** 	  if ( title2 != NULL )
 446              		.loc 1 154 7 view .LVU133
 447 00dc 3C18     		adds	r4, r7, r0
 448 00de E4B2     		uxtb	r4, r4
 449              	.LVL67:
 155:u8g2_lib/u8g2_message.c **** 	  {
 450              		.loc 1 155 4 is_stmt 1 view .LVU134
 155:u8g2_lib/u8g2_message.c **** 	  {
 451              		.loc 1 155 7 is_stmt 0 view .LVU135
 452 00e0 B8F1000F 		cmp	r8, #0
 453 00e4 C7D1     		bne	.L31
 454 00e6 D3E7     		b	.L17
 455              	.LVL68:
 456              	.L26:
 166:u8g2_lib/u8g2_message.c **** 
 167:u8g2_lib/u8g2_message.c **** #ifdef U8G2_REF_MAN_PIC
 168:u8g2_lib/u8g2_message.c ****       return 0;
 169:u8g2_lib/u8g2_message.c **** #endif
 170:u8g2_lib/u8g2_message.c **** 	  
 171:u8g2_lib/u8g2_message.c ****       for(;;)
 457              		.loc 1 171 7 is_stmt 1 view .LVU136
 172:u8g2_lib/u8g2_message.c ****       {
 173:u8g2_lib/u8g2_message.c **** 	    event = u8x8_GetMenuEvent(u8g2_GetU8x8(u8g2));
 458              		.loc 1 173 6 view .LVU137
 459              		.loc 1 173 14 is_stmt 0 view .LVU138
 460 00e8 2846     		mov	r0, r5
 461 00ea FFF7FEFF 		bl	u8x8_GetMenuEvent
 462              	.LVL69:
 174:u8g2_lib/u8g2_message.c **** 	    if ( event == U8X8_MSG_GPIO_MENU_SELECT )
 463              		.loc 1 174 6 is_stmt 1 view .LVU139
 464              		.loc 1 174 9 is_stmt 0 view .LVU140
 465 00ee 5028     		cmp	r0, #80
 466 00f0 12D0     		beq	.L32
 175:u8g2_lib/u8g2_message.c **** 	      return cursor+1;
 176:u8g2_lib/u8g2_message.c **** 	    else if ( event == U8X8_MSG_GPIO_MENU_HOME )
 467              		.loc 1 176 11 is_stmt 1 view .LVU141
 468              		.loc 1 176 14 is_stmt 0 view .LVU142
 469 00f2 5328     		cmp	r0, #83
 470 00f4 15D0     		beq	.L20
 177:u8g2_lib/u8g2_message.c **** 	      return 0;
 178:u8g2_lib/u8g2_message.c **** 	    else if ( event == U8X8_MSG_GPIO_MENU_NEXT || event == U8X8_MSG_GPIO_MENU_DOWN )
 471              		.loc 1 178 11 is_stmt 1 view .LVU143
 472              		.loc 1 178 14 is_stmt 0 view .LVU144
 473 00f6 5128     		cmp	r0, #81
 474 00f8 17D0     		beq	.L21
 475              		.loc 1 178 49 discriminator 1 view .LVU145
 476 00fa 5528     		cmp	r0, #85
 477 00fc 15D0     		beq	.L21
 179:u8g2_lib/u8g2_message.c **** 	    {
 180:u8g2_lib/u8g2_message.c **** 	      cursor++;
 181:u8g2_lib/u8g2_message.c **** 	      if ( cursor >= button_cnt )
 182:u8g2_lib/u8g2_message.c **** 		cursor = 0;
 183:u8g2_lib/u8g2_message.c **** 	      break;
 184:u8g2_lib/u8g2_message.c **** 	    }
 185:u8g2_lib/u8g2_message.c **** 	    else if ( event == U8X8_MSG_GPIO_MENU_PREV || event == U8X8_MSG_GPIO_MENU_UP )
ARM GAS  C:\Users\GKQ\AppData\Local\Temp\cc9jqtwk.s 			page 13


 478              		.loc 1 185 11 is_stmt 1 view .LVU146
 479              		.loc 1 185 14 is_stmt 0 view .LVU147
 480 00fe 5228     		cmp	r0, #82
 481 0100 01D0     		beq	.L25
 482              		.loc 1 185 49 discriminator 1 view .LVU148
 483 0102 5428     		cmp	r0, #84
 484 0104 F0D1     		bne	.L26
 485              	.L25:
 186:u8g2_lib/u8g2_message.c **** 	    {
 187:u8g2_lib/u8g2_message.c **** 	      if ( cursor == 0 )
 486              		.loc 1 187 8 is_stmt 1 view .LVU149
 487              		.loc 1 187 11 is_stmt 0 view .LVU150
 488 0106 B9F1000F 		cmp	r9, #0
 489 010a 00D0     		beq	.L27
 490 010c 4C46     		mov	r4, r9
 491              	.LVL70:
 492              	.L27:
 188:u8g2_lib/u8g2_message.c **** 		cursor = button_cnt;
 189:u8g2_lib/u8g2_message.c **** 	      cursor--;
 493              		.loc 1 189 8 is_stmt 1 view .LVU151
 494              		.loc 1 189 14 is_stmt 0 view .LVU152
 495 010e 04F1FF39 		add	r9, r4, #-1
 496 0112 5FFA89F9 		uxtb	r9, r9
 497              	.LVL71:
 190:u8g2_lib/u8g2_message.c **** 	      break;
 498              		.loc 1 190 8 is_stmt 1 view .LVU153
 499              		.loc 1 190 8 is_stmt 0 view .LVU154
 500 0116 A8E7     		b	.L16
 501              	.LVL72:
 502              	.L32:
 175:u8g2_lib/u8g2_message.c **** 	    else if ( event == U8X8_MSG_GPIO_MENU_HOME )
 503              		.loc 1 175 8 is_stmt 1 view .LVU155
 175:u8g2_lib/u8g2_message.c **** 	    else if ( event == U8X8_MSG_GPIO_MENU_HOME )
 504              		.loc 1 175 21 is_stmt 0 view .LVU156
 505 0118 09F10109 		add	r9, r9, #1
 506              	.LVL73:
 175:u8g2_lib/u8g2_message.c **** 	    else if ( event == U8X8_MSG_GPIO_MENU_HOME )
 507              		.loc 1 175 21 view .LVU157
 508 011c 5FFA89F3 		uxtb	r3, r9
 509 0120 0593     		str	r3, [sp, #20]
 510              	.L20:
 191:u8g2_lib/u8g2_message.c **** 	    }    
 192:u8g2_lib/u8g2_message.c ****       }
 193:u8g2_lib/u8g2_message.c ****   }
 194:u8g2_lib/u8g2_message.c ****   /* never reached */
 195:u8g2_lib/u8g2_message.c ****   //return 0;
 196:u8g2_lib/u8g2_message.c **** }
 511              		.loc 1 196 1 view .LVU158
 512 0122 0598     		ldr	r0, [sp, #20]
 513              	.LVL74:
 514              		.loc 1 196 1 view .LVU159
 515 0124 07B0     		add	sp, sp, #28
 516              	.LCFI5:
 517              		.cfi_remember_state
 518              		.cfi_def_cfa_offset 36
 519              		@ sp needed
 520 0126 BDE8F08F 		pop	{r4, r5, r6, r7, r8, r9, r10, fp, pc}
ARM GAS  C:\Users\GKQ\AppData\Local\Temp\cc9jqtwk.s 			page 14


 521              	.LVL75:
 522              	.L21:
 523              	.LCFI6:
 524              		.cfi_restore_state
 180:u8g2_lib/u8g2_message.c **** 	      if ( cursor >= button_cnt )
 525              		.loc 1 180 8 is_stmt 1 view .LVU160
 180:u8g2_lib/u8g2_message.c **** 	      if ( cursor >= button_cnt )
 526              		.loc 1 180 14 is_stmt 0 view .LVU161
 527 012a 09F10109 		add	r9, r9, #1
 528              	.LVL76:
 180:u8g2_lib/u8g2_message.c **** 	      if ( cursor >= button_cnt )
 529              		.loc 1 180 14 view .LVU162
 530 012e 5FFA89F9 		uxtb	r9, r9
 531              	.LVL77:
 181:u8g2_lib/u8g2_message.c **** 		cursor = 0;
 532              		.loc 1 181 8 is_stmt 1 view .LVU163
 181:u8g2_lib/u8g2_message.c **** 		cursor = 0;
 533              		.loc 1 181 11 is_stmt 0 view .LVU164
 534 0132 4C45     		cmp	r4, r9
 535 0134 99D8     		bhi	.L16
 182:u8g2_lib/u8g2_message.c **** 	      break;
 536              		.loc 1 182 10 view .LVU165
 537 0136 DDF81490 		ldr	r9, [sp, #20]
 538              	.LVL78:
 182:u8g2_lib/u8g2_message.c **** 	      break;
 539              		.loc 1 182 10 view .LVU166
 540 013a 96E7     		b	.L16
 541              		.cfi_endproc
 542              	.LFE1:
 544              		.text
 545              	.Letext0:
 546              		.file 2 "d:\\work_project\\9 2019-q4-major\\arm-none-eabi\\include\\machine\\_default_types.h"
 547              		.file 3 "d:\\work_project\\9 2019-q4-major\\arm-none-eabi\\include\\sys\\_stdint.h"
 548              		.file 4 "u8g2_lib/u8x8.h"
 549              		.file 5 "u8g2_lib/u8g2.h"
ARM GAS  C:\Users\GKQ\AppData\Local\Temp\cc9jqtwk.s 			page 15


DEFINED SYMBOLS
                            *ABS*:00000000 u8g2_message.c
C:\Users\GKQ\AppData\Local\Temp\cc9jqtwk.s:16     .text.u8g2_draw_button_line:00000000 $t
C:\Users\GKQ\AppData\Local\Temp\cc9jqtwk.s:24     .text.u8g2_draw_button_line:00000000 u8g2_draw_button_line
C:\Users\GKQ\AppData\Local\Temp\cc9jqtwk.s:217    .text.u8g2_UserInterfaceMessage:00000000 $t
C:\Users\GKQ\AppData\Local\Temp\cc9jqtwk.s:224    .text.u8g2_UserInterfaceMessage:00000000 u8g2_UserInterfaceMessage

UNDEFINED SYMBOLS
u8x8_GetStringLineCnt
u8x8_GetStringLineStart
u8g2_GetUTF8Width
u8g2_DrawUTF8Line
u8g2_SetFontDirection
u8g2_SetFontPosBaseline
u8g2_FirstPage
u8g2_DrawUTF8Lines
u8g2_NextPage
u8x8_GetMenuEvent
