ARM GAS  C:\Users\GKQ\AppData\Local\Temp\cc3ub0Rb.s 			page 1


   1              		.cpu cortex-m3
   2              		.eabi_attribute 20, 1
   3              		.eabi_attribute 21, 1
   4              		.eabi_attribute 23, 3
   5              		.eabi_attribute 24, 1
   6              		.eabi_attribute 25, 1
   7              		.eabi_attribute 26, 1
   8              		.eabi_attribute 30, 1
   9              		.eabi_attribute 34, 1
  10              		.eabi_attribute 18, 4
  11              		.file	"u8x8_message.c"
  12              		.text
  13              	.Ltext0:
  14              		.cfi_sections	.debug_frame
  15              		.section	.rodata.u8x8_draw_button_line.str1.4,"aMS",%progbits,1
  16              		.align	2
  17              	.LC0:
  18 0000 2000     		.ascii	" \000"
  19              		.section	.text.u8x8_draw_button_line,"ax",%progbits
  20              		.align	1
  21              		.global	u8x8_draw_button_line
  22              		.arch armv7-m
  23              		.syntax unified
  24              		.thumb
  25              		.thumb_func
  26              		.fpu softvfp
  28              	u8x8_draw_button_line:
  29              	.LVL0:
  30              	.LFB0:
  31              		.file 1 "u8g2_lib/u8x8_message.c"
   1:u8g2_lib/u8x8_message.c **** /*
   2:u8g2_lib/u8x8_message.c **** 
   3:u8g2_lib/u8x8_message.c ****   u8x8_message.c
   4:u8g2_lib/u8x8_message.c ****   
   5:u8g2_lib/u8x8_message.c ****   Universal 8bit Graphics Library (https://github.com/olikraus/u8g2/)
   6:u8g2_lib/u8x8_message.c **** 
   7:u8g2_lib/u8x8_message.c ****   Copyright (c) 2016, olikraus@gmail.com
   8:u8g2_lib/u8x8_message.c ****   All rights reserved.
   9:u8g2_lib/u8x8_message.c **** 
  10:u8g2_lib/u8x8_message.c ****   Redistribution and use in source and binary forms, with or without modification, 
  11:u8g2_lib/u8x8_message.c ****   are permitted provided that the following conditions are met:
  12:u8g2_lib/u8x8_message.c **** 
  13:u8g2_lib/u8x8_message.c ****   * Redistributions of source code must retain the above copyright notice, this list 
  14:u8g2_lib/u8x8_message.c ****     of conditions and the following disclaimer.
  15:u8g2_lib/u8x8_message.c ****     
  16:u8g2_lib/u8x8_message.c ****   * Redistributions in binary form must reproduce the above copyright notice, this 
  17:u8g2_lib/u8x8_message.c ****     list of conditions and the following disclaimer in the documentation and/or other 
  18:u8g2_lib/u8x8_message.c ****     materials provided with the distribution.
  19:u8g2_lib/u8x8_message.c **** 
  20:u8g2_lib/u8x8_message.c ****   THIS SOFTWARE IS PROVIDED BY THE COPYRIGHT HOLDERS AND 
  21:u8g2_lib/u8x8_message.c ****   CONTRIBUTORS "AS IS" AND ANY EXPRESS OR IMPLIED WARRANTIES, 
  22:u8g2_lib/u8x8_message.c ****   INCLUDING, BUT NOT LIMITED TO, THE IMPLIED WARRANTIES OF 
  23:u8g2_lib/u8x8_message.c ****   MERCHANTABILITY AND FITNESS FOR A PARTICULAR PURPOSE ARE 
  24:u8g2_lib/u8x8_message.c ****   DISCLAIMED. IN NO EVENT SHALL THE COPYRIGHT HOLDER OR 
  25:u8g2_lib/u8x8_message.c ****   CONTRIBUTORS BE LIABLE FOR ANY DIRECT, INDIRECT, INCIDENTAL, 
  26:u8g2_lib/u8x8_message.c ****   SPECIAL, EXEMPLARY, OR CONSEQUENTIAL DAMAGES (INCLUDING, BUT 
  27:u8g2_lib/u8x8_message.c ****   NOT LIMITED TO, PROCUREMENT OF SUBSTITUTE GOODS OR SERVICES; 
ARM GAS  C:\Users\GKQ\AppData\Local\Temp\cc3ub0Rb.s 			page 2


  28:u8g2_lib/u8x8_message.c ****   LOSS OF USE, DATA, OR PROFITS; OR BUSINESS INTERRUPTION) HOWEVER 
  29:u8g2_lib/u8x8_message.c ****   CAUSED AND ON ANY THEORY OF LIABILITY, WHETHER IN CONTRACT, 
  30:u8g2_lib/u8x8_message.c ****   STRICT LIABILITY, OR TORT (INCLUDING NEGLIGENCE OR OTHERWISE) 
  31:u8g2_lib/u8x8_message.c ****   ARISING IN ANY WAY OUT OF THE USE OF THIS SOFTWARE, EVEN IF 
  32:u8g2_lib/u8x8_message.c ****   ADVISED OF THE POSSIBILITY OF SUCH DAMAGE.  
  33:u8g2_lib/u8x8_message.c ****   
  34:u8g2_lib/u8x8_message.c **** */
  35:u8g2_lib/u8x8_message.c **** 
  36:u8g2_lib/u8x8_message.c **** #include "u8x8.h"
  37:u8g2_lib/u8x8_message.c **** 
  38:u8g2_lib/u8x8_message.c **** uint8_t u8x8_draw_button_line(u8x8_t *u8x8, uint8_t y, uint8_t w, uint8_t cursor, const char *s)
  39:u8g2_lib/u8x8_message.c **** {
  32              		.loc 1 39 1 view -0
  33              		.cfi_startproc
  34              		@ args = 4, pretend = 0, frame = 0
  35              		@ frame_needed = 0, uses_anonymous_args = 0
  36              		.loc 1 39 1 is_stmt 0 view .LVU1
  37 0000 2DE9F84F 		push	{r3, r4, r5, r6, r7, r8, r9, r10, fp, lr}
  38              	.LCFI0:
  39              		.cfi_def_cfa_offset 40
  40              		.cfi_offset 3, -40
  41              		.cfi_offset 4, -36
  42              		.cfi_offset 5, -32
  43              		.cfi_offset 6, -28
  44              		.cfi_offset 7, -24
  45              		.cfi_offset 8, -20
  46              		.cfi_offset 9, -16
  47              		.cfi_offset 10, -12
  48              		.cfi_offset 11, -8
  49              		.cfi_offset 14, -4
  50 0004 0646     		mov	r6, r0
  51 0006 8846     		mov	r8, r1
  52 0008 1546     		mov	r5, r2
  53 000a 9A46     		mov	r10, r3
  54 000c DDF82890 		ldr	r9, [sp, #40]
  40:u8g2_lib/u8x8_message.c ****   uint8_t i;
  55              		.loc 1 40 3 is_stmt 1 view .LVU2
  41:u8g2_lib/u8x8_message.c ****   uint8_t cnt;
  56              		.loc 1 41 3 view .LVU3
  42:u8g2_lib/u8x8_message.c ****   uint8_t total;
  57              		.loc 1 42 3 view .LVU4
  43:u8g2_lib/u8x8_message.c ****   uint8_t d;
  58              		.loc 1 43 3 view .LVU5
  44:u8g2_lib/u8x8_message.c ****   uint8_t x;
  59              		.loc 1 44 3 view .LVU6
  45:u8g2_lib/u8x8_message.c ****   cnt = u8x8_GetStringLineCnt(s);
  60              		.loc 1 45 3 view .LVU7
  61              		.loc 1 45 9 is_stmt 0 view .LVU8
  62 0010 4846     		mov	r0, r9
  63              	.LVL1:
  64              		.loc 1 45 9 view .LVU9
  65 0012 FFF7FEFF 		bl	u8x8_GetStringLineCnt
  66              	.LVL2:
  67              		.loc 1 45 9 view .LVU10
  68 0016 0746     		mov	r7, r0
  69              	.LVL3:
  46:u8g2_lib/u8x8_message.c ****   
ARM GAS  C:\Users\GKQ\AppData\Local\Temp\cc3ub0Rb.s 			page 3


  47:u8g2_lib/u8x8_message.c ****   /* calculate the width of the button */
  48:u8g2_lib/u8x8_message.c ****   total = 0;
  70              		.loc 1 48 3 is_stmt 1 view .LVU11
  49:u8g2_lib/u8x8_message.c ****   for( i = 0; i < cnt; i++ )
  71              		.loc 1 49 3 view .LVU12
  48:u8g2_lib/u8x8_message.c ****   for( i = 0; i < cnt; i++ )
  72              		.loc 1 48 9 is_stmt 0 view .LVU13
  73 0018 4FF0000B 		mov	fp, #0
  74              		.loc 1 49 10 view .LVU14
  75 001c 5C46     		mov	r4, fp
  76              	.LVL4:
  77              	.L2:
  78              		.loc 1 49 15 is_stmt 1 discriminator 1 view .LVU15
  79              		.loc 1 49 3 is_stmt 0 discriminator 1 view .LVU16
  80 001e BC42     		cmp	r4, r7
  81 0020 0DD2     		bcs	.L10
  50:u8g2_lib/u8x8_message.c ****   {
  51:u8g2_lib/u8x8_message.c ****     total += u8x8_GetUTF8Len(u8x8, u8x8_GetStringLineStart(i, s));
  82              		.loc 1 51 5 is_stmt 1 discriminator 3 view .LVU17
  83              		.loc 1 51 14 is_stmt 0 discriminator 3 view .LVU18
  84 0022 4946     		mov	r1, r9
  85 0024 2046     		mov	r0, r4
  86 0026 FFF7FEFF 		bl	u8x8_GetStringLineStart
  87              	.LVL5:
  88 002a 0146     		mov	r1, r0
  89 002c 3046     		mov	r0, r6
  90 002e FFF7FEFF 		bl	u8x8_GetUTF8Len
  91              	.LVL6:
  92              		.loc 1 51 11 discriminator 3 view .LVU19
  93 0032 5844     		add	r0, r0, fp
  94 0034 5FFA80FB 		uxtb	fp, r0
  95              	.LVL7:
  49:u8g2_lib/u8x8_message.c ****   {
  96              		.loc 1 49 24 is_stmt 1 discriminator 3 view .LVU20
  49:u8g2_lib/u8x8_message.c ****   {
  97              		.loc 1 49 25 is_stmt 0 discriminator 3 view .LVU21
  98 0038 0134     		adds	r4, r4, #1
  99              	.LVL8:
  49:u8g2_lib/u8x8_message.c ****   {
 100              		.loc 1 49 25 discriminator 3 view .LVU22
 101 003a E4B2     		uxtb	r4, r4
 102              	.LVL9:
  49:u8g2_lib/u8x8_message.c ****   {
 103              		.loc 1 49 25 discriminator 3 view .LVU23
 104 003c EFE7     		b	.L2
 105              	.L10:
  52:u8g2_lib/u8x8_message.c ****   }
  53:u8g2_lib/u8x8_message.c ****   total += (cnt-1);	/* had one space between the buttons */
 106              		.loc 1 53 3 is_stmt 1 view .LVU24
 107              		.loc 1 53 9 is_stmt 0 view .LVU25
 108 003e 0BEB0704 		add	r4, fp, r7
 109              	.LVL10:
 110              		.loc 1 53 9 view .LVU26
 111 0042 E4B2     		uxtb	r4, r4
 112 0044 013C     		subs	r4, r4, #1
 113 0046 E4B2     		uxtb	r4, r4
 114              	.LVL11:
ARM GAS  C:\Users\GKQ\AppData\Local\Temp\cc3ub0Rb.s 			page 4


  54:u8g2_lib/u8x8_message.c ****   
  55:u8g2_lib/u8x8_message.c ****   /* calculate the left offset */
  56:u8g2_lib/u8x8_message.c ****   d = 0;
 115              		.loc 1 56 3 is_stmt 1 view .LVU27
  57:u8g2_lib/u8x8_message.c ****   if ( total < w )
 116              		.loc 1 57 3 view .LVU28
 117              		.loc 1 57 6 is_stmt 0 view .LVU29
 118 0048 AC42     		cmp	r4, r5
 119 004a 06D2     		bcs	.L8
  58:u8g2_lib/u8x8_message.c ****   {
  59:u8g2_lib/u8x8_message.c ****     d = w;
 120              		.loc 1 59 5 is_stmt 1 view .LVU30
 121              	.LVL12:
  60:u8g2_lib/u8x8_message.c ****     d -= total;
 122              		.loc 1 60 5 view .LVU31
 123              		.loc 1 60 7 is_stmt 0 view .LVU32
 124 004c 2C1B     		subs	r4, r5, r4
 125              	.LVL13:
  61:u8g2_lib/u8x8_message.c ****     d /= 2;
 126              		.loc 1 61 5 is_stmt 1 view .LVU33
 127              		.loc 1 61 7 is_stmt 0 view .LVU34
 128 004e C4F34604 		ubfx	r4, r4, #1, #7
 129              	.LVL14:
 130              	.L4:
  62:u8g2_lib/u8x8_message.c ****   }
  63:u8g2_lib/u8x8_message.c ****   
  64:u8g2_lib/u8x8_message.c ****   /* draw the buttons */
  65:u8g2_lib/u8x8_message.c ****   x = d;
 131              		.loc 1 65 3 is_stmt 1 view .LVU35
  66:u8g2_lib/u8x8_message.c ****   u8x8_SetInverseFont(u8x8, 0);
 132              		.loc 1 66 3 view .LVU36
 133 0052 0025     		movs	r5, #0
 134 0054 86F82350 		strb	r5, [r6, #35]
  67:u8g2_lib/u8x8_message.c ****   for( i = 0; i < cnt; i++ )
 135              		.loc 1 67 3 view .LVU37
 136              	.LVL15:
 137              		.loc 1 67 3 is_stmt 0 view .LVU38
 138 0058 1DE0     		b	.L5
 139              	.LVL16:
 140              	.L8:
  56:u8g2_lib/u8x8_message.c ****   if ( total < w )
 141              		.loc 1 56 5 view .LVU39
 142 005a 0024     		movs	r4, #0
 143              	.LVL17:
  56:u8g2_lib/u8x8_message.c ****   if ( total < w )
 144              		.loc 1 56 5 view .LVU40
 145 005c F9E7     		b	.L4
 146              	.LVL18:
 147              	.L12:
  68:u8g2_lib/u8x8_message.c ****   {
  69:u8g2_lib/u8x8_message.c ****     if ( i == cursor )
  70:u8g2_lib/u8x8_message.c ****       u8x8_SetInverseFont(u8x8, 1);
 148              		.loc 1 70 7 is_stmt 1 view .LVU41
 149 005e 0123     		movs	r3, #1
 150 0060 86F82330 		strb	r3, [r6, #35]
 151              	.L6:
  71:u8g2_lib/u8x8_message.c ****       
ARM GAS  C:\Users\GKQ\AppData\Local\Temp\cc3ub0Rb.s 			page 5


  72:u8g2_lib/u8x8_message.c ****     x+=u8x8_DrawUTF8(u8x8, x, y, u8x8_GetStringLineStart(i, s));
 152              		.loc 1 72 5 discriminator 2 view .LVU42
 153              		.loc 1 72 8 is_stmt 0 discriminator 2 view .LVU43
 154 0064 4946     		mov	r1, r9
 155 0066 2846     		mov	r0, r5
 156 0068 FFF7FEFF 		bl	u8x8_GetStringLineStart
 157              	.LVL19:
 158 006c 0346     		mov	r3, r0
 159 006e 4246     		mov	r2, r8
 160 0070 2146     		mov	r1, r4
 161 0072 3046     		mov	r0, r6
 162 0074 FFF7FEFF 		bl	u8x8_DrawUTF8
 163              	.LVL20:
 164              		.loc 1 72 6 discriminator 2 view .LVU44
 165 0078 0444     		add	r4, r4, r0
 166              	.LVL21:
 167              		.loc 1 72 6 discriminator 2 view .LVU45
 168 007a E4B2     		uxtb	r4, r4
 169              	.LVL22:
  73:u8g2_lib/u8x8_message.c ****     u8x8_SetInverseFont(u8x8, 0);
 170              		.loc 1 73 5 is_stmt 1 discriminator 2 view .LVU46
 171 007c 0023     		movs	r3, #0
 172 007e 86F82330 		strb	r3, [r6, #35]
  74:u8g2_lib/u8x8_message.c ****     x+=u8x8_DrawUTF8(u8x8, x, y, " ");
 173              		.loc 1 74 5 discriminator 2 view .LVU47
 174              		.loc 1 74 8 is_stmt 0 discriminator 2 view .LVU48
 175 0082 094B     		ldr	r3, .L13
 176 0084 4246     		mov	r2, r8
 177 0086 2146     		mov	r1, r4
 178 0088 3046     		mov	r0, r6
 179 008a FFF7FEFF 		bl	u8x8_DrawUTF8
 180              	.LVL23:
 181              		.loc 1 74 6 discriminator 2 view .LVU49
 182 008e 0444     		add	r4, r4, r0
 183              	.LVL24:
 184              		.loc 1 74 6 discriminator 2 view .LVU50
 185 0090 E4B2     		uxtb	r4, r4
 186              	.LVL25:
  67:u8g2_lib/u8x8_message.c ****   {
 187              		.loc 1 67 24 is_stmt 1 discriminator 2 view .LVU51
  67:u8g2_lib/u8x8_message.c ****   {
 188              		.loc 1 67 25 is_stmt 0 discriminator 2 view .LVU52
 189 0092 0135     		adds	r5, r5, #1
 190              	.LVL26:
  67:u8g2_lib/u8x8_message.c ****   {
 191              		.loc 1 67 25 discriminator 2 view .LVU53
 192 0094 EDB2     		uxtb	r5, r5
 193              	.LVL27:
 194              	.L5:
  67:u8g2_lib/u8x8_message.c ****   {
 195              		.loc 1 67 15 is_stmt 1 discriminator 1 view .LVU54
  67:u8g2_lib/u8x8_message.c ****   {
 196              		.loc 1 67 3 is_stmt 0 discriminator 1 view .LVU55
 197 0096 BD42     		cmp	r5, r7
 198 0098 02D2     		bcs	.L11
  69:u8g2_lib/u8x8_message.c ****       u8x8_SetInverseFont(u8x8, 1);
 199              		.loc 1 69 5 is_stmt 1 view .LVU56
ARM GAS  C:\Users\GKQ\AppData\Local\Temp\cc3ub0Rb.s 			page 6


  69:u8g2_lib/u8x8_message.c ****       u8x8_SetInverseFont(u8x8, 1);
 200              		.loc 1 69 8 is_stmt 0 view .LVU57
 201 009a 5545     		cmp	r5, r10
 202 009c E2D1     		bne	.L6
 203 009e DEE7     		b	.L12
 204              	.L11:
  75:u8g2_lib/u8x8_message.c ****   }
  76:u8g2_lib/u8x8_message.c ****   
  77:u8g2_lib/u8x8_message.c ****   /* return the number of buttons */
  78:u8g2_lib/u8x8_message.c ****   return cnt;
 205              		.loc 1 78 3 is_stmt 1 view .LVU58
  79:u8g2_lib/u8x8_message.c **** }
 206              		.loc 1 79 1 is_stmt 0 view .LVU59
 207 00a0 3846     		mov	r0, r7
 208 00a2 BDE8F88F 		pop	{r3, r4, r5, r6, r7, r8, r9, r10, fp, pc}
 209              	.LVL28:
 210              	.L14:
 211              		.loc 1 79 1 view .LVU60
 212 00a6 00BF     		.align	2
 213              	.L13:
 214 00a8 00000000 		.word	.LC0
 215              		.cfi_endproc
 216              	.LFE0:
 218              		.section	.text.u8x8_UserInterfaceMessage,"ax",%progbits
 219              		.align	1
 220              		.global	u8x8_UserInterfaceMessage
 221              		.syntax unified
 222              		.thumb
 223              		.thumb_func
 224              		.fpu softvfp
 226              	u8x8_UserInterfaceMessage:
 227              	.LVL29:
 228              	.LFB1:
  80:u8g2_lib/u8x8_message.c **** 
  81:u8g2_lib/u8x8_message.c **** /*
  82:u8g2_lib/u8x8_message.c ****   title1:	Multiple lines,separated by '\n'
  83:u8g2_lib/u8x8_message.c ****   title2:	A single line/string which is terminated by '\0' or '\n' . "title2" accepts the return va
  84:u8g2_lib/u8x8_message.c ****   title3:	Multiple lines,separated by '\n'
  85:u8g2_lib/u8x8_message.c ****   buttons:	one more more buttons separated by '\n' and terminated with '\0'
  86:u8g2_lib/u8x8_message.c **** */
  87:u8g2_lib/u8x8_message.c **** 
  88:u8g2_lib/u8x8_message.c **** uint8_t u8x8_UserInterfaceMessage(u8x8_t *u8x8, const char *title1, const char *title2, const char 
  89:u8g2_lib/u8x8_message.c **** {
 229              		.loc 1 89 1 is_stmt 1 view -0
 230              		.cfi_startproc
 231              		@ args = 4, pretend = 0, frame = 0
 232              		@ frame_needed = 0, uses_anonymous_args = 0
 233              		.loc 1 89 1 is_stmt 0 view .LVU62
 234 0000 2DE9F047 		push	{r4, r5, r6, r7, r8, r9, r10, lr}
 235              	.LCFI1:
 236              		.cfi_def_cfa_offset 32
 237              		.cfi_offset 4, -32
 238              		.cfi_offset 5, -28
 239              		.cfi_offset 6, -24
 240              		.cfi_offset 7, -20
 241              		.cfi_offset 8, -16
 242              		.cfi_offset 9, -12
ARM GAS  C:\Users\GKQ\AppData\Local\Temp\cc3ub0Rb.s 			page 7


 243              		.cfi_offset 10, -8
 244              		.cfi_offset 14, -4
 245 0004 82B0     		sub	sp, sp, #8
 246              	.LCFI2:
 247              		.cfi_def_cfa_offset 40
 248 0006 0546     		mov	r5, r0
 249 0008 8A46     		mov	r10, r1
 250 000a 9046     		mov	r8, r2
 251 000c 9946     		mov	r9, r3
 252 000e 0A9F     		ldr	r7, [sp, #40]
  90:u8g2_lib/u8x8_message.c ****   uint8_t height;
 253              		.loc 1 90 3 is_stmt 1 view .LVU63
  91:u8g2_lib/u8x8_message.c ****   uint8_t y;
 254              		.loc 1 91 3 view .LVU64
  92:u8g2_lib/u8x8_message.c ****   uint8_t cursor = 0;
 255              		.loc 1 92 3 view .LVU65
 256              	.LVL30:
  93:u8g2_lib/u8x8_message.c ****   uint8_t button_cnt;
 257              		.loc 1 93 3 view .LVU66
  94:u8g2_lib/u8x8_message.c ****   uint8_t event;
 258              		.loc 1 94 3 view .LVU67
  95:u8g2_lib/u8x8_message.c **** 
  96:u8g2_lib/u8x8_message.c ****   u8x8_SetInverseFont(u8x8, 0);
 259              		.loc 1 96 3 view .LVU68
 260 0010 0023     		movs	r3, #0
 261              	.LVL31:
 262              		.loc 1 96 3 is_stmt 0 view .LVU69
 263 0012 80F82330 		strb	r3, [r0, #35]
  97:u8g2_lib/u8x8_message.c ****   
  98:u8g2_lib/u8x8_message.c ****   /* calculate overall height of the message box */
  99:u8g2_lib/u8x8_message.c ****   height = 1;	/* button line */
 264              		.loc 1 99 3 is_stmt 1 view .LVU70
 265              	.LVL32:
 100:u8g2_lib/u8x8_message.c ****   height += u8x8_GetStringLineCnt(title1);
 266              		.loc 1 100 3 view .LVU71
 267              		.loc 1 100 13 is_stmt 0 view .LVU72
 268 0016 0846     		mov	r0, r1
 269              	.LVL33:
 270              		.loc 1 100 13 view .LVU73
 271 0018 FFF7FEFF 		bl	u8x8_GetStringLineCnt
 272              	.LVL34:
 273              		.loc 1 100 10 view .LVU74
 274 001c 441C     		adds	r4, r0, #1
 275 001e E4B2     		uxtb	r4, r4
 276              	.LVL35:
 101:u8g2_lib/u8x8_message.c ****   if ( title2 != NULL )
 277              		.loc 1 101 3 is_stmt 1 view .LVU75
 278              		.loc 1 101 6 is_stmt 0 view .LVU76
 279 0020 B8F1000F 		cmp	r8, #0
 280 0024 01D0     		beq	.L16
 102:u8g2_lib/u8x8_message.c ****     height ++;
 281              		.loc 1 102 5 is_stmt 1 view .LVU77
 282              		.loc 1 102 12 is_stmt 0 view .LVU78
 283 0026 0230     		adds	r0, r0, #2
 284 0028 C4B2     		uxtb	r4, r0
 285              	.LVL36:
 286              	.L16:
ARM GAS  C:\Users\GKQ\AppData\Local\Temp\cc3ub0Rb.s 			page 8


 103:u8g2_lib/u8x8_message.c ****   height += u8x8_GetStringLineCnt(title3);
 287              		.loc 1 103 3 is_stmt 1 view .LVU79
 288              		.loc 1 103 13 is_stmt 0 view .LVU80
 289 002a 4846     		mov	r0, r9
 290 002c FFF7FEFF 		bl	u8x8_GetStringLineCnt
 291              	.LVL37:
 292              		.loc 1 103 10 view .LVU81
 293 0030 0444     		add	r4, r4, r0
 294              	.LVL38:
 295              		.loc 1 103 10 view .LVU82
 296 0032 E4B2     		uxtb	r4, r4
 297              	.LVL39:
 104:u8g2_lib/u8x8_message.c ****   
 105:u8g2_lib/u8x8_message.c ****   /* calculate offset from top */
 106:u8g2_lib/u8x8_message.c ****   y = 0;
 298              		.loc 1 106 3 is_stmt 1 view .LVU83
 107:u8g2_lib/u8x8_message.c ****   if ( height < u8x8_GetRows(u8x8)  )
 299              		.loc 1 107 3 view .LVU84
 300              		.loc 1 107 17 is_stmt 0 view .LVU85
 301 0034 2B68     		ldr	r3, [r5]
 302 0036 5E7C     		ldrb	r6, [r3, #17]	@ zero_extendqisi2
 303              		.loc 1 107 6 view .LVU86
 304 0038 A642     		cmp	r6, r4
 305 003a 34D9     		bls	.L28
 108:u8g2_lib/u8x8_message.c ****   {
 109:u8g2_lib/u8x8_message.c ****     y = u8x8_GetRows(u8x8);
 306              		.loc 1 109 5 is_stmt 1 view .LVU87
 307              	.LVL40:
 110:u8g2_lib/u8x8_message.c ****     y -= height;
 308              		.loc 1 110 5 view .LVU88
 309              		.loc 1 110 7 is_stmt 0 view .LVU89
 310 003c 361B     		subs	r6, r6, r4
 311              	.LVL41:
 111:u8g2_lib/u8x8_message.c ****     y /= 2;
 312              		.loc 1 111 5 is_stmt 1 view .LVU90
 313              		.loc 1 111 7 is_stmt 0 view .LVU91
 314 003e C6F34606 		ubfx	r6, r6, #1, #7
 315              	.LVL42:
 316              	.L17:
 112:u8g2_lib/u8x8_message.c ****   }
 113:u8g2_lib/u8x8_message.c **** 
 114:u8g2_lib/u8x8_message.c ****   /* draw message box */
 115:u8g2_lib/u8x8_message.c ****   
 116:u8g2_lib/u8x8_message.c ****   u8x8_ClearDisplay(u8x8);   /* required, because not everything is filled */
 317              		.loc 1 116 3 is_stmt 1 view .LVU92
 318 0042 2846     		mov	r0, r5
 319 0044 FFF7FEFF 		bl	u8x8_ClearDisplay
 320              	.LVL43:
 117:u8g2_lib/u8x8_message.c ****   
 118:u8g2_lib/u8x8_message.c ****   y += u8x8_DrawUTF8Lines(u8x8, 0, y, u8x8_GetCols(u8x8), title1);
 321              		.loc 1 118 3 view .LVU93
 322              		.loc 1 118 39 is_stmt 0 view .LVU94
 323 0048 2B68     		ldr	r3, [r5]
 324              		.loc 1 118 8 view .LVU95
 325 004a 1B7C     		ldrb	r3, [r3, #16]	@ zero_extendqisi2
 326 004c CDF800A0 		str	r10, [sp]
 327 0050 3246     		mov	r2, r6
ARM GAS  C:\Users\GKQ\AppData\Local\Temp\cc3ub0Rb.s 			page 9


 328 0052 0021     		movs	r1, #0
 329 0054 2846     		mov	r0, r5
 330 0056 FFF7FEFF 		bl	u8x8_DrawUTF8Lines
 331              	.LVL44:
 332              		.loc 1 118 5 view .LVU96
 333 005a 0644     		add	r6, r6, r0
 334              	.LVL45:
 335              		.loc 1 118 5 view .LVU97
 336 005c F6B2     		uxtb	r6, r6
 337              	.LVL46:
 119:u8g2_lib/u8x8_message.c ****   if ( title2 != NULL )
 338              		.loc 1 119 3 is_stmt 1 view .LVU98
 339              		.loc 1 119 6 is_stmt 0 view .LVU99
 340 005e B8F1000F 		cmp	r8, #0
 341 0062 0AD0     		beq	.L18
 120:u8g2_lib/u8x8_message.c ****   {
 121:u8g2_lib/u8x8_message.c ****     u8x8_DrawUTF8Line(u8x8, 0, y, u8x8_GetCols(u8x8), title2);
 342              		.loc 1 121 5 is_stmt 1 view .LVU100
 343              		.loc 1 121 35 is_stmt 0 view .LVU101
 344 0064 2B68     		ldr	r3, [r5]
 345              		.loc 1 121 5 view .LVU102
 346 0066 1B7C     		ldrb	r3, [r3, #16]	@ zero_extendqisi2
 347 0068 CDF80080 		str	r8, [sp]
 348 006c 3246     		mov	r2, r6
 349 006e 0021     		movs	r1, #0
 350 0070 2846     		mov	r0, r5
 351 0072 FFF7FEFF 		bl	u8x8_DrawUTF8Line
 352              	.LVL47:
 122:u8g2_lib/u8x8_message.c ****     y++;
 353              		.loc 1 122 5 is_stmt 1 view .LVU103
 354              		.loc 1 122 6 is_stmt 0 view .LVU104
 355 0076 0136     		adds	r6, r6, #1
 356              	.LVL48:
 357              		.loc 1 122 6 view .LVU105
 358 0078 F6B2     		uxtb	r6, r6
 359              	.LVL49:
 360              	.L18:
 123:u8g2_lib/u8x8_message.c ****   }
 124:u8g2_lib/u8x8_message.c ****   y += u8x8_DrawUTF8Lines(u8x8, 0, y, u8x8_GetCols(u8x8), title3);
 361              		.loc 1 124 3 is_stmt 1 view .LVU106
 362              		.loc 1 124 39 is_stmt 0 view .LVU107
 363 007a 2B68     		ldr	r3, [r5]
 364              		.loc 1 124 8 view .LVU108
 365 007c 1B7C     		ldrb	r3, [r3, #16]	@ zero_extendqisi2
 366 007e CDF80090 		str	r9, [sp]
 367 0082 3246     		mov	r2, r6
 368 0084 0021     		movs	r1, #0
 369 0086 2846     		mov	r0, r5
 370 0088 FFF7FEFF 		bl	u8x8_DrawUTF8Lines
 371              	.LVL50:
 372              		.loc 1 124 5 view .LVU109
 373 008c 0644     		add	r6, r6, r0
 374              	.LVL51:
 375              		.loc 1 124 5 view .LVU110
 376 008e F6B2     		uxtb	r6, r6
 377              	.LVL52:
 125:u8g2_lib/u8x8_message.c **** 
ARM GAS  C:\Users\GKQ\AppData\Local\Temp\cc3ub0Rb.s 			page 10


 126:u8g2_lib/u8x8_message.c ****   button_cnt = u8x8_draw_button_line(u8x8, y, u8x8_GetCols(u8x8), cursor, buttons);
 378              		.loc 1 126 3 is_stmt 1 view .LVU111
 379              		.loc 1 126 47 is_stmt 0 view .LVU112
 380 0090 2B68     		ldr	r3, [r5]
 381              		.loc 1 126 16 view .LVU113
 382 0092 1A7C     		ldrb	r2, [r3, #16]	@ zero_extendqisi2
 383 0094 0097     		str	r7, [sp]
 384 0096 0023     		movs	r3, #0
 385 0098 3146     		mov	r1, r6
 386 009a 2846     		mov	r0, r5
 387 009c FFF7FEFF 		bl	u8x8_draw_button_line
 388              	.LVL53:
 389 00a0 8046     		mov	r8, r0
 390              	.LVL54:
  92:u8g2_lib/u8x8_message.c ****   uint8_t button_cnt;
 391              		.loc 1 92 11 view .LVU114
 392 00a2 0024     		movs	r4, #0
 393              	.LVL55:
  92:u8g2_lib/u8x8_message.c ****   uint8_t button_cnt;
 394              		.loc 1 92 11 view .LVU115
 395 00a4 13E0     		b	.L19
 396              	.LVL56:
 397              	.L28:
 106:u8g2_lib/u8x8_message.c ****   if ( height < u8x8_GetRows(u8x8)  )
 398              		.loc 1 106 5 view .LVU116
 399 00a6 0026     		movs	r6, #0
 400 00a8 CBE7     		b	.L17
 401              	.LVL57:
 402              	.L33:
 127:u8g2_lib/u8x8_message.c ****   
 128:u8g2_lib/u8x8_message.c ****   for(;;)
 129:u8g2_lib/u8x8_message.c ****   {
 130:u8g2_lib/u8x8_message.c ****     event = u8x8_GetMenuEvent(u8x8);
 131:u8g2_lib/u8x8_message.c ****     if ( event == U8X8_MSG_GPIO_MENU_SELECT )
 132:u8g2_lib/u8x8_message.c ****       return cursor+1;
 403              		.loc 1 132 7 is_stmt 1 view .LVU117
 404              		.loc 1 132 20 is_stmt 0 view .LVU118
 405 00aa 601C     		adds	r0, r4, #1
 406              	.LVL58:
 407              		.loc 1 132 20 view .LVU119
 408 00ac C0B2     		uxtb	r0, r0
 409              	.L21:
 133:u8g2_lib/u8x8_message.c ****     else if ( event == U8X8_MSG_GPIO_MENU_HOME )
 134:u8g2_lib/u8x8_message.c ****       break;
 135:u8g2_lib/u8x8_message.c ****     else if ( event == U8X8_MSG_GPIO_MENU_NEXT || event == U8X8_MSG_GPIO_MENU_UP )
 136:u8g2_lib/u8x8_message.c ****     {
 137:u8g2_lib/u8x8_message.c ****       cursor++;
 138:u8g2_lib/u8x8_message.c ****       if ( cursor >= button_cnt )
 139:u8g2_lib/u8x8_message.c **** 	cursor = 0;
 140:u8g2_lib/u8x8_message.c ****       u8x8_draw_button_line(u8x8, y, u8x8_GetCols(u8x8), cursor, buttons);
 141:u8g2_lib/u8x8_message.c ****     }
 142:u8g2_lib/u8x8_message.c ****     else if ( event == U8X8_MSG_GPIO_MENU_PREV || event == U8X8_MSG_GPIO_MENU_DOWN  )
 143:u8g2_lib/u8x8_message.c ****     {
 144:u8g2_lib/u8x8_message.c ****       if ( cursor == 0 )
 145:u8g2_lib/u8x8_message.c **** 	cursor = button_cnt;
 146:u8g2_lib/u8x8_message.c ****       cursor--;
 147:u8g2_lib/u8x8_message.c ****       u8x8_draw_button_line(u8x8, y, u8x8_GetCols(u8x8), cursor, buttons);
ARM GAS  C:\Users\GKQ\AppData\Local\Temp\cc3ub0Rb.s 			page 11


 148:u8g2_lib/u8x8_message.c ****     }    
 149:u8g2_lib/u8x8_message.c ****   }  
 150:u8g2_lib/u8x8_message.c ****   return 0;
 151:u8g2_lib/u8x8_message.c **** }
 410              		.loc 1 151 1 view .LVU120
 411 00ae 02B0     		add	sp, sp, #8
 412              	.LCFI3:
 413              		.cfi_remember_state
 414              		.cfi_def_cfa_offset 32
 415              		@ sp needed
 416 00b0 BDE8F087 		pop	{r4, r5, r6, r7, r8, r9, r10, pc}
 417              	.LVL59:
 418              	.L22:
 419              	.LCFI4:
 420              		.cfi_restore_state
 137:u8g2_lib/u8x8_message.c ****       if ( cursor >= button_cnt )
 421              		.loc 1 137 7 is_stmt 1 view .LVU121
 137:u8g2_lib/u8x8_message.c ****       if ( cursor >= button_cnt )
 422              		.loc 1 137 13 is_stmt 0 view .LVU122
 423 00b4 0134     		adds	r4, r4, #1
 424              	.LVL60:
 137:u8g2_lib/u8x8_message.c ****       if ( cursor >= button_cnt )
 425              		.loc 1 137 13 view .LVU123
 426 00b6 E4B2     		uxtb	r4, r4
 427              	.LVL61:
 138:u8g2_lib/u8x8_message.c **** 	cursor = 0;
 428              		.loc 1 138 7 is_stmt 1 view .LVU124
 138:u8g2_lib/u8x8_message.c **** 	cursor = 0;
 429              		.loc 1 138 10 is_stmt 0 view .LVU125
 430 00b8 A045     		cmp	r8, r4
 431 00ba 00D8     		bhi	.L24
 139:u8g2_lib/u8x8_message.c ****       u8x8_draw_button_line(u8x8, y, u8x8_GetCols(u8x8), cursor, buttons);
 432              		.loc 1 139 9 view .LVU126
 433 00bc 0024     		movs	r4, #0
 434              	.LVL62:
 435              	.L24:
 140:u8g2_lib/u8x8_message.c ****     }
 436              		.loc 1 140 7 is_stmt 1 view .LVU127
 140:u8g2_lib/u8x8_message.c ****     }
 437              		.loc 1 140 38 is_stmt 0 view .LVU128
 438 00be 2B68     		ldr	r3, [r5]
 140:u8g2_lib/u8x8_message.c ****     }
 439              		.loc 1 140 7 view .LVU129
 440 00c0 1A7C     		ldrb	r2, [r3, #16]	@ zero_extendqisi2
 441 00c2 0097     		str	r7, [sp]
 442 00c4 2346     		mov	r3, r4
 443 00c6 3146     		mov	r1, r6
 444 00c8 2846     		mov	r0, r5
 445              	.LVL63:
 140:u8g2_lib/u8x8_message.c ****     }
 446              		.loc 1 140 7 view .LVU130
 447 00ca FFF7FEFF 		bl	u8x8_draw_button_line
 448              	.LVL64:
 449              	.L19:
 128:u8g2_lib/u8x8_message.c ****   {
 450              		.loc 1 128 3 is_stmt 1 view .LVU131
 130:u8g2_lib/u8x8_message.c ****     if ( event == U8X8_MSG_GPIO_MENU_SELECT )
ARM GAS  C:\Users\GKQ\AppData\Local\Temp\cc3ub0Rb.s 			page 12


 451              		.loc 1 130 5 view .LVU132
 130:u8g2_lib/u8x8_message.c ****     if ( event == U8X8_MSG_GPIO_MENU_SELECT )
 452              		.loc 1 130 13 is_stmt 0 view .LVU133
 453 00ce 2846     		mov	r0, r5
 454 00d0 FFF7FEFF 		bl	u8x8_GetMenuEvent
 455              	.LVL65:
 131:u8g2_lib/u8x8_message.c ****       return cursor+1;
 456              		.loc 1 131 5 is_stmt 1 view .LVU134
 131:u8g2_lib/u8x8_message.c ****       return cursor+1;
 457              		.loc 1 131 8 is_stmt 0 view .LVU135
 458 00d4 5028     		cmp	r0, #80
 459 00d6 E8D0     		beq	.L33
 133:u8g2_lib/u8x8_message.c ****       break;
 460              		.loc 1 133 10 is_stmt 1 view .LVU136
 133:u8g2_lib/u8x8_message.c ****       break;
 461              		.loc 1 133 13 is_stmt 0 view .LVU137
 462 00d8 5328     		cmp	r0, #83
 463 00da 14D0     		beq	.L29
 135:u8g2_lib/u8x8_message.c ****     {
 464              		.loc 1 135 10 is_stmt 1 view .LVU138
 135:u8g2_lib/u8x8_message.c ****     {
 465              		.loc 1 135 13 is_stmt 0 view .LVU139
 466 00dc 5128     		cmp	r0, #81
 467 00de E9D0     		beq	.L22
 135:u8g2_lib/u8x8_message.c ****     {
 468              		.loc 1 135 48 discriminator 1 view .LVU140
 469 00e0 5428     		cmp	r0, #84
 470 00e2 E7D0     		beq	.L22
 142:u8g2_lib/u8x8_message.c ****     {
 471              		.loc 1 142 10 is_stmt 1 view .LVU141
 142:u8g2_lib/u8x8_message.c ****     {
 472              		.loc 1 142 13 is_stmt 0 view .LVU142
 473 00e4 5228     		cmp	r0, #82
 474 00e6 01D0     		beq	.L26
 142:u8g2_lib/u8x8_message.c ****     {
 475              		.loc 1 142 48 discriminator 1 view .LVU143
 476 00e8 5528     		cmp	r0, #85
 477 00ea F0D1     		bne	.L19
 478              	.L26:
 144:u8g2_lib/u8x8_message.c **** 	cursor = button_cnt;
 479              		.loc 1 144 7 is_stmt 1 view .LVU144
 144:u8g2_lib/u8x8_message.c **** 	cursor = button_cnt;
 480              		.loc 1 144 10 is_stmt 0 view .LVU145
 481 00ec 04B9     		cbnz	r4, .L27
 145:u8g2_lib/u8x8_message.c ****       cursor--;
 482              		.loc 1 145 9 view .LVU146
 483 00ee 4446     		mov	r4, r8
 484              	.LVL66:
 485              	.L27:
 146:u8g2_lib/u8x8_message.c ****       u8x8_draw_button_line(u8x8, y, u8x8_GetCols(u8x8), cursor, buttons);
 486              		.loc 1 146 7 is_stmt 1 view .LVU147
 146:u8g2_lib/u8x8_message.c ****       u8x8_draw_button_line(u8x8, y, u8x8_GetCols(u8x8), cursor, buttons);
 487              		.loc 1 146 13 is_stmt 0 view .LVU148
 488 00f0 013C     		subs	r4, r4, #1
 489              	.LVL67:
 146:u8g2_lib/u8x8_message.c ****       u8x8_draw_button_line(u8x8, y, u8x8_GetCols(u8x8), cursor, buttons);
 490              		.loc 1 146 13 view .LVU149
ARM GAS  C:\Users\GKQ\AppData\Local\Temp\cc3ub0Rb.s 			page 13


 491 00f2 E4B2     		uxtb	r4, r4
 492              	.LVL68:
 147:u8g2_lib/u8x8_message.c ****     }    
 493              		.loc 1 147 7 is_stmt 1 view .LVU150
 147:u8g2_lib/u8x8_message.c ****     }    
 494              		.loc 1 147 38 is_stmt 0 view .LVU151
 495 00f4 2B68     		ldr	r3, [r5]
 147:u8g2_lib/u8x8_message.c ****     }    
 496              		.loc 1 147 7 view .LVU152
 497 00f6 1A7C     		ldrb	r2, [r3, #16]	@ zero_extendqisi2
 498 00f8 0097     		str	r7, [sp]
 499 00fa 2346     		mov	r3, r4
 500 00fc 3146     		mov	r1, r6
 501 00fe 2846     		mov	r0, r5
 502              	.LVL69:
 147:u8g2_lib/u8x8_message.c ****     }    
 503              		.loc 1 147 7 view .LVU153
 504 0100 FFF7FEFF 		bl	u8x8_draw_button_line
 505              	.LVL70:
 506 0104 E3E7     		b	.L19
 507              	.LVL71:
 508              	.L29:
 150:u8g2_lib/u8x8_message.c **** }
 509              		.loc 1 150 10 view .LVU154
 510 0106 0020     		movs	r0, #0
 511              	.LVL72:
 150:u8g2_lib/u8x8_message.c **** }
 512              		.loc 1 150 10 view .LVU155
 513 0108 D1E7     		b	.L21
 514              		.cfi_endproc
 515              	.LFE1:
 517              		.text
 518              	.Letext0:
 519              		.file 2 "d:\\work_project\\9 2019-q4-major\\arm-none-eabi\\include\\machine\\_default_types.h"
 520              		.file 3 "d:\\work_project\\9 2019-q4-major\\arm-none-eabi\\include\\sys\\_stdint.h"
 521              		.file 4 "u8g2_lib/u8x8.h"
ARM GAS  C:\Users\GKQ\AppData\Local\Temp\cc3ub0Rb.s 			page 14


DEFINED SYMBOLS
                            *ABS*:00000000 u8x8_message.c
C:\Users\GKQ\AppData\Local\Temp\cc3ub0Rb.s:16     .rodata.u8x8_draw_button_line.str1.4:00000000 $d
C:\Users\GKQ\AppData\Local\Temp\cc3ub0Rb.s:20     .text.u8x8_draw_button_line:00000000 $t
C:\Users\GKQ\AppData\Local\Temp\cc3ub0Rb.s:28     .text.u8x8_draw_button_line:00000000 u8x8_draw_button_line
C:\Users\GKQ\AppData\Local\Temp\cc3ub0Rb.s:214    .text.u8x8_draw_button_line:000000a8 $d
C:\Users\GKQ\AppData\Local\Temp\cc3ub0Rb.s:219    .text.u8x8_UserInterfaceMessage:00000000 $t
C:\Users\GKQ\AppData\Local\Temp\cc3ub0Rb.s:226    .text.u8x8_UserInterfaceMessage:00000000 u8x8_UserInterfaceMessage

UNDEFINED SYMBOLS
u8x8_GetStringLineCnt
u8x8_GetStringLineStart
u8x8_GetUTF8Len
u8x8_DrawUTF8
u8x8_ClearDisplay
u8x8_DrawUTF8Lines
u8x8_DrawUTF8Line
u8x8_GetMenuEvent
